<?xml version="1.0" encoding="UTF-8"?>
<robot generator="Robot 3.0.4 (Python 3.7.0 on win32)" generated="20180731 18:44:11.982">
<suite id="s1" name="Test" source="C:\Users\N~M~S\PyCharm Projects\mlf\Tests\test.robot">
<test id="s1-t1" name="tfvtfytu">
<kw name="Open Browser" library="SeleniumLibrary">
<doc>Opens a new browser instance to the given ``url``.</doc>
<arguments>
<arg>https://www.youtube.com/</arg>
<arg>gc</arg>
</arguments>
<msg timestamp="20180731 18:44:12.669" level="INFO">Opening browser 'gc' to base url 'https://www.youtube.com/'.</msg>
<status status="PASS" starttime="20180731 18:44:12.669" endtime="20180731 18:44:47.063"></status>
</kw>
<status status="PASS" starttime="20180731 18:44:12.668" endtime="20180731 18:44:47.063" critical="yes"></status>
</test>
<status status="PASS" starttime="20180731 18:44:11.984" endtime="20180731 18:44:47.076"></status>
</suite>
<statistics>
<total>
<stat pass="1" fail="0">Critical Tests</stat>
<stat pass="1" fail="0">All Tests</stat>
</total>
<tag>
</tag>
<suite>
<stat pass="1" fail="0" id="s1" name="Test">Test</stat>
</suite>
</statistics>
<errors>
</errors>
</robot>
