<?xml version="1.0" encoding="UTF-8"?>
<robot generator="Robot 3.0.4 (Python 3.7.0 on win32)" generated="20180730 18:07:44.993">
<suite id="s1" name="Test" source="C:\Users\N~M~S\PyCharm Projects\mlf\Tests\test.robot">
<test id="s1-t1" name="Buy Back Items">
<kw name="Begin Test" library="common" type="setup">
<kw name="Open Browser" library="SeleniumLibrary">
<doc>Opens a new browser instance to the given ``url``.</doc>
<arguments>
<arg>${Url}</arg>
<arg>${Browser}</arg>
</arguments>
<msg timestamp="20180730 18:07:45.178" level="INFO">Opening browser 'gc' to base url 'http://localhost/mlf/'.</msg>
<status status="PASS" starttime="20180730 18:07:45.177" endtime="20180730 18:07:48.773"></status>
</kw>
<kw name="Sleep" library="BuiltIn">
<doc>Pauses the test executed for the given time.</doc>
<arguments>
<arg>3s</arg>
</arguments>
<msg timestamp="20180730 18:07:51.776" level="INFO">Slept 3 seconds</msg>
<status status="PASS" starttime="20180730 18:07:48.773" endtime="20180730 18:07:51.776"></status>
</kw>
<kw name="Wait Until Page Contains Element" library="SeleniumLibrary">
<doc>Waits until element ``locator`` appears on current page.</doc>
<arguments>
<arg>//*[@id="homebody"]/div[2]/div/form/div[3]/button</arg>
</arguments>
<status status="PASS" starttime="20180730 18:07:51.777" endtime="20180730 18:07:51.797"></status>
</kw>
<kw name="Maximize Browser Window" library="SeleniumLibrary">
<doc>Maximizes current browser window.</doc>
<status status="PASS" starttime="20180730 18:07:51.797" endtime="20180730 18:07:52.915"></status>
</kw>
<status status="PASS" starttime="20180730 18:07:45.177" endtime="20180730 18:07:52.915"></status>
</kw>
<kw name="valid username and password" library="login">
<kw name="Input Text" library="SeleniumLibrary">
<doc>Types the given ``text`` into text field identified by ``locator``.</doc>
<arguments>
<arg>xpath=//*[@id="homebody"]/div[2]/div/form/div[1]/div/input</arg>
<arg>mlfadmin</arg>
</arguments>
<msg timestamp="20180730 18:07:52.916" level="INFO">Typing text 'mlfadmin' into text field 'xpath=//*[@id="homebody"]/div[2]/div/form/div[1]/div/input'.</msg>
<status status="PASS" starttime="20180730 18:07:52.916" endtime="20180730 18:07:53.046"></status>
</kw>
<kw name="Input Text" library="SeleniumLibrary">
<doc>Types the given ``text`` into text field identified by ``locator``.</doc>
<arguments>
<arg>xpath=//*[@id="homebody"]/div[2]/div/form/div[2]/div/input</arg>
<arg>mlf@123</arg>
</arguments>
<msg timestamp="20180730 18:07:53.049" level="INFO">Typing text 'mlf@123' into text field 'xpath=//*[@id="homebody"]/div[2]/div/form/div[2]/div/input'.</msg>
<status status="PASS" starttime="20180730 18:07:53.047" endtime="20180730 18:07:53.136"></status>
</kw>
<kw name="Click Element" library="SeleniumLibrary">
<doc>Click element identified by ``locator``.</doc>
<arguments>
<arg>xpath=//*[@id="homebody"]/div[2]/div/form/div[3]/button</arg>
</arguments>
<msg timestamp="20180730 18:07:53.137" level="INFO">Clicking element 'xpath=//*[@id="homebody"]/div[2]/div/form/div[3]/button'.</msg>
<status status="PASS" starttime="20180730 18:07:53.137" endtime="20180730 18:07:56.922"></status>
</kw>
<kw name="Sleep" library="BuiltIn">
<doc>Pauses the test executed for the given time.</doc>
<arguments>
<arg>9s</arg>
</arguments>
<msg timestamp="20180730 18:08:05.925" level="INFO">Slept 9 seconds</msg>
<status status="PASS" starttime="20180730 18:07:56.923" endtime="20180730 18:08:05.925"></status>
</kw>
<kw name="Wait Until Page Contains" library="SeleniumLibrary">
<doc>Waits until ``text`` appears on current page.</doc>
<arguments>
<arg>Hello, mlfadmin</arg>
</arguments>
<status status="PASS" starttime="20180730 18:08:05.925" endtime="20180730 18:08:05.941"></status>
</kw>
<status status="PASS" starttime="20180730 18:07:52.915" endtime="20180730 18:08:05.941"></status>
</kw>
<kw name="click buybackitems" library="buyback">
<kw name="Click Element" library="SeleniumLibrary">
<doc>Click element identified by ``locator``.</doc>
<arguments>
<arg>xpath=//*[@id="link4"]</arg>
</arguments>
<msg timestamp="20180730 18:08:05.942" level="INFO">Clicking element 'xpath=//*[@id="link4"]'.</msg>
<status status="PASS" starttime="20180730 18:08:05.942" endtime="20180730 18:08:05.993"></status>
</kw>
<kw name="Wait Until Page Contains Element" library="SeleniumLibrary">
<doc>Waits until element ``locator`` appears on current page.</doc>
<arguments>
<arg>name=exchange</arg>
</arguments>
<status status="PASS" starttime="20180730 18:08:05.993" endtime="20180730 18:08:06.032"></status>
</kw>
<status status="PASS" starttime="20180730 18:08:05.941" endtime="20180730 18:08:06.032"></status>
</kw>
<kw name="Clicking Button Purchase" library="buyback">
<kw name="Click Element" library="SeleniumLibrary">
<doc>Click element identified by ``locator``.</doc>
<arguments>
<arg>xpath=//*[@id="subcontent"]/div[2]/div/form/div[1]/div[1]/div[1]/label/span</arg>
</arguments>
<msg timestamp="20180730 18:08:06.033" level="INFO">Clicking element 'xpath=//*[@id="subcontent"]/div[2]/div/form/div[1]/div[1]/div[1]/label/span'.</msg>
<status status="PASS" starttime="20180730 18:08:06.033" endtime="20180730 18:08:06.115"></status>
</kw>
<kw name="Sleep" library="BuiltIn">
<doc>Pauses the test executed for the given time.</doc>
<arguments>
<arg>4s</arg>
</arguments>
<msg timestamp="20180730 18:08:10.116" level="INFO">Slept 4 seconds</msg>
<status status="PASS" starttime="20180730 18:08:06.115" endtime="20180730 18:08:10.116"></status>
</kw>
<status status="PASS" starttime="20180730 18:08:06.033" endtime="20180730 18:08:10.116"></status>
</kw>
<kw name="Giving the Customet id wrong P" library="buyback">
<kw name="Input Text" library="SeleniumLibrary">
<doc>Types the given ``text`` into text field identified by ``locator``.</doc>
<arguments>
<arg>xpath=//*[@id="inputFirstName"]</arg>
<arg>14khhh2</arg>
</arguments>
<msg timestamp="20180730 18:08:10.117" level="INFO">Typing text '14khhh2' into text field 'xpath=//*[@id="inputFirstName"]'.</msg>
<status status="PASS" starttime="20180730 18:08:10.116" endtime="20180730 18:08:10.195"></status>
</kw>
<kw name="Click Button" library="SeleniumLibrary">
<doc>Clicks button identified by ``locator``.</doc>
<arguments>
<arg>xpath=//*[@id="subcontent"]/div[2]/div/form/div[9]/button</arg>
</arguments>
<msg timestamp="20180730 18:08:10.196" level="INFO">Clicking button 'xpath=//*[@id="subcontent"]/div[2]/div/form/div[9]/button'.</msg>
<status status="PASS" starttime="20180730 18:08:10.196" endtime="20180730 18:08:10.273"></status>
</kw>
<kw name="Alert Should Be Present" library="SeleniumLibrary">
<doc>Verifies that an alert is present and, by default, accepts it.</doc>
<arguments>
<arg>INVALID CUSTOMER ID.</arg>
</arguments>
<status status="PASS" starttime="20180730 18:08:10.273" endtime="20180730 18:08:10.276"></status>
</kw>
<status status="PASS" starttime="20180730 18:08:10.116" endtime="20180730 18:08:10.277"></status>
</kw>
<kw name="Giving the Customet id Right P" library="buyback">
<kw name="Input Text" library="SeleniumLibrary">
<doc>Types the given ``text`` into text field identified by ``locator``.</doc>
<arguments>
<arg>xpath=//*[@id="inputFirstName"]</arg>
<arg>${CUstomer Id}</arg>
</arguments>
<msg timestamp="20180730 18:08:10.279" level="INFO">Typing text '0123456789' into text field 'xpath=//*[@id="inputFirstName"]'.</msg>
<status status="PASS" starttime="20180730 18:08:10.278" endtime="20180730 18:08:10.352"></status>
</kw>
<kw name="Focus" library="SeleniumLibrary">
<doc>Deprecated. Use `Set Focus To Element` instead.</doc>
<arguments>
<arg>xpath=//*[@id="subcontent"]/div[2]/div/form/div[4]/div[2]/div[1]/label/span</arg>
</arguments>
<status status="PASS" starttime="20180730 18:08:10.352" endtime="20180730 18:08:10.370"></status>
</kw>
<kw name="Click Button" library="SeleniumLibrary">
<doc>Clicks button identified by ``locator``.</doc>
<arguments>
<arg>xpath=//*[@id="subcontent"]/div[2]/div/form/div[9]/button</arg>
</arguments>
<msg timestamp="20180730 18:08:10.370" level="INFO">Clicking button 'xpath=//*[@id="subcontent"]/div[2]/div/form/div[9]/button'.</msg>
<status status="PASS" starttime="20180730 18:08:10.370" endtime="20180730 18:08:10.419"></status>
</kw>
<kw name="Alert Should Be Present" library="SeleniumLibrary">
<doc>Verifies that an alert is present and, by default, accepts it.</doc>
<status status="PASS" starttime="20180730 18:08:10.420" endtime="20180730 18:08:10.422"></status>
</kw>
<status status="PASS" starttime="20180730 18:08:10.278" endtime="20180730 18:08:10.422"></status>
</kw>
<kw name="Clicking The Button Working p" library="buyback">
<kw name="Input Text" library="SeleniumLibrary">
<doc>Types the given ``text`` into text field identified by ``locator``.</doc>
<arguments>
<arg>xpath=//*[@id="inputFirstName"]</arg>
<arg>${CUstomer Id}</arg>
</arguments>
<msg timestamp="20180730 18:08:10.423" level="INFO">Typing text '0123456789' into text field 'xpath=//*[@id="inputFirstName"]'.</msg>
<status status="PASS" starttime="20180730 18:08:10.423" endtime="20180730 18:08:10.505"></status>
</kw>
<kw name="Click Element" library="SeleniumLibrary">
<doc>Click element identified by ``locator``.</doc>
<arguments>
<arg>xpath=//*[@id="subcontent"]/div[2]/div/form/div[4]/div[2]/div[1]/label/span</arg>
</arguments>
<msg timestamp="20180730 18:08:10.505" level="INFO">Clicking element 'xpath=//*[@id="subcontent"]/div[2]/div/form/div[4]/div[2]/div[1]/label/span'.</msg>
<status status="PASS" starttime="20180730 18:08:10.505" endtime="20180730 18:08:10.570"></status>
</kw>
<kw name="Click Button" library="SeleniumLibrary">
<doc>Clicks button identified by ``locator``.</doc>
<arguments>
<arg>xpath=//*[@id="subcontent"]/div[2]/div/form/div[9]/button</arg>
</arguments>
<msg timestamp="20180730 18:08:10.571" level="INFO">Clicking button 'xpath=//*[@id="subcontent"]/div[2]/div/form/div[9]/button'.</msg>
<status status="PASS" starttime="20180730 18:08:10.571" endtime="20180730 18:08:10.646"></status>
</kw>
<kw name="Alert Should Be Present" library="SeleniumLibrary">
<doc>Verifies that an alert is present and, by default, accepts it.</doc>
<arguments>
<arg>PLEASE ENTER THE ITEM MODEL.</arg>
</arguments>
<status status="PASS" starttime="20180730 18:08:10.647" endtime="20180730 18:08:10.652"></status>
</kw>
<status status="PASS" starttime="20180730 18:08:10.423" endtime="20180730 18:08:10.652"></status>
</kw>
<kw name="Giving The type Rf p" library="buyback">
<kw name="Input Text" library="SeleniumLibrary">
<doc>Types the given ``text`` into text field identified by ``locator``.</doc>
<arguments>
<arg>xpath=//*[@id="inputFirstName"]</arg>
<arg>${CUstomer Id}</arg>
</arguments>
<msg timestamp="20180730 18:08:10.654" level="INFO">Typing text '0123456789' into text field 'xpath=//*[@id="inputFirstName"]'.</msg>
<status status="PASS" starttime="20180730 18:08:10.654" endtime="20180730 18:08:10.721"></status>
</kw>
<kw name="Click Element" library="SeleniumLibrary">
<doc>Click element identified by ``locator``.</doc>
<arguments>
<arg>xpath=//*[@id="subcontent"]/div[2]/div/form/div[4]/div[2]/div[1]/label/span</arg>
</arguments>
<msg timestamp="20180730 18:08:10.721" level="INFO">Clicking element 'xpath=//*[@id="subcontent"]/div[2]/div/form/div[4]/div[2]/div[1]/label/span'.</msg>
<status status="PASS" starttime="20180730 18:08:10.721" endtime="20180730 18:08:10.753"></status>
</kw>
<kw name="Focus" library="SeleniumLibrary">
<doc>Deprecated. Use `Set Focus To Element` instead.</doc>
<arguments>
<arg>xpath=//*[@id="subcontent"]/div[2]/div/form/div[4]/div[2]/div[1]/label/span</arg>
</arguments>
<status status="PASS" starttime="20180730 18:08:10.753" endtime="20180730 18:08:10.774"></status>
</kw>
<kw name="Select From List By Value" library="SeleniumLibrary">
<doc>Selects options from selection list ``locator`` by ``values``.</doc>
<arguments>
<arg>xpath=//*[@id="subcontent"]/div[2]/div/form/div[5]/div[1]/select</arg>
<arg>RF</arg>
</arguments>
<msg timestamp="20180730 18:08:10.775" level="INFO">Selecting options from selection list 'xpath=//*[@id="subcontent"]/div[2]/div/form/div[5]/div[1]/select' by value RF.</msg>
<status status="PASS" starttime="20180730 18:08:10.775" endtime="20180730 18:08:10.847"></status>
</kw>
<kw name="Click Button" library="SeleniumLibrary">
<doc>Clicks button identified by ``locator``.</doc>
<arguments>
<arg>xpath=//*[@id="subcontent"]/div[2]/div/form/div[9]/button</arg>
</arguments>
<msg timestamp="20180730 18:08:10.847" level="INFO">Clicking button 'xpath=//*[@id="subcontent"]/div[2]/div/form/div[9]/button'.</msg>
<status status="PASS" starttime="20180730 18:08:10.847" endtime="20180730 18:08:10.910"></status>
</kw>
<kw name="Alert Should Be Present" library="SeleniumLibrary">
<doc>Verifies that an alert is present and, by default, accepts it.</doc>
<arguments>
<arg>PLEASE ENTER THE ITEM MODEL.</arg>
</arguments>
<status status="PASS" starttime="20180730 18:08:10.910" endtime="20180730 18:08:10.917"></status>
</kw>
<status status="PASS" starttime="20180730 18:08:10.653" endtime="20180730 18:08:10.917"></status>
</kw>
<kw name="Giving The type Tv p" library="buyback">
<kw name="Input Text" library="SeleniumLibrary">
<doc>Types the given ``text`` into text field identified by ``locator``.</doc>
<arguments>
<arg>xpath=//*[@id="inputFirstName"]</arg>
<arg>${CUstomer Id}</arg>
</arguments>
<msg timestamp="20180730 18:08:10.919" level="INFO">Typing text '0123456789' into text field 'xpath=//*[@id="inputFirstName"]'.</msg>
<status status="PASS" starttime="20180730 18:08:10.918" endtime="20180730 18:08:10.999"></status>
</kw>
<kw name="Click Element" library="SeleniumLibrary">
<doc>Click element identified by ``locator``.</doc>
<arguments>
<arg>xpath=//*[@id="subcontent"]/div[2]/div/form/div[4]/div[2]/div[1]/label/span</arg>
</arguments>
<msg timestamp="20180730 18:08:11.000" level="INFO">Clicking element 'xpath=//*[@id="subcontent"]/div[2]/div/form/div[4]/div[2]/div[1]/label/span'.</msg>
<status status="PASS" starttime="20180730 18:08:11.000" endtime="20180730 18:08:11.039"></status>
</kw>
<kw name="Focus" library="SeleniumLibrary">
<doc>Deprecated. Use `Set Focus To Element` instead.</doc>
<arguments>
<arg>xpath=//*[@id="subcontent"]/div[2]/div/form/div[4]/div[2]/div[1]/label/span</arg>
</arguments>
<status status="PASS" starttime="20180730 18:08:11.039" endtime="20180730 18:08:11.055"></status>
</kw>
<kw name="Select From List By Value" library="SeleniumLibrary">
<doc>Selects options from selection list ``locator`` by ``values``.</doc>
<arguments>
<arg>xpath=//*[@id="subcontent"]/div[2]/div/form/div[5]/div[1]/select</arg>
<arg>TV</arg>
</arguments>
<msg timestamp="20180730 18:08:11.056" level="INFO">Selecting options from selection list 'xpath=//*[@id="subcontent"]/div[2]/div/form/div[5]/div[1]/select' by value TV.</msg>
<status status="PASS" starttime="20180730 18:08:11.055" endtime="20180730 18:08:11.121"></status>
</kw>
<kw name="Click Button" library="SeleniumLibrary">
<doc>Clicks button identified by ``locator``.</doc>
<arguments>
<arg>xpath=//*[@id="subcontent"]/div[2]/div/form/div[9]/button</arg>
</arguments>
<msg timestamp="20180730 18:08:11.122" level="INFO">Clicking button 'xpath=//*[@id="subcontent"]/div[2]/div/form/div[9]/button'.</msg>
<status status="PASS" starttime="20180730 18:08:11.121" endtime="20180730 18:08:11.172"></status>
</kw>
<kw name="Alert Should Be Present" library="SeleniumLibrary">
<doc>Verifies that an alert is present and, by default, accepts it.</doc>
<arguments>
<arg>PLEASE ENTER THE ITEM MODEL.</arg>
</arguments>
<status status="PASS" starttime="20180730 18:08:11.172" endtime="20180730 18:08:11.174"></status>
</kw>
<status status="PASS" starttime="20180730 18:08:10.918" endtime="20180730 18:08:11.174"></status>
</kw>
<kw name="Giving The type Ac p" library="buyback">
<kw name="Input Text" library="SeleniumLibrary">
<doc>Types the given ``text`` into text field identified by ``locator``.</doc>
<arguments>
<arg>xpath=//*[@id="inputFirstName"]</arg>
<arg>${CUstomer Id}</arg>
</arguments>
<msg timestamp="20180730 18:08:11.176" level="INFO">Typing text '0123456789' into text field 'xpath=//*[@id="inputFirstName"]'.</msg>
<status status="PASS" starttime="20180730 18:08:11.175" endtime="20180730 18:08:11.238"></status>
</kw>
<kw name="Click Element" library="SeleniumLibrary">
<doc>Click element identified by ``locator``.</doc>
<arguments>
<arg>xpath=//*[@id="subcontent"]/div[2]/div/form/div[4]/div[2]/div[1]/label/span</arg>
</arguments>
<msg timestamp="20180730 18:08:11.238" level="INFO">Clicking element 'xpath=//*[@id="subcontent"]/div[2]/div/form/div[4]/div[2]/div[1]/label/span'.</msg>
<status status="PASS" starttime="20180730 18:08:11.238" endtime="20180730 18:08:11.270"></status>
</kw>
<kw name="Focus" library="SeleniumLibrary">
<doc>Deprecated. Use `Set Focus To Element` instead.</doc>
<arguments>
<arg>xpath=//*[@id="subcontent"]/div[2]/div/form/div[4]/div[2]/div[1]/label/span</arg>
</arguments>
<status status="PASS" starttime="20180730 18:08:11.270" endtime="20180730 18:08:11.282"></status>
</kw>
<kw name="Select From List By Value" library="SeleniumLibrary">
<doc>Selects options from selection list ``locator`` by ``values``.</doc>
<arguments>
<arg>xpath=//*[@id="subcontent"]/div[2]/div/form/div[5]/div[1]/select</arg>
<arg>AC</arg>
</arguments>
<msg timestamp="20180730 18:08:11.283" level="INFO">Selecting options from selection list 'xpath=//*[@id="subcontent"]/div[2]/div/form/div[5]/div[1]/select' by value AC.</msg>
<status status="PASS" starttime="20180730 18:08:11.283" endtime="20180730 18:08:11.340"></status>
</kw>
<kw name="Click Button" library="SeleniumLibrary">
<doc>Clicks button identified by ``locator``.</doc>
<arguments>
<arg>xpath=//*[@id="subcontent"]/div[2]/div/form/div[9]/button</arg>
</arguments>
<msg timestamp="20180730 18:08:11.340" level="INFO">Clicking button 'xpath=//*[@id="subcontent"]/div[2]/div/form/div[9]/button'.</msg>
<status status="PASS" starttime="20180730 18:08:11.340" endtime="20180730 18:08:11.387"></status>
</kw>
<kw name="Alert Should Be Present" library="SeleniumLibrary">
<doc>Verifies that an alert is present and, by default, accepts it.</doc>
<arguments>
<arg>PLEASE ENTER THE ITEM MODEL.</arg>
</arguments>
<status status="PASS" starttime="20180730 18:08:11.387" endtime="20180730 18:08:11.389"></status>
</kw>
<status status="PASS" starttime="20180730 18:08:11.175" endtime="20180730 18:08:11.389"></status>
</kw>
<kw name="Giving The type Wm p" library="buyback">
<kw name="Input Text" library="SeleniumLibrary">
<doc>Types the given ``text`` into text field identified by ``locator``.</doc>
<arguments>
<arg>xpath=//*[@id="inputFirstName"]</arg>
<arg>${CUstomer Id}</arg>
</arguments>
<msg timestamp="20180730 18:08:11.391" level="INFO">Typing text '0123456789' into text field 'xpath=//*[@id="inputFirstName"]'.</msg>
<status status="PASS" starttime="20180730 18:08:11.390" endtime="20180730 18:08:11.450"></status>
</kw>
<kw name="Click Element" library="SeleniumLibrary">
<doc>Click element identified by ``locator``.</doc>
<arguments>
<arg>xpath=//*[@id="subcontent"]/div[2]/div/form/div[4]/div[2]/div[1]/label/span</arg>
</arguments>
<msg timestamp="20180730 18:08:11.450" level="INFO">Clicking element 'xpath=//*[@id="subcontent"]/div[2]/div/form/div[4]/div[2]/div[1]/label/span'.</msg>
<status status="PASS" starttime="20180730 18:08:11.450" endtime="20180730 18:08:11.495"></status>
</kw>
<kw name="Focus" library="SeleniumLibrary">
<doc>Deprecated. Use `Set Focus To Element` instead.</doc>
<arguments>
<arg>xpath=//*[@id="subcontent"]/div[2]/div/form/div[4]/div[2]/div[1]/label/span</arg>
</arguments>
<status status="PASS" starttime="20180730 18:08:11.496" endtime="20180730 18:08:11.525"></status>
</kw>
<kw name="Select From List By Value" library="SeleniumLibrary">
<doc>Selects options from selection list ``locator`` by ``values``.</doc>
<arguments>
<arg>xpath=//*[@id="subcontent"]/div[2]/div/form/div[5]/div[1]/select</arg>
<arg>WM</arg>
</arguments>
<msg timestamp="20180730 18:08:11.525" level="INFO">Selecting options from selection list 'xpath=//*[@id="subcontent"]/div[2]/div/form/div[5]/div[1]/select' by value WM.</msg>
<status status="PASS" starttime="20180730 18:08:11.525" endtime="20180730 18:08:11.586"></status>
</kw>
<kw name="Click Button" library="SeleniumLibrary">
<doc>Clicks button identified by ``locator``.</doc>
<arguments>
<arg>xpath=//*[@id="subcontent"]/div[2]/div/form/div[9]/button</arg>
</arguments>
<msg timestamp="20180730 18:08:11.586" level="INFO">Clicking button 'xpath=//*[@id="subcontent"]/div[2]/div/form/div[9]/button'.</msg>
<status status="PASS" starttime="20180730 18:08:11.586" endtime="20180730 18:08:11.648"></status>
</kw>
<kw name="Alert Should Be Present" library="SeleniumLibrary">
<doc>Verifies that an alert is present and, by default, accepts it.</doc>
<arguments>
<arg>PLEASE ENTER THE ITEM MODEL.</arg>
</arguments>
<status status="PASS" starttime="20180730 18:08:11.649" endtime="20180730 18:08:11.656"></status>
</kw>
<status status="PASS" starttime="20180730 18:08:11.390" endtime="20180730 18:08:11.657"></status>
</kw>
<kw name="Giving the Model Name p" library="buyback">
<kw name="Input Text" library="SeleniumLibrary">
<doc>Types the given ``text`` into text field identified by ``locator``.</doc>
<arguments>
<arg>xpath=//*[@id="inputFirstName"]</arg>
<arg>${CUstomer Id}</arg>
</arguments>
<msg timestamp="20180730 18:08:11.659" level="INFO">Typing text '0123456789' into text field 'xpath=//*[@id="inputFirstName"]'.</msg>
<status status="PASS" starttime="20180730 18:08:11.658" endtime="20180730 18:08:11.729"></status>
</kw>
<kw name="Click Element" library="SeleniumLibrary">
<doc>Click element identified by ``locator``.</doc>
<arguments>
<arg>xpath=//*[@id="subcontent"]/div[2]/div/form/div[4]/div[2]/div[1]/label/span</arg>
</arguments>
<msg timestamp="20180730 18:08:11.729" level="INFO">Clicking element 'xpath=//*[@id="subcontent"]/div[2]/div/form/div[4]/div[2]/div[1]/label/span'.</msg>
<status status="PASS" starttime="20180730 18:08:11.729" endtime="20180730 18:08:11.771"></status>
</kw>
<kw name="Focus" library="SeleniumLibrary">
<doc>Deprecated. Use `Set Focus To Element` instead.</doc>
<arguments>
<arg>xpath=//*[@id="subcontent"]/div[2]/div/form/div[4]/div[2]/div[1]/label/span</arg>
</arguments>
<status status="PASS" starttime="20180730 18:08:11.771" endtime="20180730 18:08:11.784"></status>
</kw>
<kw name="Select From List By Value" library="SeleniumLibrary">
<doc>Selects options from selection list ``locator`` by ``values``.</doc>
<arguments>
<arg>xpath=//*[@id="subcontent"]/div[2]/div/form/div[5]/div[1]/select</arg>
<arg>WM</arg>
</arguments>
<msg timestamp="20180730 18:08:11.785" level="INFO">Selecting options from selection list 'xpath=//*[@id="subcontent"]/div[2]/div/form/div[5]/div[1]/select' by value WM.</msg>
<status status="PASS" starttime="20180730 18:08:11.784" endtime="20180730 18:08:11.809"></status>
</kw>
<kw name="Input Text" library="SeleniumLibrary">
<doc>Types the given ``text`` into text field identified by ``locator``.</doc>
<arguments>
<arg>name=model_name</arg>
<arg>adfdffd</arg>
</arguments>
<msg timestamp="20180730 18:08:11.809" level="INFO">Typing text 'adfdffd' into text field 'name=model_name'.</msg>
<status status="PASS" starttime="20180730 18:08:11.809" endtime="20180730 18:08:11.879"></status>
</kw>
<kw name="Click Button" library="SeleniumLibrary">
<doc>Clicks button identified by ``locator``.</doc>
<arguments>
<arg>xpath=//*[@id="subcontent"]/div[2]/div/form/div[9]/button</arg>
</arguments>
<msg timestamp="20180730 18:08:11.879" level="INFO">Clicking button 'xpath=//*[@id="subcontent"]/div[2]/div/form/div[9]/button'.</msg>
<status status="PASS" starttime="20180730 18:08:11.879" endtime="20180730 18:08:11.922"></status>
</kw>
<kw name="Alert Should Be Present" library="SeleniumLibrary">
<doc>Verifies that an alert is present and, by default, accepts it.</doc>
<arguments>
<arg>PLEASE ENTER COST OF THE PRODUCT.</arg>
</arguments>
<status status="PASS" starttime="20180730 18:08:11.922" endtime="20180730 18:08:11.925"></status>
</kw>
<status status="PASS" starttime="20180730 18:08:11.657" endtime="20180730 18:08:11.925"></status>
</kw>
<kw name="Giving THE Amount p" library="buyback">
<kw name="Input Text" library="SeleniumLibrary">
<doc>Types the given ``text`` into text field identified by ``locator``.</doc>
<arguments>
<arg>xpath=//*[@id="inputFirstName"]</arg>
<arg>${CUstomer Id}</arg>
</arguments>
<msg timestamp="20180730 18:08:11.926" level="INFO">Typing text '0123456789' into text field 'xpath=//*[@id="inputFirstName"]'.</msg>
<status status="PASS" starttime="20180730 18:08:11.926" endtime="20180730 18:08:12.006"></status>
</kw>
<kw name="Click Element" library="SeleniumLibrary">
<doc>Click element identified by ``locator``.</doc>
<arguments>
<arg>xpath=//*[@id="subcontent"]/div[2]/div/form/div[4]/div[2]/div[1]/label/span</arg>
</arguments>
<msg timestamp="20180730 18:08:12.006" level="INFO">Clicking element 'xpath=//*[@id="subcontent"]/div[2]/div/form/div[4]/div[2]/div[1]/label/span'.</msg>
<status status="PASS" starttime="20180730 18:08:12.006" endtime="20180730 18:08:12.056"></status>
</kw>
<kw name="Focus" library="SeleniumLibrary">
<doc>Deprecated. Use `Set Focus To Element` instead.</doc>
<arguments>
<arg>xpath=//*[@id="subcontent"]/div[2]/div/form/div[4]/div[2]/div[1]/label/span</arg>
</arguments>
<status status="PASS" starttime="20180730 18:08:12.056" endtime="20180730 18:08:12.069"></status>
</kw>
<kw name="Select From List By Value" library="SeleniumLibrary">
<doc>Selects options from selection list ``locator`` by ``values``.</doc>
<arguments>
<arg>xpath=//*[@id="subcontent"]/div[2]/div/form/div[5]/div[1]/select</arg>
<arg>WM</arg>
</arguments>
<msg timestamp="20180730 18:08:12.070" level="INFO">Selecting options from selection list 'xpath=//*[@id="subcontent"]/div[2]/div/form/div[5]/div[1]/select' by value WM.</msg>
<status status="PASS" starttime="20180730 18:08:12.070" endtime="20180730 18:08:12.094"></status>
</kw>
<kw name="Input Text" library="SeleniumLibrary">
<doc>Types the given ``text`` into text field identified by ``locator``.</doc>
<arguments>
<arg>name=model_name</arg>
<arg>adfdffd</arg>
</arguments>
<msg timestamp="20180730 18:08:12.094" level="INFO">Typing text 'adfdffd' into text field 'name=model_name'.</msg>
<status status="PASS" starttime="20180730 18:08:12.094" endtime="20180730 18:08:12.145"></status>
</kw>
<kw name="Input Text" library="SeleniumLibrary">
<doc>Types the given ``text`` into text field identified by ``locator``.</doc>
<arguments>
<arg>xpath=//*[@id="subcontent"]/div[2]/div/form/div[6]/div[2]/input</arg>
<arg>14578</arg>
</arguments>
<msg timestamp="20180730 18:08:12.145" level="INFO">Typing text '14578' into text field 'xpath=//*[@id="subcontent"]/div[2]/div/form/div[6]/div[2]/input'.</msg>
<status status="PASS" starttime="20180730 18:08:12.145" endtime="20180730 18:08:12.212"></status>
</kw>
<kw name="Click Button" library="SeleniumLibrary">
<doc>Clicks button identified by ``locator``.</doc>
<arguments>
<arg>xpath=//*[@id="subcontent"]/div[2]/div/form/div[9]/button</arg>
</arguments>
<msg timestamp="20180730 18:08:12.212" level="INFO">Clicking button 'xpath=//*[@id="subcontent"]/div[2]/div/form/div[9]/button'.</msg>
<status status="PASS" starttime="20180730 18:08:12.212" endtime="20180730 18:08:12.256"></status>
</kw>
<kw name="Alert Should Be Present" library="SeleniumLibrary">
<doc>Verifies that an alert is present and, by default, accepts it.</doc>
<arguments>
<arg>PLEASE DESCRIBE THE PRODUCT CONDITION.</arg>
</arguments>
<status status="PASS" starttime="20180730 18:08:12.256" endtime="20180730 18:08:12.259"></status>
</kw>
<status status="PASS" starttime="20180730 18:08:11.926" endtime="20180730 18:08:12.259"></status>
</kw>
<kw name="Giving THe Remarks p" library="buyback">
<kw name="Input Text" library="SeleniumLibrary">
<doc>Types the given ``text`` into text field identified by ``locator``.</doc>
<arguments>
<arg>xpath=//*[@id="inputFirstName"]</arg>
<arg>${CUstomer Id}</arg>
</arguments>
<msg timestamp="20180730 18:08:12.260" level="INFO">Typing text '0123456789' into text field 'xpath=//*[@id="inputFirstName"]'.</msg>
<status status="PASS" starttime="20180730 18:08:12.260" endtime="20180730 18:08:12.322"></status>
</kw>
<kw name="Click Element" library="SeleniumLibrary">
<doc>Click element identified by ``locator``.</doc>
<arguments>
<arg>xpath=//*[@id="subcontent"]/div[2]/div/form/div[4]/div[2]/div[1]/label/span</arg>
</arguments>
<msg timestamp="20180730 18:08:12.322" level="INFO">Clicking element 'xpath=//*[@id="subcontent"]/div[2]/div/form/div[4]/div[2]/div[1]/label/span'.</msg>
<status status="PASS" starttime="20180730 18:08:12.322" endtime="20180730 18:08:12.355"></status>
</kw>
<kw name="Focus" library="SeleniumLibrary">
<doc>Deprecated. Use `Set Focus To Element` instead.</doc>
<arguments>
<arg>xpath=//*[@id="subcontent"]/div[2]/div/form/div[4]/div[2]/div[1]/label/span</arg>
</arguments>
<status status="PASS" starttime="20180730 18:08:12.355" endtime="20180730 18:08:12.368"></status>
</kw>
<kw name="Select From List By Value" library="SeleniumLibrary">
<doc>Selects options from selection list ``locator`` by ``values``.</doc>
<arguments>
<arg>xpath=//*[@id="subcontent"]/div[2]/div/form/div[5]/div[1]/select</arg>
<arg>WM</arg>
</arguments>
<msg timestamp="20180730 18:08:12.369" level="INFO">Selecting options from selection list 'xpath=//*[@id="subcontent"]/div[2]/div/form/div[5]/div[1]/select' by value WM.</msg>
<status status="PASS" starttime="20180730 18:08:12.368" endtime="20180730 18:08:12.394"></status>
</kw>
<kw name="Input Text" library="SeleniumLibrary">
<doc>Types the given ``text`` into text field identified by ``locator``.</doc>
<arguments>
<arg>name=model_name</arg>
<arg>adfdffd</arg>
</arguments>
<msg timestamp="20180730 18:08:12.394" level="INFO">Typing text 'adfdffd' into text field 'name=model_name'.</msg>
<status status="PASS" starttime="20180730 18:08:12.394" endtime="20180730 18:08:12.441"></status>
</kw>
<kw name="Input Text" library="SeleniumLibrary">
<doc>Types the given ``text`` into text field identified by ``locator``.</doc>
<arguments>
<arg>xpath=//*[@id="subcontent"]/div[2]/div/form/div[6]/div[2]/input</arg>
<arg>14578</arg>
</arguments>
<msg timestamp="20180730 18:08:12.442" level="INFO">Typing text '14578' into text field 'xpath=//*[@id="subcontent"]/div[2]/div/form/div[6]/div[2]/input'.</msg>
<status status="PASS" starttime="20180730 18:08:12.441" endtime="20180730 18:08:12.488"></status>
</kw>
<kw name="Input Text" library="SeleniumLibrary">
<doc>Types the given ``text`` into text field identified by ``locator``.</doc>
<arguments>
<arg>xpath=//*[@id="inputNewPassword"]</arg>
<arg>ok</arg>
</arguments>
<msg timestamp="20180730 18:08:12.488" level="INFO">Typing text 'ok' into text field 'xpath=//*[@id="inputNewPassword"]'.</msg>
<status status="PASS" starttime="20180730 18:08:12.488" endtime="20180730 18:08:12.556"></status>
</kw>
<kw name="Click Button" library="SeleniumLibrary">
<doc>Clicks button identified by ``locator``.</doc>
<arguments>
<arg>xpath=//*[@id="subcontent"]/div[2]/div/form/div[9]/button</arg>
</arguments>
<msg timestamp="20180730 18:08:12.556" level="INFO">Clicking button 'xpath=//*[@id="subcontent"]/div[2]/div/form/div[9]/button'.</msg>
<status status="PASS" starttime="20180730 18:08:12.556" endtime="20180730 18:08:12.832"></status>
</kw>
<kw name="Alert Should Be Present" library="SeleniumLibrary">
<doc>Verifies that an alert is present and, by default, accepts it.</doc>
<arguments>
<arg>PURCHASE COMPLETED.</arg>
</arguments>
<status status="PASS" starttime="20180730 18:08:12.832" endtime="20180730 18:08:13.369"></status>
</kw>
<status status="PASS" starttime="20180730 18:08:12.260" endtime="20180730 18:08:13.369"></status>
</kw>
<kw name="Giving Data For Not Workinf Button p" library="buyback">
<kw name="Input Text" library="SeleniumLibrary">
<doc>Types the given ``text`` into text field identified by ``locator``.</doc>
<arguments>
<arg>xpath=//*[@id="inputFirstName"]</arg>
<arg>${CUstomer Id}</arg>
</arguments>
<msg timestamp="20180730 18:08:13.373" level="INFO">Typing text '0123456789' into text field 'xpath=//*[@id="inputFirstName"]'.</msg>
<status status="PASS" starttime="20180730 18:08:13.372" endtime="20180730 18:08:13.468"></status>
</kw>
<kw name="Click Element" library="SeleniumLibrary">
<doc>Click element identified by ``locator``.</doc>
<arguments>
<arg>//*[@id="subcontent"]/div[2]/div/form/div[4]/div[2]/div[2]/label/span</arg>
</arguments>
<msg timestamp="20180730 18:08:13.469" level="INFO">Clicking element '//*[@id="subcontent"]/div[2]/div/form/div[4]/div[2]/div[2]/label/span'.</msg>
<status status="PASS" starttime="20180730 18:08:13.469" endtime="20180730 18:08:13.525"></status>
</kw>
<kw name="Focus" library="SeleniumLibrary">
<doc>Deprecated. Use `Set Focus To Element` instead.</doc>
<arguments>
<arg>xpath=//*[@id="subcontent"]/div[2]/div/form/div[4]/div[2]/div[1]/label/span</arg>
</arguments>
<status status="PASS" starttime="20180730 18:08:13.525" endtime="20180730 18:08:13.549"></status>
</kw>
<kw name="Select From List By Value" library="SeleniumLibrary">
<doc>Selects options from selection list ``locator`` by ``values``.</doc>
<arguments>
<arg>xpath=//*[@id="subcontent"]/div[2]/div/form/div[5]/div[1]/select</arg>
<arg>WM</arg>
</arguments>
<msg timestamp="20180730 18:08:13.550" level="INFO">Selecting options from selection list 'xpath=//*[@id="subcontent"]/div[2]/div/form/div[5]/div[1]/select' by value WM.</msg>
<status status="PASS" starttime="20180730 18:08:13.549" endtime="20180730 18:08:13.619"></status>
</kw>
<kw name="Input Text" library="SeleniumLibrary">
<doc>Types the given ``text`` into text field identified by ``locator``.</doc>
<arguments>
<arg>name=model_name</arg>
<arg>adfdffd</arg>
</arguments>
<msg timestamp="20180730 18:08:13.619" level="INFO">Typing text 'adfdffd' into text field 'name=model_name'.</msg>
<status status="PASS" starttime="20180730 18:08:13.619" endtime="20180730 18:08:13.680"></status>
</kw>
<kw name="Input Text" library="SeleniumLibrary">
<doc>Types the given ``text`` into text field identified by ``locator``.</doc>
<arguments>
<arg>xpath=//*[@id="subcontent"]/div[2]/div/form/div[6]/div[2]/input</arg>
<arg>14578</arg>
</arguments>
<msg timestamp="20180730 18:08:13.681" level="INFO">Typing text '14578' into text field 'xpath=//*[@id="subcontent"]/div[2]/div/form/div[6]/div[2]/input'.</msg>
<status status="PASS" starttime="20180730 18:08:13.680" endtime="20180730 18:08:13.738"></status>
</kw>
<kw name="Input Text" library="SeleniumLibrary">
<doc>Types the given ``text`` into text field identified by ``locator``.</doc>
<arguments>
<arg>xpath=//*[@id="inputNewPassword"]</arg>
<arg>ok</arg>
</arguments>
<msg timestamp="20180730 18:08:13.738" level="INFO">Typing text 'ok' into text field 'xpath=//*[@id="inputNewPassword"]'.</msg>
<status status="PASS" starttime="20180730 18:08:13.738" endtime="20180730 18:08:13.789"></status>
</kw>
<kw name="Click Button" library="SeleniumLibrary">
<doc>Clicks button identified by ``locator``.</doc>
<arguments>
<arg>xpath=//*[@id="subcontent"]/div[2]/div/form/div[9]/button</arg>
</arguments>
<msg timestamp="20180730 18:08:13.790" level="INFO">Clicking button 'xpath=//*[@id="subcontent"]/div[2]/div/form/div[9]/button'.</msg>
<status status="PASS" starttime="20180730 18:08:13.790" endtime="20180730 18:08:13.959"></status>
</kw>
<kw name="Alert Should Be Present" library="SeleniumLibrary">
<doc>Verifies that an alert is present and, by default, accepts it.</doc>
<arguments>
<arg>PURCHASE COMPLETED.</arg>
</arguments>
<status status="PASS" starttime="20180730 18:08:13.959" endtime="20180730 18:08:14.479"></status>
</kw>
<status status="PASS" starttime="20180730 18:08:13.371" endtime="20180730 18:08:14.480"></status>
</kw>
<kw name="Clicking The Button Sell" library="buyback">
<kw name="Click Element" library="SeleniumLibrary">
<doc>Click element identified by ``locator``.</doc>
<arguments>
<arg>xpath=//*[@id="subcontent"]/div[2]/div/form/div[1]/div[1]/div[2]/label/span</arg>
</arguments>
<msg timestamp="20180730 18:08:14.484" level="INFO">Clicking element 'xpath=//*[@id="subcontent"]/div[2]/div/form/div[1]/div[1]/div[2]/label/span'.</msg>
<status status="PASS" starttime="20180730 18:08:14.483" endtime="20180730 18:08:14.551"></status>
</kw>
<kw name="Focus" library="SeleniumLibrary">
<doc>Deprecated. Use `Set Focus To Element` instead.</doc>
<arguments>
<arg>xpath=//*[@id="inputFirstName"]</arg>
</arguments>
<status status="PASS" starttime="20180730 18:08:14.551" endtime="20180730 18:08:14.568"></status>
</kw>
<status status="PASS" starttime="20180730 18:08:14.482" endtime="20180730 18:08:14.568"></status>
</kw>
<kw name="Giving the Customet id wrong s" library="buyback">
<kw name="Input Text" library="SeleniumLibrary">
<doc>Types the given ``text`` into text field identified by ``locator``.</doc>
<arguments>
<arg>xpath=//*[@id="inputFirstName"]</arg>
<arg>14khhh2</arg>
</arguments>
<msg timestamp="20180730 18:08:14.569" level="INFO">Typing text '14khhh2' into text field 'xpath=//*[@id="inputFirstName"]'.</msg>
<status status="PASS" starttime="20180730 18:08:14.568" endtime="20180730 18:08:14.649"></status>
</kw>
<kw name="Click Button" library="SeleniumLibrary">
<doc>Clicks button identified by ``locator``.</doc>
<arguments>
<arg>xpath=//*[@id="subcontent"]/div[2]/div/form/div[9]/button</arg>
</arguments>
<msg timestamp="20180730 18:08:14.649" level="INFO">Clicking button 'xpath=//*[@id="subcontent"]/div[2]/div/form/div[9]/button'.</msg>
<status status="PASS" starttime="20180730 18:08:14.649" endtime="20180730 18:08:14.711"></status>
</kw>
<kw name="Alert Should Be Present" library="SeleniumLibrary">
<doc>Verifies that an alert is present and, by default, accepts it.</doc>
<arguments>
<arg>INVALID CUSTOMER ID.</arg>
</arguments>
<status status="PASS" starttime="20180730 18:08:14.711" endtime="20180730 18:08:14.714"></status>
</kw>
<status status="PASS" starttime="20180730 18:08:14.568" endtime="20180730 18:08:14.714"></status>
</kw>
<kw name="Giving the Customet id Right s" library="buyback">
<kw name="Input Text" library="SeleniumLibrary">
<doc>Types the given ``text`` into text field identified by ``locator``.</doc>
<arguments>
<arg>xpath=//*[@id="inputFirstName"]</arg>
<arg>${CUstomer Id}</arg>
</arguments>
<msg timestamp="20180730 18:08:14.715" level="INFO">Typing text '0123456789' into text field 'xpath=//*[@id="inputFirstName"]'.</msg>
<status status="PASS" starttime="20180730 18:08:14.715" endtime="20180730 18:08:14.783"></status>
</kw>
<kw name="Focus" library="SeleniumLibrary">
<doc>Deprecated. Use `Set Focus To Element` instead.</doc>
<arguments>
<arg>xpath=//*[@id="subcontent"]/div[2]/div/form/div[4]/div[2]/div[1]/label/span</arg>
</arguments>
<status status="PASS" starttime="20180730 18:08:14.783" endtime="20180730 18:08:14.794"></status>
</kw>
<kw name="Click Button" library="SeleniumLibrary">
<doc>Clicks button identified by ``locator``.</doc>
<arguments>
<arg>xpath=//*[@id="subcontent"]/div[2]/div/form/div[9]/button</arg>
</arguments>
<msg timestamp="20180730 18:08:14.794" level="INFO">Clicking button 'xpath=//*[@id="subcontent"]/div[2]/div/form/div[9]/button'.</msg>
<status status="PASS" starttime="20180730 18:08:14.794" endtime="20180730 18:08:14.855"></status>
</kw>
<kw name="Alert Should Be Present" library="SeleniumLibrary">
<doc>Verifies that an alert is present and, by default, accepts it.</doc>
<status status="PASS" starttime="20180730 18:08:14.856" endtime="20180730 18:08:14.862"></status>
</kw>
<status status="PASS" starttime="20180730 18:08:14.715" endtime="20180730 18:08:14.862"></status>
</kw>
<kw name="Giving The Sereal Number in 1S" library="buyback">
<kw name="Input Text" library="SeleniumLibrary">
<doc>Types the given ``text`` into text field identified by ``locator``.</doc>
<arguments>
<arg>xpath=//*[@id="inputFirstName"]</arg>
<arg>${CUstomer Id}</arg>
</arguments>
<msg timestamp="20180730 18:08:14.864" level="INFO">Typing text '0123456789' into text field 'xpath=//*[@id="inputFirstName"]'.</msg>
<status status="PASS" starttime="20180730 18:08:14.863" endtime="20180730 18:08:14.932"></status>
</kw>
<kw name="Focus" library="SeleniumLibrary">
<doc>Deprecated. Use `Set Focus To Element` instead.</doc>
<arguments>
<arg>xpath=//*[@id="subcontent"]/div[2]/div/form/div[4]/div[2]/div[1]/label/span</arg>
</arguments>
<status status="PASS" starttime="20180730 18:08:14.932" endtime="20180730 18:08:14.943"></status>
</kw>
<kw name="Select From List By Value" library="SeleniumLibrary">
<doc>Selects options from selection list ``locator`` by ``values``.</doc>
<arguments>
<arg>xpath=//*[@id="serial"]</arg>
<arg>201800001</arg>
</arguments>
<msg timestamp="20180730 18:08:14.943" level="INFO">Selecting options from selection list 'xpath=//*[@id="serial"]' by value 201800001.</msg>
<status status="PASS" starttime="20180730 18:08:14.943" endtime="20180730 18:08:15.016"></status>
</kw>
<kw name="Click Button" library="SeleniumLibrary">
<doc>Clicks button identified by ``locator``.</doc>
<arguments>
<arg>xpath=//*[@id="subcontent"]/div[2]/div/form/div[9]/button</arg>
</arguments>
<msg timestamp="20180730 18:08:15.017" level="INFO">Clicking button 'xpath=//*[@id="subcontent"]/div[2]/div/form/div[9]/button'.</msg>
<status status="PASS" starttime="20180730 18:08:15.017" endtime="20180730 18:08:15.078"></status>
</kw>
<kw name="Focus" library="SeleniumLibrary">
<doc>Deprecated. Use `Set Focus To Element` instead.</doc>
<arguments>
<arg>xpath=//*[@id="subcontent"]/div[2]/div/form/div[6]/div[2]/input</arg>
</arguments>
<status status="PASS" starttime="20180730 18:08:15.078" endtime="20180730 18:08:15.262"></status>
</kw>
<status status="PASS" starttime="20180730 18:08:14.863" endtime="20180730 18:08:15.262"></status>
</kw>
<kw name="Giving The Sereal Number in 2S" library="buyback">
<kw name="Input Text" library="SeleniumLibrary">
<doc>Types the given ``text`` into text field identified by ``locator``.</doc>
<arguments>
<arg>xpath=//*[@id="inputFirstName"]</arg>
<arg>${CUstomer Id}</arg>
</arguments>
<msg timestamp="20180730 18:08:15.263" level="INFO">Typing text '0123456789' into text field 'xpath=//*[@id="inputFirstName"]'.</msg>
<status status="PASS" starttime="20180730 18:08:15.263" endtime="20180730 18:08:15.335"></status>
</kw>
<kw name="Focus" library="SeleniumLibrary">
<doc>Deprecated. Use `Set Focus To Element` instead.</doc>
<arguments>
<arg>xpath=//*[@id="subcontent"]/div[2]/div/form/div[4]/div[2]/div[1]/label/span</arg>
</arguments>
<status status="PASS" starttime="20180730 18:08:15.335" endtime="20180730 18:08:15.345"></status>
</kw>
<kw name="Select From List By Value" library="SeleniumLibrary">
<doc>Selects options from selection list ``locator`` by ``values``.</doc>
<arguments>
<arg>xpath=//*[@id="serial"]</arg>
<arg>201800002</arg>
</arguments>
<msg timestamp="20180730 18:08:15.345" level="INFO">Selecting options from selection list 'xpath=//*[@id="serial"]' by value 201800002.</msg>
<status status="PASS" starttime="20180730 18:08:15.345" endtime="20180730 18:08:15.432"></status>
</kw>
<kw name="Click Button" library="SeleniumLibrary">
<doc>Clicks button identified by ``locator``.</doc>
<arguments>
<arg>xpath=//*[@id="subcontent"]/div[2]/div/form/div[9]/button</arg>
</arguments>
<msg timestamp="20180730 18:08:15.432" level="INFO">Clicking button 'xpath=//*[@id="subcontent"]/div[2]/div/form/div[9]/button'.</msg>
<status status="PASS" starttime="20180730 18:08:15.432" endtime="20180730 18:08:15.551"></status>
</kw>
<kw name="Focus" library="SeleniumLibrary">
<doc>Deprecated. Use `Set Focus To Element` instead.</doc>
<arguments>
<arg>xpath=//*[@id="subcontent"]/div[2]/div/form/div[6]/div[2]/input</arg>
</arguments>
<status status="PASS" starttime="20180730 18:08:15.552" endtime="20180730 18:08:15.578"></status>
</kw>
<status status="PASS" starttime="20180730 18:08:15.263" endtime="20180730 18:08:15.578"></status>
</kw>
<kw name="Clicking Button Not Working" library="buyback">
<kw name="Input Text" library="SeleniumLibrary">
<doc>Types the given ``text`` into text field identified by ``locator``.</doc>
<arguments>
<arg>xpath=//*[@id="inputFirstName"]</arg>
<arg>${CUstomer Id}</arg>
</arguments>
<msg timestamp="20180730 18:08:15.580" level="INFO">Typing text '0123456789' into text field 'xpath=//*[@id="inputFirstName"]'.</msg>
<status status="PASS" starttime="20180730 18:08:15.580" endtime="20180730 18:08:15.644"></status>
</kw>
<kw name="Focus" library="SeleniumLibrary">
<doc>Deprecated. Use `Set Focus To Element` instead.</doc>
<arguments>
<arg>xpath=//*[@id="subcontent"]/div[2]/div/form/div[4]/div[2]/div[1]/label/span</arg>
</arguments>
<status status="PASS" starttime="20180730 18:08:15.644" endtime="20180730 18:08:15.651"></status>
</kw>
<kw name="Select From List By Value" library="SeleniumLibrary">
<doc>Selects options from selection list ``locator`` by ``values``.</doc>
<arguments>
<arg>xpath=//*[@id="serial"]</arg>
<arg>201800002</arg>
</arguments>
<msg timestamp="20180730 18:08:15.651" level="INFO">Selecting options from selection list 'xpath=//*[@id="serial"]' by value 201800002.</msg>
<status status="PASS" starttime="20180730 18:08:15.651" endtime="20180730 18:08:15.677"></status>
</kw>
<kw name="Click Element" library="SeleniumLibrary">
<doc>Click element identified by ``locator``.</doc>
<arguments>
<arg>xpath=//*[@id="subcontent"]/div[2]/div/form/div[4]/div[2]/div[2]/label/span</arg>
</arguments>
<msg timestamp="20180730 18:08:15.677" level="INFO">Clicking element 'xpath=//*[@id="subcontent"]/div[2]/div/form/div[4]/div[2]/div[2]/label/span'.</msg>
<status status="PASS" starttime="20180730 18:08:15.677" endtime="20180730 18:08:15.736"></status>
</kw>
<kw name="Click Button" library="SeleniumLibrary">
<doc>Clicks button identified by ``locator``.</doc>
<arguments>
<arg>xpath=//*[@id="subcontent"]/div[2]/div/form/div[9]/button</arg>
</arguments>
<msg timestamp="20180730 18:08:15.737" level="INFO">Clicking button 'xpath=//*[@id="subcontent"]/div[2]/div/form/div[9]/button'.</msg>
<status status="PASS" starttime="20180730 18:08:15.736" endtime="20180730 18:08:15.811"></status>
</kw>
<kw name="Focus" library="SeleniumLibrary">
<doc>Deprecated. Use `Set Focus To Element` instead.</doc>
<arguments>
<arg>xpath=//*[@id="subcontent"]/div[2]/div/form/div[6]/div[2]/input</arg>
</arguments>
<status status="PASS" starttime="20180730 18:08:15.811" endtime="20180730 18:08:15.819"></status>
</kw>
<status status="PASS" starttime="20180730 18:08:15.579" endtime="20180730 18:08:15.819"></status>
</kw>
<kw name="Giving amount In S" library="buyback">
<kw name="Input Text" library="SeleniumLibrary">
<doc>Types the given ``text`` into text field identified by ``locator``.</doc>
<arguments>
<arg>xpath=//*[@id="inputFirstName"]</arg>
<arg>${CUstomer Id}</arg>
</arguments>
<msg timestamp="20180730 18:08:15.819" level="INFO">Typing text '0123456789' into text field 'xpath=//*[@id="inputFirstName"]'.</msg>
<status status="PASS" starttime="20180730 18:08:15.819" endtime="20180730 18:08:15.877"></status>
</kw>
<kw name="Focus" library="SeleniumLibrary">
<doc>Deprecated. Use `Set Focus To Element` instead.</doc>
<arguments>
<arg>xpath=//*[@id="subcontent"]/div[2]/div/form/div[4]/div[2]/div[1]/label/span</arg>
</arguments>
<status status="PASS" starttime="20180730 18:08:15.878" endtime="20180730 18:08:15.886"></status>
</kw>
<kw name="Select From List By Value" library="SeleniumLibrary">
<doc>Selects options from selection list ``locator`` by ``values``.</doc>
<arguments>
<arg>xpath=//*[@id="serial"]</arg>
<arg>201800002</arg>
</arguments>
<msg timestamp="20180730 18:08:15.886" level="INFO">Selecting options from selection list 'xpath=//*[@id="serial"]' by value 201800002.</msg>
<status status="PASS" starttime="20180730 18:08:15.886" endtime="20180730 18:08:15.912"></status>
</kw>
<kw name="Click Element" library="SeleniumLibrary">
<doc>Click element identified by ``locator``.</doc>
<arguments>
<arg>xpath=//*[@id="subcontent"]/div[2]/div/form/div[4]/div[2]/div[2]/label/span</arg>
</arguments>
<msg timestamp="20180730 18:08:15.912" level="INFO">Clicking element 'xpath=//*[@id="subcontent"]/div[2]/div/form/div[4]/div[2]/div[2]/label/span'.</msg>
<status status="PASS" starttime="20180730 18:08:15.912" endtime="20180730 18:08:15.976"></status>
</kw>
<kw name="Input Text" library="SeleniumLibrary">
<doc>Types the given ``text`` into text field identified by ``locator``.</doc>
<arguments>
<arg>xpath=//*[@id="subcontent"]/div[2]/div/form/div[6]/div[2]/input</arg>
<arg>14975</arg>
</arguments>
<msg timestamp="20180730 18:08:15.977" level="INFO">Typing text '14975' into text field 'xpath=//*[@id="subcontent"]/div[2]/div/form/div[6]/div[2]/input'.</msg>
<status status="PASS" starttime="20180730 18:08:15.976" endtime="20180730 18:08:16.050"></status>
</kw>
<kw name="Click Button" library="SeleniumLibrary">
<doc>Clicks button identified by ``locator``.</doc>
<arguments>
<arg>xpath=//*[@id="subcontent"]/div[2]/div/form/div[9]/button</arg>
</arguments>
<msg timestamp="20180730 18:08:16.050" level="INFO">Clicking button 'xpath=//*[@id="subcontent"]/div[2]/div/form/div[9]/button'.</msg>
<status status="PASS" starttime="20180730 18:08:16.050" endtime="20180730 18:08:16.107"></status>
</kw>
<kw name="Alert Should Be Present" library="SeleniumLibrary">
<doc>Verifies that an alert is present and, by default, accepts it.</doc>
<arguments>
<arg>PLEASE DESCRIBE THE PRODUCT CONDITION.</arg>
</arguments>
<status status="PASS" starttime="20180730 18:08:16.108" endtime="20180730 18:08:16.114"></status>
</kw>
<status status="PASS" starttime="20180730 18:08:15.819" endtime="20180730 18:08:16.115"></status>
</kw>
<kw name="Giving The Working Condition in S" library="buyback">
<kw name="Input Text" library="SeleniumLibrary">
<doc>Types the given ``text`` into text field identified by ``locator``.</doc>
<arguments>
<arg>xpath=//*[@id="inputFirstName"]</arg>
<arg>${CUstomer Id}</arg>
</arguments>
<msg timestamp="20180730 18:08:16.119" level="INFO">Typing text '0123456789' into text field 'xpath=//*[@id="inputFirstName"]'.</msg>
<status status="PASS" starttime="20180730 18:08:16.116" endtime="20180730 18:08:16.185"></status>
</kw>
<kw name="Focus" library="SeleniumLibrary">
<doc>Deprecated. Use `Set Focus To Element` instead.</doc>
<arguments>
<arg>xpath=//*[@id="subcontent"]/div[2]/div/form/div[4]/div[2]/div[1]/label/span</arg>
</arguments>
<status status="PASS" starttime="20180730 18:08:16.185" endtime="20180730 18:08:16.196"></status>
</kw>
<kw name="Select From List By Value" library="SeleniumLibrary">
<doc>Selects options from selection list ``locator`` by ``values``.</doc>
<arguments>
<arg>xpath=//*[@id="serial"]</arg>
<arg>201800002</arg>
</arguments>
<msg timestamp="20180730 18:08:16.197" level="INFO">Selecting options from selection list 'xpath=//*[@id="serial"]' by value 201800002.</msg>
<status status="PASS" starttime="20180730 18:08:16.196" endtime="20180730 18:08:16.220"></status>
</kw>
<kw name="Click Element" library="SeleniumLibrary">
<doc>Click element identified by ``locator``.</doc>
<arguments>
<arg>xpath=//*[@id="subcontent"]/div[2]/div/form/div[4]/div[2]/div[2]/label/span</arg>
</arguments>
<msg timestamp="20180730 18:08:16.220" level="INFO">Clicking element 'xpath=//*[@id="subcontent"]/div[2]/div/form/div[4]/div[2]/div[2]/label/span'.</msg>
<status status="PASS" starttime="20180730 18:08:16.220" endtime="20180730 18:08:16.266"></status>
</kw>
<kw name="Input Text" library="SeleniumLibrary">
<doc>Types the given ``text`` into text field identified by ``locator``.</doc>
<arguments>
<arg>xpath=//*[@id="subcontent"]/div[2]/div/form/div[6]/div[2]/input</arg>
<arg>14975</arg>
</arguments>
<msg timestamp="20180730 18:08:16.267" level="INFO">Typing text '14975' into text field 'xpath=//*[@id="subcontent"]/div[2]/div/form/div[6]/div[2]/input'.</msg>
<status status="PASS" starttime="20180730 18:08:16.267" endtime="20180730 18:08:16.314"></status>
</kw>
<kw name="Input Text" library="SeleniumLibrary">
<doc>Types the given ``text`` into text field identified by ``locator``.</doc>
<arguments>
<arg>xpath=//*[@id="inputNewPassword"]</arg>
<arg>not ok</arg>
</arguments>
<msg timestamp="20180730 18:08:16.314" level="INFO">Typing text 'not ok' into text field 'xpath=//*[@id="inputNewPassword"]'.</msg>
<status status="PASS" starttime="20180730 18:08:16.314" endtime="20180730 18:08:16.375"></status>
</kw>
<kw name="Click Button" library="SeleniumLibrary">
<doc>Clicks button identified by ``locator``.</doc>
<arguments>
<arg>xpath=//*[@id="subcontent"]/div[2]/div/form/div[9]/button</arg>
</arguments>
<msg timestamp="20180730 18:08:16.375" level="INFO">Clicking button 'xpath=//*[@id="subcontent"]/div[2]/div/form/div[9]/button'.</msg>
<status status="PASS" starttime="20180730 18:08:16.375" endtime="20180730 18:08:16.704"></status>
</kw>
<kw name="Alert Should Be Present" library="SeleniumLibrary">
<doc>Verifies that an alert is present and, by default, accepts it.</doc>
<arguments>
<arg>SUCESSFULLY SOLD THE PRODUCT</arg>
</arguments>
<status status="PASS" starttime="20180730 18:08:16.704" endtime="20180730 18:08:17.222"></status>
</kw>
<status status="PASS" starttime="20180730 18:08:16.115" endtime="20180730 18:08:17.222"></status>
</kw>
<kw name="Clicking The Button Working in S" library="buyback">
<kw name="Click Element" library="SeleniumLibrary">
<doc>Click element identified by ``locator``.</doc>
<arguments>
<arg>xpath=//*[@id="subcontent"]/div[2]/div/form/div[1]/div[1]/div[2]/label/span</arg>
</arguments>
<msg timestamp="20180730 18:08:17.225" level="INFO">Clicking element 'xpath=//*[@id="subcontent"]/div[2]/div/form/div[1]/div[1]/div[2]/label/span'.</msg>
<status status="PASS" starttime="20180730 18:08:17.224" endtime="20180730 18:08:17.316"></status>
</kw>
<kw name="Focus" library="SeleniumLibrary">
<doc>Deprecated. Use `Set Focus To Element` instead.</doc>
<arguments>
<arg>xpath=//*[@id="inputFirstName"]</arg>
</arguments>
<status status="PASS" starttime="20180730 18:08:17.316" endtime="20180730 18:08:17.333"></status>
</kw>
<kw name="Input Text" library="SeleniumLibrary">
<doc>Types the given ``text`` into text field identified by ``locator``.</doc>
<arguments>
<arg>xpath=//*[@id="inputFirstName"]</arg>
<arg>${CUstomer Id}</arg>
</arguments>
<msg timestamp="20180730 18:08:17.333" level="INFO">Typing text '0123456789' into text field 'xpath=//*[@id="inputFirstName"]'.</msg>
<status status="PASS" starttime="20180730 18:08:17.333" endtime="20180730 18:08:17.411"></status>
</kw>
<kw name="Focus" library="SeleniumLibrary">
<doc>Deprecated. Use `Set Focus To Element` instead.</doc>
<arguments>
<arg>xpath=//*[@id="subcontent"]/div[2]/div/form/div[4]/div[2]/div[1]/label/span</arg>
</arguments>
<status status="PASS" starttime="20180730 18:08:17.411" endtime="20180730 18:08:17.419"></status>
</kw>
<kw name="Select From List By Value" library="SeleniumLibrary">
<doc>Selects options from selection list ``locator`` by ``values``.</doc>
<arguments>
<arg>xpath=//*[@id="serial"]</arg>
<arg>201800001</arg>
</arguments>
<msg timestamp="20180730 18:08:17.420" level="INFO">Selecting options from selection list 'xpath=//*[@id="serial"]' by value 201800001.</msg>
<status status="PASS" starttime="20180730 18:08:17.420" endtime="20180730 18:08:17.481"></status>
</kw>
<kw name="Click Element" library="SeleniumLibrary">
<doc>Click element identified by ``locator``.</doc>
<arguments>
<arg>xpath=//*[@id="subcontent"]/div[2]/div/form/div[4]/div[2]/div[2]/label/span</arg>
</arguments>
<msg timestamp="20180730 18:08:17.482" level="INFO">Clicking element 'xpath=//*[@id="subcontent"]/div[2]/div/form/div[4]/div[2]/div[2]/label/span'.</msg>
<status status="PASS" starttime="20180730 18:08:17.481" endtime="20180730 18:08:17.531"></status>
</kw>
<kw name="Input Text" library="SeleniumLibrary">
<doc>Types the given ``text`` into text field identified by ``locator``.</doc>
<arguments>
<arg>xpath=//*[@id="subcontent"]/div[2]/div/form/div[6]/div[2]/input</arg>
<arg>14975</arg>
</arguments>
<msg timestamp="20180730 18:08:17.531" level="INFO">Typing text '14975' into text field 'xpath=//*[@id="subcontent"]/div[2]/div/form/div[6]/div[2]/input'.</msg>
<status status="PASS" starttime="20180730 18:08:17.531" endtime="20180730 18:08:17.589"></status>
</kw>
<kw name="Input Text" library="SeleniumLibrary">
<doc>Types the given ``text`` into text field identified by ``locator``.</doc>
<arguments>
<arg>xpath=//*[@id="inputNewPassword"]</arg>
<arg>not ok</arg>
</arguments>
<msg timestamp="20180730 18:08:17.589" level="INFO">Typing text 'not ok' into text field 'xpath=//*[@id="inputNewPassword"]'.</msg>
<status status="PASS" starttime="20180730 18:08:17.589" endtime="20180730 18:08:17.651"></status>
</kw>
<kw name="Click Button" library="SeleniumLibrary">
<doc>Clicks button identified by ``locator``.</doc>
<arguments>
<arg>xpath=//*[@id="subcontent"]/div[2]/div/form/div[9]/button</arg>
</arguments>
<msg timestamp="20180730 18:08:17.651" level="INFO">Clicking button 'xpath=//*[@id="subcontent"]/div[2]/div/form/div[9]/button'.</msg>
<status status="PASS" starttime="20180730 18:08:17.651" endtime="20180730 18:08:17.916"></status>
</kw>
<kw name="Alert Should Be Present" library="SeleniumLibrary">
<doc>Verifies that an alert is present and, by default, accepts it.</doc>
<arguments>
<arg>SUCESSFULLY SOLD THE PRODUCT</arg>
</arguments>
<status status="PASS" starttime="20180730 18:08:17.916" endtime="20180730 18:08:18.442"></status>
</kw>
<status status="PASS" starttime="20180730 18:08:17.223" endtime="20180730 18:08:18.442"></status>
</kw>
<kw name="End Test" library="common" type="teardown">
<kw name="Close Browser" library="SeleniumLibrary">
<doc>Closes the current browser.</doc>
<status status="PASS" starttime="20180730 18:08:18.444" endtime="20180730 18:08:20.625"></status>
</kw>
<status status="PASS" starttime="20180730 18:08:18.444" endtime="20180730 18:08:20.626"></status>
</kw>
<status status="PASS" starttime="20180730 18:07:45.177" endtime="20180730 18:08:20.627" critical="yes"></status>
</test>
<status status="PASS" starttime="20180730 18:07:45.007" endtime="20180730 18:08:20.630"></status>
</suite>
<statistics>
<total>
<stat pass="1" fail="0">Critical Tests</stat>
<stat pass="1" fail="0">All Tests</stat>
</total>
<tag>
</tag>
<suite>
<stat pass="1" fail="0" id="s1" name="Test">Test</stat>
</suite>
</statistics>
<errors>
</errors>
</robot>
