<?xml version="1.0" encoding="UTF-8"?>
<robot generator="Robot 3.0.4 (Python 3.7.0 on win32)" generated="20180731 19:04:21.912">
<suite id="s1" name="Mlf" source="C:\Users\N~M~S\PyCharm Projects\mlf\Tests\mlf.robot">
<test id="s1-t1" name="Login Page">
<kw name="Begin Test" library="common" type="setup">
<kw name="Open Browser" library="SeleniumLibrary">
<doc>Opens a new browser instance to the given ``url``.</doc>
<arguments>
<arg>${Url}</arg>
<arg>${Browser}</arg>
</arguments>
<msg timestamp="20180731 19:04:22.584" level="INFO">Opening browser 'gc' to base url 'http://localhost/mlf/'.</msg>
<status status="PASS" starttime="20180731 19:04:22.569" endtime="20180731 19:04:30.419"></status>
</kw>
<kw name="Sleep" library="BuiltIn">
<doc>Pauses the test executed for the given time.</doc>
<arguments>
<arg>3s</arg>
</arguments>
<msg timestamp="20180731 19:04:33.424" level="INFO">Slept 3 seconds</msg>
<status status="PASS" starttime="20180731 19:04:30.419" endtime="20180731 19:04:33.424"></status>
</kw>
<kw name="Wait Until Page Contains Element" library="SeleniumLibrary">
<doc>Waits until element ``locator`` appears on current page.</doc>
<arguments>
<arg>//*[@id="homebody"]/div[2]/div/form/div[3]/button</arg>
</arguments>
<status status="PASS" starttime="20180731 19:04:33.424" endtime="20180731 19:04:33.455"></status>
</kw>
<kw name="Maximize Browser Window" library="SeleniumLibrary">
<doc>Maximizes current browser window.</doc>
<status status="PASS" starttime="20180731 19:04:33.455" endtime="20180731 19:04:34.598"></status>
</kw>
<status status="PASS" starttime="20180731 19:04:22.569" endtime="20180731 19:04:34.599"></status>
</kw>
<kw name="empty username and valid password" library="login">
<kw name="Input Text" library="SeleniumLibrary">
<doc>Types the given ``text`` into text field identified by ``locator``.</doc>
<arguments>
<arg>xpath=//*[@id="homebody"]/div[2]/div/form/div[2]/div/input</arg>
<arg>mlf@123</arg>
</arguments>
<msg timestamp="20180731 19:04:34.600" level="INFO">Typing text 'mlf@123' into text field 'xpath=//*[@id="homebody"]/div[2]/div/form/div[2]/div/input'.</msg>
<status status="PASS" starttime="20180731 19:04:34.599" endtime="20180731 19:04:34.716"></status>
</kw>
<kw name="Click Element" library="SeleniumLibrary">
<doc>Click element identified by ``locator``.</doc>
<arguments>
<arg>xpath=//*[@id="homebody"]/div[2]/div/form/div[3]/button</arg>
</arguments>
<msg timestamp="20180731 19:04:34.718" level="INFO">Clicking element 'xpath=//*[@id="homebody"]/div[2]/div/form/div[3]/button'.</msg>
<status status="PASS" starttime="20180731 19:04:34.717" endtime="20180731 19:04:35.016"></status>
</kw>
<kw name="Wait Until Page Contains Element" library="SeleniumLibrary">
<doc>Waits until element ``locator`` appears on current page.</doc>
<arguments>
<arg>//*[@id="homebody"]/div[2]/div/form/div[3]/button</arg>
</arguments>
<status status="PASS" starttime="20180731 19:04:35.016" endtime="20180731 19:04:35.024"></status>
</kw>
<status status="PASS" starttime="20180731 19:04:34.599" endtime="20180731 19:04:35.024"></status>
</kw>
<kw name="valid username and empty password" library="login">
<kw name="Input Text" library="SeleniumLibrary">
<doc>Types the given ``text`` into text field identified by ``locator``.</doc>
<arguments>
<arg>xpath=//*[@id="homebody"]/div[2]/div/form/div[1]/div/input</arg>
<arg>mlfadmin</arg>
</arguments>
<msg timestamp="20180731 19:04:35.025" level="INFO">Typing text 'mlfadmin' into text field 'xpath=//*[@id="homebody"]/div[2]/div/form/div[1]/div/input'.</msg>
<status status="PASS" starttime="20180731 19:04:35.025" endtime="20180731 19:04:35.105"></status>
</kw>
<kw name="Click Element" library="SeleniumLibrary">
<doc>Click element identified by ``locator``.</doc>
<arguments>
<arg>xpath=//*[@id="homebody"]/div[2]/div/form/div[3]/button</arg>
</arguments>
<msg timestamp="20180731 19:04:35.105" level="INFO">Clicking element 'xpath=//*[@id="homebody"]/div[2]/div/form/div[3]/button'.</msg>
<status status="PASS" starttime="20180731 19:04:35.105" endtime="20180731 19:04:35.222"></status>
</kw>
<kw name="Wait Until Page Contains Element" library="SeleniumLibrary">
<doc>Waits until element ``locator`` appears on current page.</doc>
<arguments>
<arg>//*[@id="homebody"]/div[2]/div/form/div[3]/button</arg>
</arguments>
<status status="PASS" starttime="20180731 19:04:35.222" endtime="20180731 19:04:35.234"></status>
</kw>
<status status="PASS" starttime="20180731 19:04:35.025" endtime="20180731 19:04:35.234"></status>
</kw>
<kw name="invalid username and invalid password" library="login">
<kw name="Input Text" library="SeleniumLibrary">
<doc>Types the given ``text`` into text field identified by ``locator``.</doc>
<arguments>
<arg>xpath=//*[@id="homebody"]/div[2]/div/form/div[1]/div/input</arg>
<arg>mlfadminSdsdh</arg>
</arguments>
<msg timestamp="20180731 19:04:35.234" level="INFO">Typing text 'mlfadminSdsdh' into text field 'xpath=//*[@id="homebody"]/div[2]/div/form/div[1]/div/input'.</msg>
<status status="PASS" starttime="20180731 19:04:35.234" endtime="20180731 19:04:35.310"></status>
</kw>
<kw name="Input Text" library="SeleniumLibrary">
<doc>Types the given ``text`` into text field identified by ``locator``.</doc>
<arguments>
<arg>xpath=//*[@id="homebody"]/div[2]/div/form/div[2]/div/input</arg>
<arg>mlf@123sdhFS</arg>
</arguments>
<msg timestamp="20180731 19:04:35.310" level="INFO">Typing text 'mlf@123sdhFS' into text field 'xpath=//*[@id="homebody"]/div[2]/div/form/div[2]/div/input'.</msg>
<status status="PASS" starttime="20180731 19:04:35.310" endtime="20180731 19:04:35.373"></status>
</kw>
<kw name="Click Element" library="SeleniumLibrary">
<doc>Click element identified by ``locator``.</doc>
<arguments>
<arg>xpath=//*[@id="homebody"]/div[2]/div/form/div[3]/button</arg>
</arguments>
<msg timestamp="20180731 19:04:35.374" level="INFO">Clicking element 'xpath=//*[@id="homebody"]/div[2]/div/form/div[3]/button'.</msg>
<status status="PASS" starttime="20180731 19:04:35.373" endtime="20180731 19:04:35.502"></status>
</kw>
<kw name="Wait Until Page Contains Element" library="SeleniumLibrary">
<doc>Waits until element ``locator`` appears on current page.</doc>
<arguments>
<arg>//*[@id="homebody"]/div[2]/div/form/div[3]/button</arg>
</arguments>
<status status="PASS" starttime="20180731 19:04:35.502" endtime="20180731 19:04:35.511"></status>
</kw>
<status status="PASS" starttime="20180731 19:04:35.234" endtime="20180731 19:04:35.511"></status>
</kw>
<kw name="empty username and empty password" library="login">
<kw name="Click Element" library="SeleniumLibrary">
<doc>Click element identified by ``locator``.</doc>
<arguments>
<arg>xpath=//*[@id="homebody"]/div[2]/div/form/div[3]/button</arg>
</arguments>
<msg timestamp="20180731 19:04:35.512" level="INFO">Clicking element 'xpath=//*[@id="homebody"]/div[2]/div/form/div[3]/button'.</msg>
<status status="PASS" starttime="20180731 19:04:35.512" endtime="20180731 19:04:35.607"></status>
</kw>
<kw name="Wait Until Page Contains Element" library="SeleniumLibrary">
<doc>Waits until element ``locator`` appears on current page.</doc>
<arguments>
<arg>//*[@id="homebody"]/div[2]/div/form/div[3]/button</arg>
</arguments>
<status status="PASS" starttime="20180731 19:04:35.608" endtime="20180731 19:04:35.617"></status>
</kw>
<status status="PASS" starttime="20180731 19:04:35.511" endtime="20180731 19:04:35.617"></status>
</kw>
<kw name="invalid username and valid password" library="login">
<kw name="Input Text" library="SeleniumLibrary">
<doc>Types the given ``text`` into text field identified by ``locator``.</doc>
<arguments>
<arg>xpath=//*[@id="homebody"]/div[2]/div/form/div[1]/div/input</arg>
<arg>mlfadminsjhagd</arg>
</arguments>
<msg timestamp="20180731 19:04:35.618" level="INFO">Typing text 'mlfadminsjhagd' into text field 'xpath=//*[@id="homebody"]/div[2]/div/form/div[1]/div/input'.</msg>
<status status="PASS" starttime="20180731 19:04:35.618" endtime="20180731 19:04:35.700"></status>
</kw>
<kw name="Input Text" library="SeleniumLibrary">
<doc>Types the given ``text`` into text field identified by ``locator``.</doc>
<arguments>
<arg>xpath=//*[@id="homebody"]/div[2]/div/form/div[2]/div/input</arg>
<arg>mlf@123</arg>
</arguments>
<msg timestamp="20180731 19:04:35.701" level="INFO">Typing text 'mlf@123' into text field 'xpath=//*[@id="homebody"]/div[2]/div/form/div[2]/div/input'.</msg>
<status status="PASS" starttime="20180731 19:04:35.700" endtime="20180731 19:04:35.758"></status>
</kw>
<kw name="Click Element" library="SeleniumLibrary">
<doc>Click element identified by ``locator``.</doc>
<arguments>
<arg>xpath=//*[@id="homebody"]/div[2]/div/form/div[3]/button</arg>
</arguments>
<msg timestamp="20180731 19:04:35.759" level="INFO">Clicking element 'xpath=//*[@id="homebody"]/div[2]/div/form/div[3]/button'.</msg>
<status status="PASS" starttime="20180731 19:04:35.758" endtime="20180731 19:04:35.905"></status>
</kw>
<kw name="Wait Until Page Contains Element" library="SeleniumLibrary">
<doc>Waits until element ``locator`` appears on current page.</doc>
<arguments>
<arg>//*[@id="homebody"]/div[2]/div/form/div[3]/button</arg>
</arguments>
<status status="PASS" starttime="20180731 19:04:35.906" endtime="20180731 19:04:35.913"></status>
</kw>
<status status="PASS" starttime="20180731 19:04:35.618" endtime="20180731 19:04:35.913"></status>
</kw>
<kw name="valid username and invalid password" library="login">
<kw name="Input Text" library="SeleniumLibrary">
<doc>Types the given ``text`` into text field identified by ``locator``.</doc>
<arguments>
<arg>xpath=//*[@id="homebody"]/div[2]/div/form/div[1]/div/input</arg>
<arg>mlfadmin</arg>
</arguments>
<msg timestamp="20180731 19:04:35.914" level="INFO">Typing text 'mlfadmin' into text field 'xpath=//*[@id="homebody"]/div[2]/div/form/div[1]/div/input'.</msg>
<status status="PASS" starttime="20180731 19:04:35.914" endtime="20180731 19:04:35.998"></status>
</kw>
<kw name="Input Text" library="SeleniumLibrary">
<doc>Types the given ``text`` into text field identified by ``locator``.</doc>
<arguments>
<arg>xpath=//*[@id="homebody"]/div[2]/div/form/div[2]/div/input</arg>
<arg>123456</arg>
</arguments>
<msg timestamp="20180731 19:04:35.998" level="INFO">Typing text '123456' into text field 'xpath=//*[@id="homebody"]/div[2]/div/form/div[2]/div/input'.</msg>
<status status="PASS" starttime="20180731 19:04:35.998" endtime="20180731 19:04:36.056"></status>
</kw>
<kw name="Click Element" library="SeleniumLibrary">
<doc>Click element identified by ``locator``.</doc>
<arguments>
<arg>xpath=//*[@id="homebody"]/div[2]/div/form/div[3]/button</arg>
</arguments>
<msg timestamp="20180731 19:04:36.057" level="INFO">Clicking element 'xpath=//*[@id="homebody"]/div[2]/div/form/div[3]/button'.</msg>
<status status="PASS" starttime="20180731 19:04:36.056" endtime="20180731 19:04:36.178"></status>
</kw>
<kw name="Sleep" library="BuiltIn">
<doc>Pauses the test executed for the given time.</doc>
<arguments>
<arg>2s</arg>
</arguments>
<msg timestamp="20180731 19:04:38.182" level="INFO">Slept 2 seconds</msg>
<status status="PASS" starttime="20180731 19:04:36.179" endtime="20180731 19:04:38.182"></status>
</kw>
<kw name="Wait Until Page Contains Element" library="SeleniumLibrary">
<doc>Waits until element ``locator`` appears on current page.</doc>
<arguments>
<arg>//*[@id="homebody"]/div[2]/div/form/div[3]/button</arg>
</arguments>
<status status="PASS" starttime="20180731 19:04:38.182" endtime="20180731 19:04:38.232"></status>
</kw>
<status status="PASS" starttime="20180731 19:04:35.913" endtime="20180731 19:04:38.232"></status>
</kw>
<kw name="valid username and password" library="login">
<kw name="Input Text" library="SeleniumLibrary">
<doc>Types the given ``text`` into text field identified by ``locator``.</doc>
<arguments>
<arg>xpath=//*[@id="homebody"]/div[2]/div/form/div[1]/div/input</arg>
<arg>mlfadmin</arg>
</arguments>
<msg timestamp="20180731 19:04:38.233" level="INFO">Typing text 'mlfadmin' into text field 'xpath=//*[@id="homebody"]/div[2]/div/form/div[1]/div/input'.</msg>
<status status="PASS" starttime="20180731 19:04:38.233" endtime="20180731 19:04:38.416"></status>
</kw>
<kw name="Input Text" library="SeleniumLibrary">
<doc>Types the given ``text`` into text field identified by ``locator``.</doc>
<arguments>
<arg>xpath=//*[@id="homebody"]/div[2]/div/form/div[2]/div/input</arg>
<arg>mlf@123</arg>
</arguments>
<msg timestamp="20180731 19:04:38.417" level="INFO">Typing text 'mlf@123' into text field 'xpath=//*[@id="homebody"]/div[2]/div/form/div[2]/div/input'.</msg>
<status status="PASS" starttime="20180731 19:04:38.416" endtime="20180731 19:04:38.479"></status>
</kw>
<kw name="Click Element" library="SeleniumLibrary">
<doc>Click element identified by ``locator``.</doc>
<arguments>
<arg>xpath=//*[@id="homebody"]/div[2]/div/form/div[3]/button</arg>
</arguments>
<msg timestamp="20180731 19:04:38.479" level="INFO">Clicking element 'xpath=//*[@id="homebody"]/div[2]/div/form/div[3]/button'.</msg>
<status status="PASS" starttime="20180731 19:04:38.479" endtime="20180731 19:04:39.969"></status>
</kw>
<kw name="Sleep" library="BuiltIn">
<doc>Pauses the test executed for the given time.</doc>
<arguments>
<arg>9s</arg>
</arguments>
<msg timestamp="20180731 19:04:48.975" level="INFO">Slept 9 seconds</msg>
<status status="PASS" starttime="20180731 19:04:39.970" endtime="20180731 19:04:48.975"></status>
</kw>
<kw name="Wait Until Page Contains" library="SeleniumLibrary">
<doc>Waits until ``text`` appears on current page.</doc>
<arguments>
<arg>Hello, mlfadmin</arg>
</arguments>
<status status="PASS" starttime="20180731 19:04:48.975" endtime="20180731 19:04:48.991"></status>
</kw>
<status status="PASS" starttime="20180731 19:04:38.233" endtime="20180731 19:04:48.991"></status>
</kw>
<kw name="End Test" library="common" type="teardown">
<kw name="Close Browser" library="SeleniumLibrary">
<doc>Closes the current browser.</doc>
<status status="PASS" starttime="20180731 19:04:48.991" endtime="20180731 19:04:51.205"></status>
</kw>
<status status="PASS" starttime="20180731 19:04:48.991" endtime="20180731 19:04:51.205"></status>
</kw>
<status status="PASS" starttime="20180731 19:04:22.569" endtime="20180731 19:04:51.205" critical="yes"></status>
</test>
<test id="s1-t2" name="Users Page">
<kw name="Begin Test" library="common" type="setup">
<kw name="Open Browser" library="SeleniumLibrary">
<doc>Opens a new browser instance to the given ``url``.</doc>
<arguments>
<arg>${Url}</arg>
<arg>${Browser}</arg>
</arguments>
<msg timestamp="20180731 19:04:51.221" level="INFO">Opening browser 'gc' to base url 'http://localhost/mlf/'.</msg>
<status status="PASS" starttime="20180731 19:04:51.221" endtime="20180731 19:04:55.354"></status>
</kw>
<kw name="Sleep" library="BuiltIn">
<doc>Pauses the test executed for the given time.</doc>
<arguments>
<arg>3s</arg>
</arguments>
<msg timestamp="20180731 19:04:58.370" level="INFO">Slept 3 seconds</msg>
<status status="PASS" starttime="20180731 19:04:55.355" endtime="20180731 19:04:58.370"></status>
</kw>
<kw name="Wait Until Page Contains Element" library="SeleniumLibrary">
<doc>Waits until element ``locator`` appears on current page.</doc>
<arguments>
<arg>//*[@id="homebody"]/div[2]/div/form/div[3]/button</arg>
</arguments>
<status status="PASS" starttime="20180731 19:04:58.370" endtime="20180731 19:04:58.386"></status>
</kw>
<kw name="Maximize Browser Window" library="SeleniumLibrary">
<doc>Maximizes current browser window.</doc>
<status status="PASS" starttime="20180731 19:04:58.386" endtime="20180731 19:04:59.512"></status>
</kw>
<status status="PASS" starttime="20180731 19:04:51.221" endtime="20180731 19:04:59.512"></status>
</kw>
<kw name="valid username and password" library="login">
<kw name="Input Text" library="SeleniumLibrary">
<doc>Types the given ``text`` into text field identified by ``locator``.</doc>
<arguments>
<arg>xpath=//*[@id="homebody"]/div[2]/div/form/div[1]/div/input</arg>
<arg>mlfadmin</arg>
</arguments>
<msg timestamp="20180731 19:04:59.513" level="INFO">Typing text 'mlfadmin' into text field 'xpath=//*[@id="homebody"]/div[2]/div/form/div[1]/div/input'.</msg>
<status status="PASS" starttime="20180731 19:04:59.513" endtime="20180731 19:04:59.643"></status>
</kw>
<kw name="Input Text" library="SeleniumLibrary">
<doc>Types the given ``text`` into text field identified by ``locator``.</doc>
<arguments>
<arg>xpath=//*[@id="homebody"]/div[2]/div/form/div[2]/div/input</arg>
<arg>mlf@123</arg>
</arguments>
<msg timestamp="20180731 19:04:59.643" level="INFO">Typing text 'mlf@123' into text field 'xpath=//*[@id="homebody"]/div[2]/div/form/div[2]/div/input'.</msg>
<status status="PASS" starttime="20180731 19:04:59.643" endtime="20180731 19:04:59.736"></status>
</kw>
<kw name="Click Element" library="SeleniumLibrary">
<doc>Click element identified by ``locator``.</doc>
<arguments>
<arg>xpath=//*[@id="homebody"]/div[2]/div/form/div[3]/button</arg>
</arguments>
<msg timestamp="20180731 19:04:59.736" level="INFO">Clicking element 'xpath=//*[@id="homebody"]/div[2]/div/form/div[3]/button'.</msg>
<status status="PASS" starttime="20180731 19:04:59.736" endtime="20180731 19:05:01.177"></status>
</kw>
<kw name="Sleep" library="BuiltIn">
<doc>Pauses the test executed for the given time.</doc>
<arguments>
<arg>9s</arg>
</arguments>
<msg timestamp="20180731 19:05:10.189" level="INFO">Slept 9 seconds</msg>
<status status="PASS" starttime="20180731 19:05:01.177" endtime="20180731 19:05:10.189"></status>
</kw>
<kw name="Wait Until Page Contains" library="SeleniumLibrary">
<doc>Waits until ``text`` appears on current page.</doc>
<arguments>
<arg>Hello, mlfadmin</arg>
</arguments>
<status status="PASS" starttime="20180731 19:05:10.189" endtime="20180731 19:05:10.204"></status>
</kw>
<status status="PASS" starttime="20180731 19:04:59.513" endtime="20180731 19:05:10.204"></status>
</kw>
<kw name="Click Users" library="users">
<kw name="Click Element" library="SeleniumLibrary">
<doc>Click element identified by ``locator``.</doc>
<arguments>
<arg>xpath=//*[@id="link1"]</arg>
</arguments>
<msg timestamp="20180731 19:05:10.204" level="INFO">Clicking element 'xpath=//*[@id="link1"]'.</msg>
<status status="PASS" starttime="20180731 19:05:10.204" endtime="20180731 19:05:10.265"></status>
</kw>
<kw name="Sleep" library="BuiltIn">
<doc>Pauses the test executed for the given time.</doc>
<arguments>
<arg>2s</arg>
</arguments>
<msg timestamp="20180731 19:05:12.272" level="INFO">Slept 2 seconds</msg>
<status status="PASS" starttime="20180731 19:05:10.265" endtime="20180731 19:05:12.272"></status>
</kw>
<kw name="Wait Until Page Contains Element" library="SeleniumLibrary">
<doc>Waits until element ``locator`` appears on current page.</doc>
<arguments>
<arg>//*[@id="subcontent"]/div/form</arg>
</arguments>
<status status="PASS" starttime="20180731 19:05:12.272" endtime="20180731 19:05:12.283"></status>
</kw>
<status status="PASS" starttime="20180731 19:05:10.204" endtime="20180731 19:05:12.283"></status>
</kw>
<kw name="Submit Empty Fields" library="users">
<kw name="Click Element" library="SeleniumLibrary">
<doc>Click element identified by ``locator``.</doc>
<arguments>
<arg>xpath=//*[@id="subcontent"]/div/form/div[7]/button[1]</arg>
</arguments>
<msg timestamp="20180731 19:05:12.284" level="INFO">Clicking element 'xpath=//*[@id="subcontent"]/div/form/div[7]/button[1]'.</msg>
<status status="PASS" starttime="20180731 19:05:12.284" endtime="20180731 19:05:12.347"></status>
</kw>
<kw name="Sleep" library="BuiltIn">
<doc>Pauses the test executed for the given time.</doc>
<arguments>
<arg>2s</arg>
</arguments>
<msg timestamp="20180731 19:05:14.349" level="INFO">Slept 2 seconds</msg>
<status status="PASS" starttime="20180731 19:05:12.348" endtime="20180731 19:05:14.349"></status>
</kw>
<kw name="Alert Should Be Present" library="SeleniumLibrary">
<doc>Verifies that an alert is present and, by default, accepts it.</doc>
<arguments>
<arg>MAKE SURE ALL FIELDS ARE FILLED.</arg>
</arguments>
<status status="PASS" starttime="20180731 19:05:14.349" endtime="20180731 19:05:14.352"></status>
</kw>
<status status="PASS" starttime="20180731 19:05:12.283" endtime="20180731 19:05:14.352"></status>
</kw>
<kw name="Invalid Username Entry" library="users">
<kw name="Click Element" library="SeleniumLibrary">
<doc>Click element identified by ``locator``.</doc>
<arguments>
<arg>//*[@id="subcontent"]/div/form/div[1]/div[1]/div[1]/label/span</arg>
</arguments>
<msg timestamp="20180731 19:05:14.355" level="INFO">Clicking element '//*[@id="subcontent"]/div/form/div[1]/div[1]/div[1]/label/span'.</msg>
<status status="PASS" starttime="20180731 19:05:14.355" endtime="20180731 19:05:14.427"></status>
</kw>
<kw name="Input Text" library="SeleniumLibrary">
<doc>Types the given ``text`` into text field identified by ``locator``.</doc>
<arguments>
<arg>//*[@id="subcontent"]/div/form/div[1]/div[1]/input</arg>
<arg>0123456789</arg>
</arguments>
<msg timestamp="20180731 19:05:14.428" level="INFO">Typing text '0123456789' into text field '//*[@id="subcontent"]/div/form/div[1]/div[1]/input'.</msg>
<status status="PASS" starttime="20180731 19:05:14.428" endtime="20180731 19:05:14.587"></status>
</kw>
<kw name="Click Button" library="SeleniumLibrary">
<doc>Clicks button identified by ``locator``.</doc>
<arguments>
<arg>//*[@id="subcontent"]/div/form/div[7]/button[1]</arg>
</arguments>
<msg timestamp="20180731 19:05:14.587" level="INFO">Clicking button '//*[@id="subcontent"]/div/form/div[7]/button[1]'.</msg>
<status status="PASS" starttime="20180731 19:05:14.587" endtime="20180731 19:05:14.645"></status>
</kw>
<kw name="Sleep" library="BuiltIn">
<doc>Pauses the test executed for the given time.</doc>
<arguments>
<arg>3s</arg>
</arguments>
<msg timestamp="20180731 19:05:17.645" level="INFO">Slept 3 seconds</msg>
<status status="PASS" starttime="20180731 19:05:14.645" endtime="20180731 19:05:17.645"></status>
</kw>
<kw name="Alert Should Be Present" library="SeleniumLibrary">
<doc>Verifies that an alert is present and, by default, accepts it.</doc>
<arguments>
<arg>INCORRECT INPUT.</arg>
</arguments>
<status status="PASS" starttime="20180731 19:05:17.645" endtime="20180731 19:05:17.648"></status>
</kw>
<kw name="Click Element" library="SeleniumLibrary">
<doc>Click element identified by ``locator``.</doc>
<arguments>
<arg>//*[@id="subcontent"]/div/form/div[1]/div[1]/div[2]/label/span</arg>
</arguments>
<msg timestamp="20180731 19:05:17.649" level="INFO">Clicking element '//*[@id="subcontent"]/div/form/div[1]/div[1]/div[2]/label/span'.</msg>
<status status="PASS" starttime="20180731 19:05:17.648" endtime="20180731 19:05:17.714"></status>
</kw>
<kw name="Input Text" library="SeleniumLibrary">
<doc>Types the given ``text`` into text field identified by ``locator``.</doc>
<arguments>
<arg>//*[@id="subcontent"]/div/form/div[1]/div[1]/input</arg>
<arg>012345678901</arg>
</arguments>
<msg timestamp="20180731 19:05:17.714" level="INFO">Typing text '012345678901' into text field '//*[@id="subcontent"]/div/form/div[1]/div[1]/input'.</msg>
<status status="PASS" starttime="20180731 19:05:17.714" endtime="20180731 19:05:17.773"></status>
</kw>
<kw name="Click Button" library="SeleniumLibrary">
<doc>Clicks button identified by ``locator``.</doc>
<arguments>
<arg>//*[@id="subcontent"]/div/form/div[7]/button[1]</arg>
</arguments>
<msg timestamp="20180731 19:05:17.773" level="INFO">Clicking button '//*[@id="subcontent"]/div/form/div[7]/button[1]'.</msg>
<status status="PASS" starttime="20180731 19:05:17.773" endtime="20180731 19:05:17.851"></status>
</kw>
<kw name="Sleep" library="BuiltIn">
<doc>Pauses the test executed for the given time.</doc>
<arguments>
<arg>3s</arg>
</arguments>
<msg timestamp="20180731 19:05:20.852" level="INFO">Slept 3 seconds</msg>
<status status="PASS" starttime="20180731 19:05:17.851" endtime="20180731 19:05:20.852"></status>
</kw>
<kw name="Alert Should Be Present" library="SeleniumLibrary">
<doc>Verifies that an alert is present and, by default, accepts it.</doc>
<arguments>
<arg>INCORRECT INPUT.</arg>
</arguments>
<status status="PASS" starttime="20180731 19:05:20.852" endtime="20180731 19:05:20.855"></status>
</kw>
<status status="PASS" starttime="20180731 19:05:14.354" endtime="20180731 19:05:20.855"></status>
</kw>
<kw name="invalid len username" library="users">
<kw name="Click Element" library="SeleniumLibrary">
<doc>Click element identified by ``locator``.</doc>
<arguments>
<arg>//*[@id="subcontent"]/div/form/div[1]/div[1]/div[1]/label/span</arg>
</arguments>
<msg timestamp="20180731 19:05:20.857" level="INFO">Clicking element '//*[@id="subcontent"]/div/form/div[1]/div[1]/div[1]/label/span'.</msg>
<status status="PASS" starttime="20180731 19:05:20.857" endtime="20180731 19:05:20.890"></status>
</kw>
<kw name="Input Text" library="SeleniumLibrary">
<doc>Types the given ``text`` into text field identified by ``locator``.</doc>
<arguments>
<arg>//*[@id="subcontent"]/div/form/div[1]/div[1]/input</arg>
<arg>01234567890</arg>
</arguments>
<msg timestamp="20180731 19:05:20.890" level="INFO">Typing text '01234567890' into text field '//*[@id="subcontent"]/div/form/div[1]/div[1]/input'.</msg>
<status status="PASS" starttime="20180731 19:05:20.890" endtime="20180731 19:05:20.957"></status>
</kw>
<kw name="Click Button" library="SeleniumLibrary">
<doc>Clicks button identified by ``locator``.</doc>
<arguments>
<arg>//*[@id="subcontent"]/div/form/div[7]/button[1]</arg>
</arguments>
<msg timestamp="20180731 19:05:20.958" level="INFO">Clicking button '//*[@id="subcontent"]/div/form/div[7]/button[1]'.</msg>
<status status="PASS" starttime="20180731 19:05:20.957" endtime="20180731 19:05:21.007"></status>
</kw>
<kw name="Sleep" library="BuiltIn">
<doc>Pauses the test executed for the given time.</doc>
<arguments>
<arg>3s</arg>
</arguments>
<msg timestamp="20180731 19:05:24.009" level="INFO">Slept 3 seconds</msg>
<status status="PASS" starttime="20180731 19:05:21.008" endtime="20180731 19:05:24.009"></status>
</kw>
<kw name="Alert Should Be Present" library="SeleniumLibrary">
<doc>Verifies that an alert is present and, by default, accepts it.</doc>
<arguments>
<arg>INCORRECT INPUT.</arg>
</arguments>
<status status="PASS" starttime="20180731 19:05:24.010" endtime="20180731 19:05:24.018"></status>
</kw>
<kw name="Click Element" library="SeleniumLibrary">
<doc>Click element identified by ``locator``.</doc>
<arguments>
<arg>//*[@id="subcontent"]/div/form/div[1]/div[1]/div[1]/label/span</arg>
</arguments>
<msg timestamp="20180731 19:05:24.020" level="INFO">Clicking element '//*[@id="subcontent"]/div/form/div[1]/div[1]/div[1]/label/span'.</msg>
<status status="PASS" starttime="20180731 19:05:24.019" endtime="20180731 19:05:24.066"></status>
</kw>
<kw name="Input Text" library="SeleniumLibrary">
<doc>Types the given ``text`` into text field identified by ``locator``.</doc>
<arguments>
<arg>//*[@id="subcontent"]/div/form/div[1]/div[1]/input</arg>
<arg>0123456789012</arg>
</arguments>
<msg timestamp="20180731 19:05:24.066" level="INFO">Typing text '0123456789012' into text field '//*[@id="subcontent"]/div/form/div[1]/div[1]/input'.</msg>
<status status="PASS" starttime="20180731 19:05:24.066" endtime="20180731 19:05:24.133"></status>
</kw>
<kw name="Click Button" library="SeleniumLibrary">
<doc>Clicks button identified by ``locator``.</doc>
<arguments>
<arg>//*[@id="subcontent"]/div/form/div[7]/button[1]</arg>
</arguments>
<msg timestamp="20180731 19:05:24.133" level="INFO">Clicking button '//*[@id="subcontent"]/div/form/div[7]/button[1]'.</msg>
<status status="PASS" starttime="20180731 19:05:24.133" endtime="20180731 19:05:24.179"></status>
</kw>
<kw name="Sleep" library="BuiltIn">
<doc>Pauses the test executed for the given time.</doc>
<arguments>
<arg>2s</arg>
</arguments>
<msg timestamp="20180731 19:05:26.180" level="INFO">Slept 2 seconds</msg>
<status status="PASS" starttime="20180731 19:05:24.179" endtime="20180731 19:05:26.180"></status>
</kw>
<kw name="Alert Should Be Present" library="SeleniumLibrary">
<doc>Verifies that an alert is present and, by default, accepts it.</doc>
<arguments>
<arg>INCORRECT INPUT.</arg>
</arguments>
<status status="PASS" starttime="20180731 19:05:26.181" endtime="20180731 19:05:26.189"></status>
</kw>
<kw name="Click Element" library="SeleniumLibrary">
<doc>Click element identified by ``locator``.</doc>
<arguments>
<arg>//*[@id="subcontent"]/div/form/div[1]/div[1]/div[2]/label/span</arg>
</arguments>
<msg timestamp="20180731 19:05:26.190" level="INFO">Clicking element '//*[@id="subcontent"]/div/form/div[1]/div[1]/div[2]/label/span'.</msg>
<status status="PASS" starttime="20180731 19:05:26.190" endtime="20180731 19:05:26.234"></status>
</kw>
<kw name="Input Text" library="SeleniumLibrary">
<doc>Types the given ``text`` into text field identified by ``locator``.</doc>
<arguments>
<arg>//*[@id="subcontent"]/div/form/div[1]/div[1]/input</arg>
<arg>012345678</arg>
</arguments>
<msg timestamp="20180731 19:05:26.235" level="INFO">Typing text '012345678' into text field '//*[@id="subcontent"]/div/form/div[1]/div[1]/input'.</msg>
<status status="PASS" starttime="20180731 19:05:26.234" endtime="20180731 19:05:26.288"></status>
</kw>
<kw name="Click Button" library="SeleniumLibrary">
<doc>Clicks button identified by ``locator``.</doc>
<arguments>
<arg>//*[@id="subcontent"]/div/form/div[7]/button[1]</arg>
</arguments>
<msg timestamp="20180731 19:05:26.288" level="INFO">Clicking button '//*[@id="subcontent"]/div/form/div[7]/button[1]'.</msg>
<status status="PASS" starttime="20180731 19:05:26.288" endtime="20180731 19:05:26.350"></status>
</kw>
<kw name="Sleep" library="BuiltIn">
<doc>Pauses the test executed for the given time.</doc>
<arguments>
<arg>3s</arg>
</arguments>
<msg timestamp="20180731 19:05:29.352" level="INFO">Slept 3 seconds</msg>
<status status="PASS" starttime="20180731 19:05:26.350" endtime="20180731 19:05:29.352"></status>
</kw>
<kw name="Alert Should Be Present" library="SeleniumLibrary">
<doc>Verifies that an alert is present and, by default, accepts it.</doc>
<arguments>
<arg>INCORRECT INPUT.</arg>
</arguments>
<status status="PASS" starttime="20180731 19:05:29.352" endtime="20180731 19:05:29.355"></status>
</kw>
<kw name="Click Element" library="SeleniumLibrary">
<doc>Click element identified by ``locator``.</doc>
<arguments>
<arg>//*[@id="subcontent"]/div/form/div[1]/div[1]/div[2]/label/span</arg>
</arguments>
<msg timestamp="20180731 19:05:29.356" level="INFO">Clicking element '//*[@id="subcontent"]/div/form/div[1]/div[1]/div[2]/label/span'.</msg>
<status status="PASS" starttime="20180731 19:05:29.355" endtime="20180731 19:05:29.403"></status>
</kw>
<kw name="Input Text" library="SeleniumLibrary">
<doc>Types the given ``text`` into text field identified by ``locator``.</doc>
<arguments>
<arg>//*[@id="subcontent"]/div/form/div[1]/div[1]/input</arg>
<arg>01234567890</arg>
</arguments>
<msg timestamp="20180731 19:05:29.403" level="INFO">Typing text '01234567890' into text field '//*[@id="subcontent"]/div/form/div[1]/div[1]/input'.</msg>
<status status="PASS" starttime="20180731 19:05:29.403" endtime="20180731 19:05:29.469"></status>
</kw>
<kw name="Click Button" library="SeleniumLibrary">
<doc>Clicks button identified by ``locator``.</doc>
<arguments>
<arg>//*[@id="subcontent"]/div/form/div[7]/button[1]</arg>
</arguments>
<msg timestamp="20180731 19:05:29.469" level="INFO">Clicking button '//*[@id="subcontent"]/div/form/div[7]/button[1]'.</msg>
<status status="PASS" starttime="20180731 19:05:29.469" endtime="20180731 19:05:29.527"></status>
</kw>
<kw name="Sleep" library="BuiltIn">
<doc>Pauses the test executed for the given time.</doc>
<arguments>
<arg>3s</arg>
</arguments>
<msg timestamp="20180731 19:05:32.529" level="INFO">Slept 3 seconds</msg>
<status status="PASS" starttime="20180731 19:05:29.527" endtime="20180731 19:05:32.529"></status>
</kw>
<kw name="Alert Should Be Present" library="SeleniumLibrary">
<doc>Verifies that an alert is present and, by default, accepts it.</doc>
<arguments>
<arg>INCORRECT INPUT.</arg>
</arguments>
<status status="PASS" starttime="20180731 19:05:32.529" endtime="20180731 19:05:32.536"></status>
</kw>
<status status="PASS" starttime="20180731 19:05:20.856" endtime="20180731 19:05:32.536"></status>
</kw>
<kw name="Valid Username Entry" library="users">
<kw name="Click Element" library="SeleniumLibrary">
<doc>Click element identified by ``locator``.</doc>
<arguments>
<arg>//*[@id="subcontent"]/div/form/div[1]/div[1]/div[1]/label/span</arg>
</arguments>
<msg timestamp="20180731 19:05:32.541" level="INFO">Clicking element '//*[@id="subcontent"]/div/form/div[1]/div[1]/div[1]/label/span'.</msg>
<status status="PASS" starttime="20180731 19:05:32.540" endtime="20180731 19:05:32.585"></status>
</kw>
<kw name="Input Text" library="SeleniumLibrary">
<doc>Types the given ``text`` into text field identified by ``locator``.</doc>
<arguments>
<arg>//*[@id="subcontent"]/div/form/div[1]/div[1]/input</arg>
<arg>012345678901</arg>
</arguments>
<msg timestamp="20180731 19:05:32.585" level="INFO">Typing text '012345678901' into text field '//*[@id="subcontent"]/div/form/div[1]/div[1]/input'.</msg>
<status status="PASS" starttime="20180731 19:05:32.585" endtime="20180731 19:05:32.650"></status>
</kw>
<kw name="Click Button" library="SeleniumLibrary">
<doc>Clicks button identified by ``locator``.</doc>
<arguments>
<arg>//*[@id="subcontent"]/div/form/div[7]/button[1]</arg>
</arguments>
<msg timestamp="20180731 19:05:32.650" level="INFO">Clicking button '//*[@id="subcontent"]/div/form/div[7]/button[1]'.</msg>
<status status="PASS" starttime="20180731 19:05:32.650" endtime="20180731 19:05:32.695"></status>
</kw>
<kw name="Sleep" library="BuiltIn">
<doc>Pauses the test executed for the given time.</doc>
<arguments>
<arg>3s</arg>
</arguments>
<msg timestamp="20180731 19:05:35.696" level="INFO">Slept 3 seconds</msg>
<status status="PASS" starttime="20180731 19:05:32.695" endtime="20180731 19:05:35.696"></status>
</kw>
<kw name="Alert Should Be Present" library="SeleniumLibrary">
<doc>Verifies that an alert is present and, by default, accepts it.</doc>
<arguments>
<arg>MAKE SURE ALL FIELDS ARE FILLED.</arg>
</arguments>
<status status="PASS" starttime="20180731 19:05:35.697" endtime="20180731 19:05:35.705"></status>
</kw>
<kw name="Click Element" library="SeleniumLibrary">
<doc>Click element identified by ``locator``.</doc>
<arguments>
<arg>//*[@id="subcontent"]/div/form/div[1]/div[1]/div[2]/label/span</arg>
</arguments>
<msg timestamp="20180731 19:05:35.707" level="INFO">Clicking element '//*[@id="subcontent"]/div/form/div[1]/div[1]/div[2]/label/span'.</msg>
<status status="PASS" starttime="20180731 19:05:35.706" endtime="20180731 19:05:35.767"></status>
</kw>
<kw name="Input Text" library="SeleniumLibrary">
<doc>Types the given ``text`` into text field identified by ``locator``.</doc>
<arguments>
<arg>//*[@id="subcontent"]/div/form/div[1]/div[1]/input</arg>
<arg>0123456789</arg>
</arguments>
<msg timestamp="20180731 19:05:35.767" level="INFO">Typing text '0123456789' into text field '//*[@id="subcontent"]/div/form/div[1]/div[1]/input'.</msg>
<status status="PASS" starttime="20180731 19:05:35.767" endtime="20180731 19:05:35.825"></status>
</kw>
<kw name="Click Button" library="SeleniumLibrary">
<doc>Clicks button identified by ``locator``.</doc>
<arguments>
<arg>//*[@id="subcontent"]/div/form/div[7]/button[1]</arg>
</arguments>
<msg timestamp="20180731 19:05:35.825" level="INFO">Clicking button '//*[@id="subcontent"]/div/form/div[7]/button[1]'.</msg>
<status status="PASS" starttime="20180731 19:05:35.825" endtime="20180731 19:05:35.885"></status>
</kw>
<kw name="Sleep" library="BuiltIn">
<doc>Pauses the test executed for the given time.</doc>
<arguments>
<arg>3s</arg>
</arguments>
<msg timestamp="20180731 19:05:38.886" level="INFO">Slept 3 seconds</msg>
<status status="PASS" starttime="20180731 19:05:35.885" endtime="20180731 19:05:38.886"></status>
</kw>
<kw name="Alert Should Be Present" library="SeleniumLibrary">
<doc>Verifies that an alert is present and, by default, accepts it.</doc>
<arguments>
<arg>MAKE SURE ALL FIELDS ARE FILLED.</arg>
</arguments>
<status status="PASS" starttime="20180731 19:05:38.887" endtime="20180731 19:05:38.895"></status>
</kw>
<status status="PASS" starttime="20180731 19:05:32.539" endtime="20180731 19:05:38.896"></status>
</kw>
<kw name="name entry" library="users">
<kw name="Click Element" library="SeleniumLibrary">
<doc>Click element identified by ``locator``.</doc>
<arguments>
<arg>xpath=//*[@id="subcontent"]/div/form/div[7]/button[1]</arg>
</arguments>
<msg timestamp="20180731 19:05:38.899" level="INFO">Clicking element 'xpath=//*[@id="subcontent"]/div/form/div[7]/button[1]'.</msg>
<status status="PASS" starttime="20180731 19:05:38.899" endtime="20180731 19:05:38.958"></status>
</kw>
<kw name="Sleep" library="BuiltIn">
<doc>Pauses the test executed for the given time.</doc>
<arguments>
<arg>3s</arg>
</arguments>
<msg timestamp="20180731 19:05:41.958" level="INFO">Slept 3 seconds</msg>
<status status="PASS" starttime="20180731 19:05:38.958" endtime="20180731 19:05:41.958"></status>
</kw>
<kw name="Alert Should Be Present" library="SeleniumLibrary">
<doc>Verifies that an alert is present and, by default, accepts it.</doc>
<arguments>
<arg>MAKE SURE ALL FIELDS ARE FILLED.</arg>
</arguments>
<status status="PASS" starttime="20180731 19:05:41.958" endtime="20180731 19:05:41.961"></status>
</kw>
<kw name="Input Text" library="SeleniumLibrary">
<doc>Types the given ``text`` into text field identified by ``locator``.</doc>
<arguments>
<arg>//*[@id="subcontent"]/div/form/div[2]/div[1]/input</arg>
<arg>f35d4f6ds65</arg>
</arguments>
<msg timestamp="20180731 19:05:41.961" level="INFO">Typing text 'f35d4f6ds65' into text field '//*[@id="subcontent"]/div/form/div[2]/div[1]/input'.</msg>
<status status="PASS" starttime="20180731 19:05:41.961" endtime="20180731 19:05:42.056"></status>
</kw>
<kw name="Click Element" library="SeleniumLibrary">
<doc>Click element identified by ``locator``.</doc>
<arguments>
<arg>//*[@id="subcontent"]/div/form/div[7]/button[1]</arg>
</arguments>
<msg timestamp="20180731 19:05:42.057" level="INFO">Clicking element '//*[@id="subcontent"]/div/form/div[7]/button[1]'.</msg>
<status status="PASS" starttime="20180731 19:05:42.057" endtime="20180731 19:05:42.095"></status>
</kw>
<kw name="Sleep" library="BuiltIn">
<doc>Pauses the test executed for the given time.</doc>
<arguments>
<arg>3s</arg>
</arguments>
<msg timestamp="20180731 19:05:45.097" level="INFO">Slept 3 seconds</msg>
<status status="PASS" starttime="20180731 19:05:42.096" endtime="20180731 19:05:45.097"></status>
</kw>
<kw name="Alert Should Be Present" library="SeleniumLibrary">
<doc>Verifies that an alert is present and, by default, accepts it.</doc>
<arguments>
<arg>INCORRECT INPUT.</arg>
</arguments>
<status status="PASS" starttime="20180731 19:05:45.098" endtime="20180731 19:05:45.106"></status>
</kw>
<kw name="Input Text" library="SeleniumLibrary">
<doc>Types the given ``text`` into text field identified by ``locator``.</doc>
<arguments>
<arg>//*[@id="subcontent"]/div/form/div[2]/div[2]/input</arg>
<arg>g645dfg564d</arg>
</arguments>
<msg timestamp="20180731 19:05:45.108" level="INFO">Typing text 'g645dfg564d' into text field '//*[@id="subcontent"]/div/form/div[2]/div[2]/input'.</msg>
<status status="PASS" starttime="20180731 19:05:45.107" endtime="20180731 19:05:45.208"></status>
</kw>
<kw name="Click Element" library="SeleniumLibrary">
<doc>Click element identified by ``locator``.</doc>
<arguments>
<arg>xpath=//*[@id="subcontent"]/div/form/div[7]/button[1]</arg>
</arguments>
<msg timestamp="20180731 19:05:45.209" level="INFO">Clicking element 'xpath=//*[@id="subcontent"]/div/form/div[7]/button[1]'.</msg>
<status status="PASS" starttime="20180731 19:05:45.208" endtime="20180731 19:05:45.251"></status>
</kw>
<kw name="Sleep" library="BuiltIn">
<doc>Pauses the test executed for the given time.</doc>
<arguments>
<arg>3s</arg>
</arguments>
<msg timestamp="20180731 19:05:48.252" level="INFO">Slept 3 seconds</msg>
<status status="PASS" starttime="20180731 19:05:45.251" endtime="20180731 19:05:48.252"></status>
</kw>
<kw name="Alert Should Be Present" library="SeleniumLibrary">
<doc>Verifies that an alert is present and, by default, accepts it.</doc>
<arguments>
<arg>INCORRECT INPUT.</arg>
</arguments>
<status status="PASS" starttime="20180731 19:05:48.253" endtime="20180731 19:05:48.262"></status>
</kw>
<kw name="Input Text" library="SeleniumLibrary">
<doc>Types the given ``text`` into text field identified by ``locator``.</doc>
<arguments>
<arg>//*[@id="subcontent"]/div/form/div[2]/div[2]/input</arg>
<arg>Last</arg>
</arguments>
<msg timestamp="20180731 19:05:48.263" level="INFO">Typing text 'Last' into text field '//*[@id="subcontent"]/div/form/div[2]/div[2]/input'.</msg>
<status status="PASS" starttime="20180731 19:05:48.262" endtime="20180731 19:05:48.354"></status>
</kw>
<kw name="Input Text" library="SeleniumLibrary">
<doc>Types the given ``text`` into text field identified by ``locator``.</doc>
<arguments>
<arg>//*[@id="subcontent"]/div/form/div[2]/div[1]/input</arg>
<arg>First</arg>
</arguments>
<msg timestamp="20180731 19:05:48.355" level="INFO">Typing text 'First' into text field '//*[@id="subcontent"]/div/form/div[2]/div[1]/input'.</msg>
<status status="PASS" starttime="20180731 19:05:48.355" endtime="20180731 19:05:48.400"></status>
</kw>
<kw name="Click Element" library="SeleniumLibrary">
<doc>Click element identified by ``locator``.</doc>
<arguments>
<arg>xpath=//*[@id="subcontent"]/div/form/div[7]/button[1]</arg>
</arguments>
<msg timestamp="20180731 19:05:48.400" level="INFO">Clicking element 'xpath=//*[@id="subcontent"]/div/form/div[7]/button[1]'.</msg>
<status status="PASS" starttime="20180731 19:05:48.400" endtime="20180731 19:05:48.441"></status>
</kw>
<kw name="Sleep" library="BuiltIn">
<doc>Pauses the test executed for the given time.</doc>
<arguments>
<arg>3s</arg>
</arguments>
<msg timestamp="20180731 19:05:51.443" level="INFO">Slept 3 seconds</msg>
<status status="PASS" starttime="20180731 19:05:48.442" endtime="20180731 19:05:51.443"></status>
</kw>
<kw name="Alert Should Be Present" library="SeleniumLibrary">
<doc>Verifies that an alert is present and, by default, accepts it.</doc>
<arguments>
<arg>MAKE SURE ALL FIELDS ARE FILLED.</arg>
</arguments>
<status status="PASS" starttime="20180731 19:05:51.444" endtime="20180731 19:05:51.452"></status>
</kw>
<status status="PASS" starttime="20180731 19:05:38.897" endtime="20180731 19:05:51.453"></status>
</kw>
<kw name="invalid contact num" library="users">
<kw name="Click Element" library="SeleniumLibrary">
<doc>Click element identified by ``locator``.</doc>
<arguments>
<arg>xpath=//*[@id="subcontent"]/div/form/div[7]/button[1]</arg>
</arguments>
<msg timestamp="20180731 19:05:51.460" level="INFO">Clicking element 'xpath=//*[@id="subcontent"]/div/form/div[7]/button[1]'.</msg>
<status status="PASS" starttime="20180731 19:05:51.459" endtime="20180731 19:05:51.513"></status>
</kw>
<kw name="Sleep" library="BuiltIn">
<doc>Pauses the test executed for the given time.</doc>
<arguments>
<arg>3s</arg>
</arguments>
<msg timestamp="20180731 19:05:54.515" level="INFO">Slept 3 seconds</msg>
<status status="PASS" starttime="20180731 19:05:51.513" endtime="20180731 19:05:54.515"></status>
</kw>
<kw name="Alert Should Be Present" library="SeleniumLibrary">
<doc>Verifies that an alert is present and, by default, accepts it.</doc>
<arguments>
<arg>MAKE SURE ALL FIELDS ARE FILLED.</arg>
</arguments>
<status status="PASS" starttime="20180731 19:05:54.515" endtime="20180731 19:05:54.520"></status>
</kw>
<kw name="Input Text" library="SeleniumLibrary">
<doc>Types the given ``text`` into text field identified by ``locator``.</doc>
<arguments>
<arg>//*[@id="subcontent"]/div/form/div[3]/div[1]/input</arg>
<arg>15646868</arg>
</arguments>
<msg timestamp="20180731 19:05:54.521" level="INFO">Typing text '15646868' into text field '//*[@id="subcontent"]/div/form/div[3]/div[1]/input'.</msg>
<status status="PASS" starttime="20180731 19:05:54.521" endtime="20180731 19:05:54.616"></status>
</kw>
<kw name="Click Element" library="SeleniumLibrary">
<doc>Click element identified by ``locator``.</doc>
<arguments>
<arg>xpath=//*[@id="subcontent"]/div/form/div[7]/button[1]</arg>
</arguments>
<msg timestamp="20180731 19:05:54.616" level="INFO">Clicking element 'xpath=//*[@id="subcontent"]/div/form/div[7]/button[1]'.</msg>
<status status="PASS" starttime="20180731 19:05:54.616" endtime="20180731 19:05:54.653"></status>
</kw>
<kw name="Sleep" library="BuiltIn">
<doc>Pauses the test executed for the given time.</doc>
<arguments>
<arg>3s</arg>
</arguments>
<msg timestamp="20180731 19:05:57.655" level="INFO">Slept 3 seconds</msg>
<status status="PASS" starttime="20180731 19:05:54.654" endtime="20180731 19:05:57.655"></status>
</kw>
<kw name="Alert Should Be Present" library="SeleniumLibrary">
<doc>Verifies that an alert is present and, by default, accepts it.</doc>
<arguments>
<arg>INCORRECT INPUT.</arg>
</arguments>
<status status="PASS" starttime="20180731 19:05:57.656" endtime="20180731 19:05:57.664"></status>
</kw>
<kw name="Input Text" library="SeleniumLibrary">
<doc>Types the given ``text`` into text field identified by ``locator``.</doc>
<arguments>
<arg>//*[@id="subcontent"]/div/form/div[3]/div[1]/input</arg>
<arg>ggfdhdfgh</arg>
</arguments>
<msg timestamp="20180731 19:05:57.666" level="INFO">Typing text 'ggfdhdfgh' into text field '//*[@id="subcontent"]/div/form/div[3]/div[1]/input'.</msg>
<status status="PASS" starttime="20180731 19:05:57.665" endtime="20180731 19:05:57.749"></status>
</kw>
<kw name="Click Element" library="SeleniumLibrary">
<doc>Click element identified by ``locator``.</doc>
<arguments>
<arg>xpath=//*[@id="subcontent"]/div/form/div[7]/button[1]</arg>
</arguments>
<msg timestamp="20180731 19:05:57.749" level="INFO">Clicking element 'xpath=//*[@id="subcontent"]/div/form/div[7]/button[1]'.</msg>
<status status="PASS" starttime="20180731 19:05:57.749" endtime="20180731 19:05:57.776"></status>
</kw>
<kw name="Sleep" library="BuiltIn">
<doc>Pauses the test executed for the given time.</doc>
<arguments>
<arg>3s</arg>
</arguments>
<msg timestamp="20180731 19:06:00.778" level="INFO">Slept 3 seconds</msg>
<status status="PASS" starttime="20180731 19:05:57.776" endtime="20180731 19:06:00.778"></status>
</kw>
<kw name="Alert Should Be Present" library="SeleniumLibrary">
<doc>Verifies that an alert is present and, by default, accepts it.</doc>
<arguments>
<arg>INCORRECT INPUT.</arg>
</arguments>
<status status="PASS" starttime="20180731 19:06:00.779" endtime="20180731 19:06:00.787"></status>
</kw>
<kw name="Input Text" library="SeleniumLibrary">
<doc>Types the given ``text`` into text field identified by ``locator``.</doc>
<arguments>
<arg>//*[@id="subcontent"]/div/form/div[3]/div[1]/input</arg>
<arg>12345678901</arg>
</arguments>
<msg timestamp="20180731 19:06:00.789" level="INFO">Typing text '12345678901' into text field '//*[@id="subcontent"]/div/form/div[3]/div[1]/input'.</msg>
<status status="PASS" starttime="20180731 19:06:00.788" endtime="20180731 19:06:00.875"></status>
</kw>
<kw name="Click Element" library="SeleniumLibrary">
<doc>Click element identified by ``locator``.</doc>
<arguments>
<arg>xpath=//*[@id="subcontent"]/div/form/div[7]/button[1]</arg>
</arguments>
<msg timestamp="20180731 19:06:00.876" level="INFO">Clicking element 'xpath=//*[@id="subcontent"]/div/form/div[7]/button[1]'.</msg>
<status status="PASS" starttime="20180731 19:06:00.875" endtime="20180731 19:06:00.902"></status>
</kw>
<kw name="Sleep" library="BuiltIn">
<doc>Pauses the test executed for the given time.</doc>
<arguments>
<arg>3s</arg>
</arguments>
<msg timestamp="20180731 19:06:03.904" level="INFO">Slept 3 seconds</msg>
<status status="PASS" starttime="20180731 19:06:00.903" endtime="20180731 19:06:03.904"></status>
</kw>
<kw name="Alert Should Be Present" library="SeleniumLibrary">
<doc>Verifies that an alert is present and, by default, accepts it.</doc>
<arguments>
<arg>INCORRECT INPUT.</arg>
</arguments>
<status status="PASS" starttime="20180731 19:06:03.904" endtime="20180731 19:06:03.911"></status>
</kw>
<status status="PASS" starttime="20180731 19:05:51.458" endtime="20180731 19:06:03.912"></status>
</kw>
<kw name="invalid alternte contact num" library="users">
<kw name="Click Element" library="SeleniumLibrary">
<doc>Click element identified by ``locator``.</doc>
<arguments>
<arg>xpath=//*[@id="subcontent"]/div/form/div[7]/button[1]</arg>
</arguments>
<msg timestamp="20180731 19:06:03.915" level="INFO">Clicking element 'xpath=//*[@id="subcontent"]/div/form/div[7]/button[1]'.</msg>
<status status="PASS" starttime="20180731 19:06:03.915" endtime="20180731 19:06:03.971"></status>
</kw>
<kw name="Sleep" library="BuiltIn">
<doc>Pauses the test executed for the given time.</doc>
<arguments>
<arg>3s</arg>
</arguments>
<msg timestamp="20180731 19:06:06.972" level="INFO">Slept 3 seconds</msg>
<status status="PASS" starttime="20180731 19:06:03.971" endtime="20180731 19:06:06.972"></status>
</kw>
<kw name="Alert Should Be Present" library="SeleniumLibrary">
<doc>Verifies that an alert is present and, by default, accepts it.</doc>
<arguments>
<arg>INCORRECT INPUT.</arg>
</arguments>
<status status="PASS" starttime="20180731 19:06:06.972" endtime="20180731 19:06:06.977"></status>
</kw>
<kw name="Input Text" library="SeleniumLibrary">
<doc>Types the given ``text`` into text field identified by ``locator``.</doc>
<arguments>
<arg>//*[@id="subcontent"]/div/form/div[3]/div[2]/input</arg>
<arg>15646868</arg>
</arguments>
<msg timestamp="20180731 19:06:06.978" level="INFO">Typing text '15646868' into text field '//*[@id="subcontent"]/div/form/div[3]/div[2]/input'.</msg>
<status status="PASS" starttime="20180731 19:06:06.978" endtime="20180731 19:06:07.067"></status>
</kw>
<kw name="Click Element" library="SeleniumLibrary">
<doc>Click element identified by ``locator``.</doc>
<arguments>
<arg>xpath=//*[@id="subcontent"]/div/form/div[7]/button[1]</arg>
</arguments>
<msg timestamp="20180731 19:06:07.067" level="INFO">Clicking element 'xpath=//*[@id="subcontent"]/div/form/div[7]/button[1]'.</msg>
<status status="PASS" starttime="20180731 19:06:07.067" endtime="20180731 19:06:07.112"></status>
</kw>
<kw name="Sleep" library="BuiltIn">
<doc>Pauses the test executed for the given time.</doc>
<arguments>
<arg>3s</arg>
</arguments>
<msg timestamp="20180731 19:06:10.113" level="INFO">Slept 3 seconds</msg>
<status status="PASS" starttime="20180731 19:06:07.112" endtime="20180731 19:06:10.113"></status>
</kw>
<kw name="Alert Should Be Present" library="SeleniumLibrary">
<doc>Verifies that an alert is present and, by default, accepts it.</doc>
<arguments>
<arg>INCORRECT INPUT.</arg>
</arguments>
<status status="PASS" starttime="20180731 19:06:10.113" endtime="20180731 19:06:10.117"></status>
</kw>
<kw name="Input Text" library="SeleniumLibrary">
<doc>Types the given ``text`` into text field identified by ``locator``.</doc>
<arguments>
<arg>//*[@id="subcontent"]/div/form/div[3]/div[2]/input</arg>
<arg>ggfdhdfgh</arg>
</arguments>
<msg timestamp="20180731 19:06:10.118" level="INFO">Typing text 'ggfdhdfgh' into text field '//*[@id="subcontent"]/div/form/div[3]/div[2]/input'.</msg>
<status status="PASS" starttime="20180731 19:06:10.117" endtime="20180731 19:06:10.184"></status>
</kw>
<kw name="Click Element" library="SeleniumLibrary">
<doc>Click element identified by ``locator``.</doc>
<arguments>
<arg>xpath=//*[@id="subcontent"]/div/form/div[7]/button[1]</arg>
</arguments>
<msg timestamp="20180731 19:06:10.184" level="INFO">Clicking element 'xpath=//*[@id="subcontent"]/div/form/div[7]/button[1]'.</msg>
<status status="PASS" starttime="20180731 19:06:10.184" endtime="20180731 19:06:10.216"></status>
</kw>
<kw name="Sleep" library="BuiltIn">
<doc>Pauses the test executed for the given time.</doc>
<arguments>
<arg>3s</arg>
</arguments>
<msg timestamp="20180731 19:06:13.217" level="INFO">Slept 3 seconds</msg>
<status status="PASS" starttime="20180731 19:06:10.216" endtime="20180731 19:06:13.217"></status>
</kw>
<kw name="Alert Should Be Present" library="SeleniumLibrary">
<doc>Verifies that an alert is present and, by default, accepts it.</doc>
<arguments>
<arg>INCORRECT INPUT.</arg>
</arguments>
<status status="PASS" starttime="20180731 19:06:13.218" endtime="20180731 19:06:13.226"></status>
</kw>
<kw name="Input Text" library="SeleniumLibrary">
<doc>Types the given ``text`` into text field identified by ``locator``.</doc>
<arguments>
<arg>//*[@id="subcontent"]/div/form/div[3]/div[2]/input</arg>
<arg>12345678901</arg>
</arguments>
<msg timestamp="20180731 19:06:13.228" level="INFO">Typing text '12345678901' into text field '//*[@id="subcontent"]/div/form/div[3]/div[2]/input'.</msg>
<status status="PASS" starttime="20180731 19:06:13.227" endtime="20180731 19:06:13.292"></status>
</kw>
<kw name="Click Element" library="SeleniumLibrary">
<doc>Click element identified by ``locator``.</doc>
<arguments>
<arg>xpath=//*[@id="subcontent"]/div/form/div[7]/button[1]</arg>
</arguments>
<msg timestamp="20180731 19:06:13.292" level="INFO">Clicking element 'xpath=//*[@id="subcontent"]/div/form/div[7]/button[1]'.</msg>
<status status="PASS" starttime="20180731 19:06:13.292" endtime="20180731 19:06:13.337"></status>
</kw>
<kw name="Sleep" library="BuiltIn">
<doc>Pauses the test executed for the given time.</doc>
<arguments>
<arg>3s</arg>
</arguments>
<msg timestamp="20180731 19:06:16.338" level="INFO">Slept 3 seconds</msg>
<status status="PASS" starttime="20180731 19:06:13.338" endtime="20180731 19:06:16.338"></status>
</kw>
<kw name="Alert Should Be Present" library="SeleniumLibrary">
<doc>Verifies that an alert is present and, by default, accepts it.</doc>
<arguments>
<arg>INCORRECT INPUT.</arg>
</arguments>
<status status="PASS" starttime="20180731 19:06:16.339" endtime="20180731 19:06:16.348"></status>
</kw>
<status status="PASS" starttime="20180731 19:06:03.914" endtime="20180731 19:06:16.348"></status>
</kw>
<kw name="valid contact nums" library="users">
<kw name="Input Text" library="SeleniumLibrary">
<doc>Types the given ``text`` into text field identified by ``locator``.</doc>
<arguments>
<arg>//*[@id="subcontent"]/div/form/div[3]/div[1]/input</arg>
<arg>1234567890</arg>
</arguments>
<msg timestamp="20180731 19:06:16.352" level="INFO">Typing text '1234567890' into text field '//*[@id="subcontent"]/div/form/div[3]/div[1]/input'.</msg>
<status status="PASS" starttime="20180731 19:06:16.351" endtime="20180731 19:06:16.425"></status>
</kw>
<kw name="Input Text" library="SeleniumLibrary">
<doc>Types the given ``text`` into text field identified by ``locator``.</doc>
<arguments>
<arg>//*[@id="subcontent"]/div/form/div[3]/div[2]/input</arg>
<arg>1234567891</arg>
</arguments>
<msg timestamp="20180731 19:06:16.425" level="INFO">Typing text '1234567891' into text field '//*[@id="subcontent"]/div/form/div[3]/div[2]/input'.</msg>
<status status="PASS" starttime="20180731 19:06:16.425" endtime="20180731 19:06:16.484"></status>
</kw>
<kw name="Click Element" library="SeleniumLibrary">
<doc>Click element identified by ``locator``.</doc>
<arguments>
<arg>xpath=//*[@id="subcontent"]/div/form/div[7]/button[1]</arg>
</arguments>
<msg timestamp="20180731 19:06:16.484" level="INFO">Clicking element 'xpath=//*[@id="subcontent"]/div/form/div[7]/button[1]'.</msg>
<status status="PASS" starttime="20180731 19:06:16.484" endtime="20180731 19:06:16.527"></status>
</kw>
<kw name="Sleep" library="BuiltIn">
<doc>Pauses the test executed for the given time.</doc>
<arguments>
<arg>3s</arg>
</arguments>
<msg timestamp="20180731 19:06:19.529" level="INFO">Slept 3 seconds</msg>
<status status="PASS" starttime="20180731 19:06:16.527" endtime="20180731 19:06:19.529"></status>
</kw>
<kw name="Alert Should Be Present" library="SeleniumLibrary">
<doc>Verifies that an alert is present and, by default, accepts it.</doc>
<arguments>
<arg>MAKE SURE ALL FIELDS ARE FILLED.</arg>
</arguments>
<status status="PASS" starttime="20180731 19:06:19.529" endtime="20180731 19:06:19.536"></status>
</kw>
<status status="PASS" starttime="20180731 19:06:16.350" endtime="20180731 19:06:19.537"></status>
</kw>
<kw name="enter address and submit" library="users">
<kw name="Input Text" library="SeleniumLibrary">
<doc>Types the given ``text`` into text field identified by ``locator``.</doc>
<arguments>
<arg>//*[@id="subcontent"]/div/form/div[4]/div[1]/input</arg>
<arg>2-13-7/1</arg>
</arguments>
<msg timestamp="20180731 19:06:19.539" level="INFO">Typing text '2-13-7/1' into text field '//*[@id="subcontent"]/div/form/div[4]/div[1]/input'.</msg>
<status status="PASS" starttime="20180731 19:06:19.539" endtime="20180731 19:06:19.619"></status>
</kw>
<kw name="Click Element" library="SeleniumLibrary">
<doc>Click element identified by ``locator``.</doc>
<arguments>
<arg>xpath=//*[@id="subcontent"]/div/form/div[7]/button[1]</arg>
</arguments>
<msg timestamp="20180731 19:06:19.619" level="INFO">Clicking element 'xpath=//*[@id="subcontent"]/div/form/div[7]/button[1]'.</msg>
<status status="PASS" starttime="20180731 19:06:19.619" endtime="20180731 19:06:19.667"></status>
</kw>
<kw name="Sleep" library="BuiltIn">
<doc>Pauses the test executed for the given time.</doc>
<arguments>
<arg>3s</arg>
</arguments>
<msg timestamp="20180731 19:06:22.668" level="INFO">Slept 3 seconds</msg>
<status status="PASS" starttime="20180731 19:06:19.667" endtime="20180731 19:06:22.668"></status>
</kw>
<kw name="Alert Should Be Present" library="SeleniumLibrary">
<doc>Verifies that an alert is present and, by default, accepts it.</doc>
<arguments>
<arg>MAKE SURE ALL FIELDS ARE FILLED.</arg>
</arguments>
<status status="PASS" starttime="20180731 19:06:22.668" endtime="20180731 19:06:22.673"></status>
</kw>
<kw name="Input Text" library="SeleniumLibrary">
<doc>Types the given ``text`` into text field identified by ``locator``.</doc>
<arguments>
<arg>//*[@id="subcontent"]/div/form/div[4]/div[2]/input</arg>
<arg>abcd</arg>
</arguments>
<msg timestamp="20180731 19:06:22.673" level="INFO">Typing text 'abcd' into text field '//*[@id="subcontent"]/div/form/div[4]/div[2]/input'.</msg>
<status status="PASS" starttime="20180731 19:06:22.673" endtime="20180731 19:06:22.760"></status>
</kw>
<kw name="Input Text" library="SeleniumLibrary">
<doc>Types the given ``text`` into text field identified by ``locator``.</doc>
<arguments>
<arg>//*[@id="subcontent"]/div/form/div[4]/div[3]/input</arg>
<arg>efgh</arg>
</arguments>
<msg timestamp="20180731 19:06:22.760" level="INFO">Typing text 'efgh' into text field '//*[@id="subcontent"]/div/form/div[4]/div[3]/input'.</msg>
<status status="PASS" starttime="20180731 19:06:22.760" endtime="20180731 19:06:22.828"></status>
</kw>
<kw name="Input Text" library="SeleniumLibrary">
<doc>Types the given ``text`` into text field identified by ``locator``.</doc>
<arguments>
<arg>//*[@id="subcontent"]/div/form/div[5]/div[1]/input</arg>
<arg>ijkl</arg>
</arguments>
<msg timestamp="20180731 19:06:22.828" level="INFO">Typing text 'ijkl' into text field '//*[@id="subcontent"]/div/form/div[5]/div[1]/input'.</msg>
<status status="PASS" starttime="20180731 19:06:22.828" endtime="20180731 19:06:22.889"></status>
</kw>
<kw name="Click Element" library="SeleniumLibrary">
<doc>Click element identified by ``locator``.</doc>
<arguments>
<arg>xpath=//*[@id="subcontent"]/div/form/div[7]/button[1]</arg>
</arguments>
<msg timestamp="20180731 19:06:22.890" level="INFO">Clicking element 'xpath=//*[@id="subcontent"]/div/form/div[7]/button[1]'.</msg>
<status status="PASS" starttime="20180731 19:06:22.889" endtime="20180731 19:06:22.944"></status>
</kw>
<kw name="Sleep" library="BuiltIn">
<doc>Pauses the test executed for the given time.</doc>
<arguments>
<arg>3s</arg>
</arguments>
<msg timestamp="20180731 19:06:25.946" level="INFO">Slept 3 seconds</msg>
<status status="PASS" starttime="20180731 19:06:22.944" endtime="20180731 19:06:25.946"></status>
</kw>
<kw name="Alert Should Be Present" library="SeleniumLibrary">
<doc>Verifies that an alert is present and, by default, accepts it.</doc>
<arguments>
<arg>MAKE SURE ALL FIELDS ARE FILLED.</arg>
</arguments>
<status status="PASS" starttime="20180731 19:06:25.947" endtime="20180731 19:06:25.956"></status>
</kw>
<kw name="Input Text" library="SeleniumLibrary">
<doc>Types the given ``text`` into text field identified by ``locator``.</doc>
<arguments>
<arg>//*[@id="subcontent"]/div/form/div[5]/div[3]/input</arg>
<arg>534101</arg>
</arguments>
<msg timestamp="20180731 19:06:25.957" level="INFO">Typing text '534101' into text field '//*[@id="subcontent"]/div/form/div[5]/div[3]/input'.</msg>
<status status="PASS" starttime="20180731 19:06:25.957" endtime="20180731 19:06:26.046"></status>
</kw>
<kw name="Click Element" library="SeleniumLibrary">
<doc>Click element identified by ``locator``.</doc>
<arguments>
<arg>xpath=//*[@id="subcontent"]/div/form/div[7]/button[1]</arg>
</arguments>
<msg timestamp="20180731 19:06:26.046" level="INFO">Clicking element 'xpath=//*[@id="subcontent"]/div/form/div[7]/button[1]'.</msg>
<status status="PASS" starttime="20180731 19:06:26.046" endtime="20180731 19:06:26.217"></status>
</kw>
<kw name="Sleep" library="BuiltIn">
<doc>Pauses the test executed for the given time.</doc>
<arguments>
<arg>3s</arg>
</arguments>
<msg timestamp="20180731 19:06:29.219" level="INFO">Slept 3 seconds</msg>
<status status="PASS" starttime="20180731 19:06:26.217" endtime="20180731 19:06:29.219"></status>
</kw>
<kw name="Handle Alert" library="SeleniumLibrary">
<doc>Handles the current alert and returns its message.</doc>
<status status="PASS" starttime="20180731 19:06:29.220" endtime="20180731 19:06:29.238"></status>
</kw>
<status status="PASS" starttime="20180731 19:06:19.538" endtime="20180731 19:06:29.238"></status>
</kw>
<kw name="click edit" library="users">
<kw name="Click Element" library="SeleniumLibrary">
<doc>Click element identified by ``locator``.</doc>
<arguments>
<arg>//*[@id="content"]/div/div/div[1]/nav/ul/li[2]/a</arg>
</arguments>
<msg timestamp="20180731 19:06:29.241" level="INFO">Clicking element '//*[@id="content"]/div/div/div[1]/nav/ul/li[2]/a'.</msg>
<status status="PASS" starttime="20180731 19:06:29.240" endtime="20180731 19:06:29.302"></status>
</kw>
<kw name="Sleep" library="BuiltIn">
<doc>Pauses the test executed for the given time.</doc>
<arguments>
<arg>3s</arg>
</arguments>
<msg timestamp="20180731 19:06:32.303" level="INFO">Slept 3 seconds</msg>
<status status="PASS" starttime="20180731 19:06:29.302" endtime="20180731 19:06:32.303"></status>
</kw>
<kw name="Wait Until Page Contains Element" library="SeleniumLibrary">
<doc>Waits until element ``locator`` appears on current page.</doc>
<arguments>
<arg>name=edit_user</arg>
</arguments>
<status status="PASS" starttime="20180731 19:06:32.303" endtime="20180731 19:06:32.334"></status>
</kw>
<status status="PASS" starttime="20180731 19:06:29.239" endtime="20180731 19:06:32.334"></status>
</kw>
<kw name="edit existing user" library="users">
<kw name="Input Text" library="SeleniumLibrary">
<doc>Types the given ``text`` into text field identified by ``locator``.</doc>
<arguments>
<arg>name=username</arg>
<arg>0123456789</arg>
</arguments>
<msg timestamp="20180731 19:06:32.334" level="INFO">Typing text '0123456789' into text field 'name=username'.</msg>
<status status="PASS" starttime="20180731 19:06:32.334" endtime="20180731 19:06:32.432"></status>
</kw>
<kw name="Set Focus To Element" library="SeleniumLibrary">
<doc>Sets focus to element identified by ``locator``.</doc>
<arguments>
<arg>name=fname</arg>
</arguments>
<status status="PASS" starttime="20180731 19:06:32.432" endtime="20180731 19:06:32.459"></status>
</kw>
<kw name="Sleep" library="BuiltIn">
<doc>Pauses the test executed for the given time.</doc>
<arguments>
<arg>3s</arg>
</arguments>
<msg timestamp="20180731 19:06:35.467" level="INFO">Slept 3 seconds</msg>
<status status="PASS" starttime="20180731 19:06:32.459" endtime="20180731 19:06:35.467"></status>
</kw>
<kw name="Wait Until Page Contains" library="SeleniumLibrary">
<doc>Waits until ``text`` appears on current page.</doc>
<arguments>
<arg>First</arg>
</arguments>
<status status="PASS" starttime="20180731 19:06:35.467" endtime="20180731 19:06:35.467"></status>
</kw>
<kw name="Wait Until Page Contains" library="SeleniumLibrary">
<doc>Waits until ``text`` appears on current page.</doc>
<arguments>
<arg>Last</arg>
</arguments>
<status status="PASS" starttime="20180731 19:06:35.467" endtime="20180731 19:06:35.483"></status>
</kw>
<kw name="Wait Until Page Contains" library="SeleniumLibrary">
<doc>Waits until ``text`` appears on current page.</doc>
<arguments>
<arg>1234567890</arg>
</arguments>
<status status="PASS" starttime="20180731 19:06:35.483" endtime="20180731 19:06:35.499"></status>
</kw>
<kw name="Wait Until Page Contains" library="SeleniumLibrary">
<doc>Waits until ``text`` appears on current page.</doc>
<arguments>
<arg>2-13-7/1</arg>
</arguments>
<status status="PASS" starttime="20180731 19:06:35.499" endtime="20180731 19:06:35.499"></status>
</kw>
<kw name="Wait Until Page Contains" library="SeleniumLibrary">
<doc>Waits until ``text`` appears on current page.</doc>
<arguments>
<arg>abcd</arg>
</arguments>
<status status="PASS" starttime="20180731 19:06:35.499" endtime="20180731 19:06:35.514"></status>
</kw>
<kw name="Wait Until Page Contains" library="SeleniumLibrary">
<doc>Waits until ``text`` appears on current page.</doc>
<arguments>
<arg>efgh</arg>
</arguments>
<status status="PASS" starttime="20180731 19:06:35.514" endtime="20180731 19:06:35.530"></status>
</kw>
<kw name="Wait Until Page Contains" library="SeleniumLibrary">
<doc>Waits until ``text`` appears on current page.</doc>
<arguments>
<arg>ijkl</arg>
</arguments>
<status status="PASS" starttime="20180731 19:06:35.530" endtime="20180731 19:06:35.530"></status>
</kw>
<kw name="Wait Until Page Contains" library="SeleniumLibrary">
<doc>Waits until ``text`` appears on current page.</doc>
<arguments>
<arg>West Godavari</arg>
</arguments>
<status status="PASS" starttime="20180731 19:06:35.530" endtime="20180731 19:06:35.545"></status>
</kw>
<kw name="Wait Until Page Contains" library="SeleniumLibrary">
<doc>Waits until ``text`` appears on current page.</doc>
<arguments>
<arg>534101</arg>
</arguments>
<status status="PASS" starttime="20180731 19:06:35.545" endtime="20180731 19:06:35.561"></status>
</kw>
<status status="PASS" starttime="20180731 19:06:32.334" endtime="20180731 19:06:35.561"></status>
</kw>
<kw name="click view" library="users">
<kw name="Click Element" library="SeleniumLibrary">
<doc>Click element identified by ``locator``.</doc>
<arguments>
<arg>//*[@id="content"]/div/div/div[1]/nav/ul/li[4]/a</arg>
</arguments>
<msg timestamp="20180731 19:06:35.561" level="INFO">Clicking element '//*[@id="content"]/div/div/div[1]/nav/ul/li[4]/a'.</msg>
<status status="PASS" starttime="20180731 19:06:35.561" endtime="20180731 19:06:35.613"></status>
</kw>
<kw name="Sleep" library="BuiltIn">
<doc>Pauses the test executed for the given time.</doc>
<arguments>
<arg>3s</arg>
</arguments>
<msg timestamp="20180731 19:06:38.626" level="INFO">Slept 3 seconds</msg>
<status status="PASS" starttime="20180731 19:06:35.613" endtime="20180731 19:06:38.626"></status>
</kw>
<kw name="Wait Until Page Contains Element" library="SeleniumLibrary">
<doc>Waits until element ``locator`` appears on current page.</doc>
<arguments>
<arg>name=view_user</arg>
</arguments>
<status status="PASS" starttime="20180731 19:06:38.626" endtime="20180731 19:06:38.626"></status>
</kw>
<status status="PASS" starttime="20180731 19:06:35.561" endtime="20180731 19:06:38.626"></status>
</kw>
<kw name="view existing user" library="users">
<kw name="Input Text" library="SeleniumLibrary">
<doc>Types the given ``text`` into text field identified by ``locator``.</doc>
<arguments>
<arg>name=username</arg>
<arg>0123456789</arg>
</arguments>
<msg timestamp="20180731 19:06:38.626" level="INFO">Typing text '0123456789' into text field 'name=username'.</msg>
<status status="PASS" starttime="20180731 19:06:38.626" endtime="20180731 19:06:38.721"></status>
</kw>
<kw name="Set Focus To Element" library="SeleniumLibrary">
<doc>Sets focus to element identified by ``locator``.</doc>
<arguments>
<arg>name=user_names</arg>
</arguments>
<status status="PASS" starttime="20180731 19:06:38.721" endtime="20180731 19:06:38.740"></status>
</kw>
<kw name="Sleep" library="BuiltIn">
<doc>Pauses the test executed for the given time.</doc>
<arguments>
<arg>3s</arg>
</arguments>
<msg timestamp="20180731 19:06:41.756" level="INFO">Slept 3 seconds</msg>
<status status="PASS" starttime="20180731 19:06:38.741" endtime="20180731 19:06:41.756"></status>
</kw>
<kw name="Wait Until Page Contains" library="SeleniumLibrary">
<doc>Waits until ``text`` appears on current page.</doc>
<arguments>
<arg>First</arg>
</arguments>
<status status="PASS" starttime="20180731 19:06:41.756" endtime="20180731 19:06:41.756"></status>
</kw>
<kw name="Wait Until Page Contains" library="SeleniumLibrary">
<doc>Waits until ``text`` appears on current page.</doc>
<arguments>
<arg>Last</arg>
</arguments>
<status status="PASS" starttime="20180731 19:06:41.756" endtime="20180731 19:06:41.771"></status>
</kw>
<kw name="Wait Until Page Contains" library="SeleniumLibrary">
<doc>Waits until ``text`` appears on current page.</doc>
<arguments>
<arg>1234567890</arg>
</arguments>
<status status="PASS" starttime="20180731 19:06:41.771" endtime="20180731 19:06:41.771"></status>
</kw>
<kw name="Wait Until Page Contains" library="SeleniumLibrary">
<doc>Waits until ``text`` appears on current page.</doc>
<arguments>
<arg>2-13-7/1</arg>
</arguments>
<status status="PASS" starttime="20180731 19:06:41.771" endtime="20180731 19:06:41.771"></status>
</kw>
<kw name="Wait Until Page Contains" library="SeleniumLibrary">
<doc>Waits until ``text`` appears on current page.</doc>
<arguments>
<arg>abcd</arg>
</arguments>
<status status="PASS" starttime="20180731 19:06:41.771" endtime="20180731 19:06:41.787"></status>
</kw>
<kw name="Wait Until Page Contains" library="SeleniumLibrary">
<doc>Waits until ``text`` appears on current page.</doc>
<arguments>
<arg>efgh</arg>
</arguments>
<status status="PASS" starttime="20180731 19:06:41.787" endtime="20180731 19:06:41.787"></status>
</kw>
<kw name="Wait Until Page Contains" library="SeleniumLibrary">
<doc>Waits until ``text`` appears on current page.</doc>
<arguments>
<arg>ijkl</arg>
</arguments>
<status status="PASS" starttime="20180731 19:06:41.787" endtime="20180731 19:06:41.787"></status>
</kw>
<kw name="Wait Until Page Contains" library="SeleniumLibrary">
<doc>Waits until ``text`` appears on current page.</doc>
<arguments>
<arg>West Godavari</arg>
</arguments>
<status status="PASS" starttime="20180731 19:06:41.787" endtime="20180731 19:06:41.802"></status>
</kw>
<kw name="Wait Until Page Contains" library="SeleniumLibrary">
<doc>Waits until ``text`` appears on current page.</doc>
<arguments>
<arg>534101</arg>
</arguments>
<status status="PASS" starttime="20180731 19:06:41.802" endtime="20180731 19:06:41.802"></status>
</kw>
<status status="PASS" starttime="20180731 19:06:38.626" endtime="20180731 19:06:41.802"></status>
</kw>
<kw name="End Test" library="common" type="teardown">
<kw name="Close Browser" library="SeleniumLibrary">
<doc>Closes the current browser.</doc>
<status status="PASS" starttime="20180731 19:06:41.802" endtime="20180731 19:06:43.991"></status>
</kw>
<status status="PASS" starttime="20180731 19:06:41.802" endtime="20180731 19:06:43.991"></status>
</kw>
<status status="PASS" starttime="20180731 19:04:51.221" endtime="20180731 19:06:43.991" critical="yes"></status>
</test>
<test id="s1-t3" name="Article Finance 1">
<kw name="Begin Test" library="common" type="setup">
<kw name="Open Browser" library="SeleniumLibrary">
<doc>Opens a new browser instance to the given ``url``.</doc>
<arguments>
<arg>${Url}</arg>
<arg>${Browser}</arg>
</arguments>
<msg timestamp="20180731 19:06:44.007" level="INFO">Opening browser 'gc' to base url 'http://localhost/mlf/'.</msg>
<status status="PASS" starttime="20180731 19:06:44.007" endtime="20180731 19:06:47.082"></status>
</kw>
<kw name="Sleep" library="BuiltIn">
<doc>Pauses the test executed for the given time.</doc>
<arguments>
<arg>3s</arg>
</arguments>
<msg timestamp="20180731 19:06:50.086" level="INFO">Slept 3 seconds</msg>
<status status="PASS" starttime="20180731 19:06:47.083" endtime="20180731 19:06:50.086"></status>
</kw>
<kw name="Wait Until Page Contains Element" library="SeleniumLibrary">
<doc>Waits until element ``locator`` appears on current page.</doc>
<arguments>
<arg>//*[@id="homebody"]/div[2]/div/form/div[3]/button</arg>
</arguments>
<status status="PASS" starttime="20180731 19:06:50.086" endtime="20180731 19:06:50.102"></status>
</kw>
<kw name="Maximize Browser Window" library="SeleniumLibrary">
<doc>Maximizes current browser window.</doc>
<status status="PASS" starttime="20180731 19:06:50.102" endtime="20180731 19:06:51.267"></status>
</kw>
<status status="PASS" starttime="20180731 19:06:44.007" endtime="20180731 19:06:51.267"></status>
</kw>
<kw name="valid username and password" library="login">
<kw name="Input Text" library="SeleniumLibrary">
<doc>Types the given ``text`` into text field identified by ``locator``.</doc>
<arguments>
<arg>xpath=//*[@id="homebody"]/div[2]/div/form/div[1]/div/input</arg>
<arg>mlfadmin</arg>
</arguments>
<msg timestamp="20180731 19:06:51.267" level="INFO">Typing text 'mlfadmin' into text field 'xpath=//*[@id="homebody"]/div[2]/div/form/div[1]/div/input'.</msg>
<status status="PASS" starttime="20180731 19:06:51.267" endtime="20180731 19:06:51.375"></status>
</kw>
<kw name="Input Text" library="SeleniumLibrary">
<doc>Types the given ``text`` into text field identified by ``locator``.</doc>
<arguments>
<arg>xpath=//*[@id="homebody"]/div[2]/div/form/div[2]/div/input</arg>
<arg>mlf@123</arg>
</arguments>
<msg timestamp="20180731 19:06:51.376" level="INFO">Typing text 'mlf@123' into text field 'xpath=//*[@id="homebody"]/div[2]/div/form/div[2]/div/input'.</msg>
<status status="PASS" starttime="20180731 19:06:51.376" endtime="20180731 19:06:51.456"></status>
</kw>
<kw name="Click Element" library="SeleniumLibrary">
<doc>Click element identified by ``locator``.</doc>
<arguments>
<arg>xpath=//*[@id="homebody"]/div[2]/div/form/div[3]/button</arg>
</arguments>
<msg timestamp="20180731 19:06:51.456" level="INFO">Clicking element 'xpath=//*[@id="homebody"]/div[2]/div/form/div[3]/button'.</msg>
<status status="PASS" starttime="20180731 19:06:51.456" endtime="20180731 19:06:53.734"></status>
</kw>
<kw name="Sleep" library="BuiltIn">
<doc>Pauses the test executed for the given time.</doc>
<arguments>
<arg>9s</arg>
</arguments>
<msg timestamp="20180731 19:07:02.749" level="INFO">Slept 9 seconds</msg>
<status status="PASS" starttime="20180731 19:06:53.734" endtime="20180731 19:07:02.749"></status>
</kw>
<kw name="Wait Until Page Contains" library="SeleniumLibrary">
<doc>Waits until ``text`` appears on current page.</doc>
<arguments>
<arg>Hello, mlfadmin</arg>
</arguments>
<status status="PASS" starttime="20180731 19:07:02.749" endtime="20180731 19:07:02.764"></status>
</kw>
<status status="PASS" starttime="20180731 19:06:51.267" endtime="20180731 19:07:02.764"></status>
</kw>
<kw name="Clicking Af" library="articalfin">
<kw name="Click Element" library="SeleniumLibrary">
<doc>Click element identified by ``locator``.</doc>
<arguments>
<arg>xpath=//*[@id="link2"]</arg>
</arguments>
<msg timestamp="20180731 19:07:02.764" level="INFO">Clicking element 'xpath=//*[@id="link2"]'.</msg>
<status status="PASS" starttime="20180731 19:07:02.764" endtime="20180731 19:07:02.820"></status>
</kw>
<kw name="Wait Until Page Contains Element" library="SeleniumLibrary">
<doc>Waits until element ``locator`` appears on current page.</doc>
<arguments>
<arg>name=article_finance</arg>
</arguments>
<status status="PASS" starttime="20180731 19:07:02.821" endtime="20180731 19:07:03.054"></status>
</kw>
<kw name="Sleep" library="BuiltIn">
<doc>Pauses the test executed for the given time.</doc>
<arguments>
<arg>5s</arg>
</arguments>
<msg timestamp="20180731 19:07:08.058" level="INFO">Slept 5 seconds</msg>
<status status="PASS" starttime="20180731 19:07:03.055" endtime="20180731 19:07:08.058"></status>
</kw>
<kw name="Focus" library="SeleniumLibrary">
<doc>Deprecated. Use `Set Focus To Element` instead.</doc>
<arguments>
<arg>xpath=//*[@id="inputFirstName"]</arg>
</arguments>
<status status="PASS" starttime="20180731 19:07:08.058" endtime="20180731 19:07:08.081"></status>
</kw>
<status status="PASS" starttime="20180731 19:07:02.764" endtime="20180731 19:07:08.081"></status>
</kw>
<kw name="Giving Wrong Coustemerid in Af" library="articalfin">
<kw name="Input Text" library="SeleniumLibrary">
<doc>Types the given ``text`` into text field identified by ``locator``.</doc>
<arguments>
<arg>xpath=//*[@id="inputFirstName"]</arg>
<arg>831asdsf823</arg>
</arguments>
<msg timestamp="20180731 19:07:08.083" level="INFO">Typing text '831asdsf823' into text field 'xpath=//*[@id="inputFirstName"]'.</msg>
<status status="PASS" starttime="20180731 19:07:08.083" endtime="20180731 19:07:08.173"></status>
</kw>
<kw name="Focus" library="SeleniumLibrary">
<doc>Deprecated. Use `Set Focus To Element` instead.</doc>
<arguments>
<arg>name=ref_no</arg>
</arguments>
<status status="PASS" starttime="20180731 19:07:08.173" endtime="20180731 19:07:08.192"></status>
</kw>
<kw name="Click Button" library="SeleniumLibrary">
<doc>Clicks button identified by ``locator``.</doc>
<arguments>
<arg>xpath=//*[@id="subcontent21"]/div/form/div[11]/button</arg>
</arguments>
<msg timestamp="20180731 19:07:08.192" level="INFO">Clicking button 'xpath=//*[@id="subcontent21"]/div/form/div[11]/button'.</msg>
<status status="PASS" starttime="20180731 19:07:08.192" endtime="20180731 19:07:08.277"></status>
</kw>
<kw name="Sleep" library="BuiltIn">
<doc>Pauses the test executed for the given time.</doc>
<arguments>
<arg>3s</arg>
</arguments>
<msg timestamp="20180731 19:07:11.278" level="INFO">Slept 3 seconds</msg>
<status status="PASS" starttime="20180731 19:07:08.277" endtime="20180731 19:07:11.278"></status>
</kw>
<kw name="Alert Should Be Present" library="SeleniumLibrary">
<doc>Verifies that an alert is present and, by default, accepts it.</doc>
<arguments>
<arg>INVALID CUSTOMER ID</arg>
</arguments>
<status status="PASS" starttime="20180731 19:07:11.278" endtime="20180731 19:07:11.284"></status>
</kw>
<status status="PASS" starttime="20180731 19:07:08.082" endtime="20180731 19:07:11.284"></status>
</kw>
<kw name="Giving Right Coustemerid in Af" library="articalfin">
<kw name="Input Text" library="SeleniumLibrary">
<doc>Types the given ``text`` into text field identified by ``locator``.</doc>
<arguments>
<arg>name=username</arg>
<arg>0123456789</arg>
</arguments>
<msg timestamp="20180731 19:07:11.286" level="INFO">Typing text '0123456789' into text field 'name=username'.</msg>
<status status="PASS" starttime="20180731 19:07:11.286" endtime="20180731 19:07:11.376"></status>
</kw>
<kw name="Focus" library="SeleniumLibrary">
<doc>Deprecated. Use `Set Focus To Element` instead.</doc>
<arguments>
<arg>name=ref_no</arg>
</arguments>
<status status="PASS" starttime="20180731 19:07:11.377" endtime="20180731 19:07:11.388"></status>
</kw>
<kw name="Sleep" library="BuiltIn">
<doc>Pauses the test executed for the given time.</doc>
<arguments>
<arg>3s</arg>
</arguments>
<msg timestamp="20180731 19:07:14.398" level="INFO">Slept 3 seconds</msg>
<status status="PASS" starttime="20180731 19:07:11.388" endtime="20180731 19:07:14.398"></status>
</kw>
[...]
<status status="PASS" starttime="20180731 19:21:43.871" endtime="20180731 19:21:43.965"></status>
</kw>
<kw name="Click Element" library="SeleniumLibrary">
<doc>Click element identified by ``locator``.</doc>
<arguments>
<arg>xpath=//*[@id="homebody"]/div[2]/div/form/div[3]/button</arg>
</arguments>
<msg timestamp="20180731 19:21:43.965" level="INFO">Clicking element 'xpath=//*[@id="homebody"]/div[2]/div/form/div[3]/button'.</msg>
<status status="PASS" starttime="20180731 19:21:43.965" endtime="20180731 19:21:45.242"></status>
</kw>
<kw name="Sleep" library="BuiltIn">
<doc>Pauses the test executed for the given time.</doc>
<arguments>
<arg>9s</arg>
</arguments>
<msg timestamp="20180731 19:21:54.256" level="INFO">Slept 9 seconds</msg>
<status status="PASS" starttime="20180731 19:21:45.242" endtime="20180731 19:21:54.256"></status>
</kw>
<kw name="Wait Until Page Contains" library="SeleniumLibrary">
<doc>Waits until ``text`` appears on current page.</doc>
<arguments>
<arg>Hello, mlfadmin</arg>
</arguments>
<status status="PASS" starttime="20180731 19:21:54.256" endtime="20180731 19:21:54.272"></status>
</kw>
<status status="PASS" starttime="20180731 19:21:43.771" endtime="20180731 19:21:54.272"></status>
</kw>
<kw name="Change Password" library="chgpswd">
<kw name="Click Link" library="SeleniumLibrary">
<doc>Clicks a link identified by ``locator``.</doc>
<arguments>
<arg>//*[@id="link19"]</arg>
</arguments>
<msg timestamp="20180731 19:21:54.272" level="INFO">Clicking link '//*[@id="link19"]'.</msg>
<status status="PASS" starttime="20180731 19:21:54.272" endtime="20180731 19:21:54.343"></status>
</kw>
<kw name="Sleep" library="BuiltIn">
<doc>Pauses the test executed for the given time.</doc>
<arguments>
<arg>3s</arg>
</arguments>
<msg timestamp="20180731 19:21:57.346" level="INFO">Slept 3 seconds</msg>
<status status="PASS" starttime="20180731 19:21:54.343" endtime="20180731 19:21:57.346"></status>
</kw>
<kw name="Wait Until Page Contains Element" library="SeleniumLibrary">
<doc>Waits until element ``locator`` appears on current page.</doc>
<arguments>
<arg>//*[@id="subcontent81"]/div/form</arg>
</arguments>
<status status="PASS" starttime="20180731 19:21:57.346" endtime="20180731 19:21:57.362"></status>
</kw>
<status status="PASS" starttime="20180731 19:21:54.272" endtime="20180731 19:21:57.362"></status>
</kw>
<kw name="Submit Empty Passwords" library="chgpswd">
<kw name="Click Button" library="SeleniumLibrary">
<doc>Clicks button identified by ``locator``.</doc>
<arguments>
<arg>//*[@id="subcontent81"]/div/form/div[4]/button</arg>
</arguments>
<msg timestamp="20180731 19:21:57.362" level="INFO">Clicking button '//*[@id="subcontent81"]/div/form/div[4]/button'.</msg>
<status status="PASS" starttime="20180731 19:21:57.362" endtime="20180731 19:21:57.422"></status>
</kw>
<kw name="Sleep" library="BuiltIn">
<doc>Pauses the test executed for the given time.</doc>
<arguments>
<arg>3s</arg>
</arguments>
<msg timestamp="20180731 19:22:00.423" level="INFO">Slept 3 seconds</msg>
<status status="PASS" starttime="20180731 19:21:57.422" endtime="20180731 19:22:00.423"></status>
</kw>
<kw name="Alert Should Be Present" library="SeleniumLibrary">
<doc>Verifies that an alert is present and, by default, accepts it.</doc>
<arguments>
<arg>PLEASE ENTER OLD PASSWORD.</arg>
</arguments>
<status status="PASS" starttime="20180731 19:22:00.423" endtime="20180731 19:22:00.427"></status>
</kw>
<status status="PASS" starttime="20180731 19:21:57.362" endtime="20180731 19:22:00.427"></status>
</kw>
<kw name="Submit Old Password" library="chgpswd">
<kw name="Input Password" library="SeleniumLibrary">
<doc>Types the given password into text field identified by ``locator``.</doc>
<arguments>
<arg>//*[@id="subcontent81"]/div/form/div[1]/div[1]/input</arg>
<arg>${Old_Password}</arg>
</arguments>
<msg timestamp="20180731 19:22:00.431" level="INFO">Typing password into text field '//*[@id="subcontent81"]/div/form/div[1]/div[1]/input'.</msg>
<status status="PASS" starttime="20180731 19:22:00.430" endtime="20180731 19:22:00.520"></status>
</kw>
<kw name="Click Button" library="SeleniumLibrary">
<doc>Clicks button identified by ``locator``.</doc>
<arguments>
<arg>//*[@id="subcontent81"]/div/form/div[4]/button</arg>
</arguments>
<msg timestamp="20180731 19:22:00.520" level="INFO">Clicking button '//*[@id="subcontent81"]/div/form/div[4]/button'.</msg>
<status status="PASS" starttime="20180731 19:22:00.520" endtime="20180731 19:22:00.568"></status>
</kw>
<kw name="Sleep" library="BuiltIn">
<doc>Pauses the test executed for the given time.</doc>
<arguments>
<arg>3s</arg>
</arguments>
<msg timestamp="20180731 19:22:03.570" level="INFO">Slept 3 seconds</msg>
<status status="PASS" starttime="20180731 19:22:00.568" endtime="20180731 19:22:03.570"></status>
</kw>
<kw name="Alert Should Be Present" library="SeleniumLibrary">
<doc>Verifies that an alert is present and, by default, accepts it.</doc>
<arguments>
<arg>PLEASE ENTER NEW PASSWORD.</arg>
</arguments>
<status status="PASS" starttime="20180731 19:22:03.570" endtime="20180731 19:22:03.573"></status>
</kw>
<status status="PASS" starttime="20180731 19:22:00.430" endtime="20180731 19:22:03.573"></status>
</kw>
<kw name="Submit New Password" library="chgpswd">
<kw name="Input Password" library="SeleniumLibrary">
<doc>Types the given password into text field identified by ``locator``.</doc>
<arguments>
<arg>//*[@id="subcontent81"]/div/form/div[1]/div[1]/input</arg>
<arg>${Old_Password}</arg>
</arguments>
<msg timestamp="20180731 19:22:03.575" level="INFO">Typing password into text field '//*[@id="subcontent81"]/div/form/div[1]/div[1]/input'.</msg>
<status status="PASS" starttime="20180731 19:22:03.574" endtime="20180731 19:22:03.625"></status>
</kw>
<kw name="Input Password" library="SeleniumLibrary">
<doc>Types the given password into text field identified by ``locator``.</doc>
<arguments>
<arg>//*[@id="subcontent81"]/div/form/div[2]/div[1]/input</arg>
<arg>${New_Password}</arg>
</arguments>
<msg timestamp="20180731 19:22:03.625" level="INFO">Typing password into text field '//*[@id="subcontent81"]/div/form/div[2]/div[1]/input'.</msg>
<status status="PASS" starttime="20180731 19:22:03.625" endtime="20180731 19:22:03.693"></status>
</kw>
<kw name="Click Button" library="SeleniumLibrary">
<doc>Clicks button identified by ``locator``.</doc>
<arguments>
<arg>//*[@id="subcontent81"]/div/form/div[4]/button</arg>
</arguments>
<msg timestamp="20180731 19:22:03.693" level="INFO">Clicking button '//*[@id="subcontent81"]/div/form/div[4]/button'.</msg>
<status status="PASS" starttime="20180731 19:22:03.693" endtime="20180731 19:22:03.739"></status>
</kw>
<kw name="Sleep" library="BuiltIn">
<doc>Pauses the test executed for the given time.</doc>
<arguments>
<arg>3s</arg>
</arguments>
<msg timestamp="20180731 19:22:06.740" level="INFO">Slept 3 seconds</msg>
<status status="PASS" starttime="20180731 19:22:03.739" endtime="20180731 19:22:06.740"></status>
</kw>
<kw name="Alert Should Be Present" library="SeleniumLibrary">
<doc>Verifies that an alert is present and, by default, accepts it.</doc>
<arguments>
<arg>PLEASE RETYPE NEW PASSWORD.</arg>
</arguments>
<status status="PASS" starttime="20180731 19:22:06.740" endtime="20180731 19:22:06.743"></status>
</kw>
<status status="PASS" starttime="20180731 19:22:03.574" endtime="20180731 19:22:06.743"></status>
</kw>
<kw name="Submit Unmatched Passwords" library="chgpswd">
<kw name="Input Password" library="SeleniumLibrary">
<doc>Types the given password into text field identified by ``locator``.</doc>
<arguments>
<arg>//*[@id="subcontent81"]/div/form/div[1]/div[1]/input</arg>
<arg>${Old_Password}</arg>
</arguments>
<msg timestamp="20180731 19:22:06.745" level="INFO">Typing password into text field '//*[@id="subcontent81"]/div/form/div[1]/div[1]/input'.</msg>
<status status="PASS" starttime="20180731 19:22:06.745" endtime="20180731 19:22:06.793"></status>
</kw>
<kw name="Input Password" library="SeleniumLibrary">
<doc>Types the given password into text field identified by ``locator``.</doc>
<arguments>
<arg>//*[@id="subcontent81"]/div/form/div[2]/div[1]/input</arg>
<arg>${New_Password}</arg>
</arguments>
<msg timestamp="20180731 19:22:06.793" level="INFO">Typing password into text field '//*[@id="subcontent81"]/div/form/div[2]/div[1]/input'.</msg>
<status status="PASS" starttime="20180731 19:22:06.793" endtime="20180731 19:22:06.834"></status>
</kw>
<kw name="Input Password" library="SeleniumLibrary">
<doc>Types the given password into text field identified by ``locator``.</doc>
<arguments>
<arg>//*[@id="subcontent81"]/div/form/div[3]/div[1]/input</arg>
<arg>${Old_Password}</arg>
</arguments>
<msg timestamp="20180731 19:22:06.834" level="INFO">Typing password into text field '//*[@id="subcontent81"]/div/form/div[3]/div[1]/input'.</msg>
<status status="PASS" starttime="20180731 19:22:06.834" endtime="20180731 19:22:06.901"></status>
</kw>
<kw name="Click Button" library="SeleniumLibrary">
<doc>Clicks button identified by ``locator``.</doc>
<arguments>
<arg>//*[@id="subcontent81"]/div/form/div[4]/button</arg>
</arguments>
<msg timestamp="20180731 19:22:06.901" level="INFO">Clicking button '//*[@id="subcontent81"]/div/form/div[4]/button'.</msg>
<status status="PASS" starttime="20180731 19:22:06.901" endtime="20180731 19:22:06.956"></status>
</kw>
<kw name="Sleep" library="BuiltIn">
<doc>Pauses the test executed for the given time.</doc>
<arguments>
<arg>3s</arg>
</arguments>
<msg timestamp="20180731 19:22:09.957" level="INFO">Slept 3 seconds</msg>
<status status="PASS" starttime="20180731 19:22:06.956" endtime="20180731 19:22:09.957"></status>
</kw>
<kw name="Alert Should Be Present" library="SeleniumLibrary">
<doc>Verifies that an alert is present and, by default, accepts it.</doc>
<arguments>
<arg>BOTH NEW AND RETYPED PASSWORDS MUST BE THE SAME</arg>
</arguments>
<status status="PASS" starttime="20180731 19:22:09.958" endtime="20180731 19:22:09.966"></status>
</kw>
<status status="PASS" starttime="20180731 19:22:06.744" endtime="20180731 19:22:09.967"></status>
</kw>
<kw name="Submit Normally" library="chgpswd">
<kw name="Input Password" library="SeleniumLibrary">
<doc>Types the given password into text field identified by ``locator``.</doc>
<arguments>
<arg>//*[@id="subcontent81"]/div/form/div[1]/div[1]/input</arg>
<arg>${Old_Password}</arg>
</arguments>
<msg timestamp="20180731 19:22:09.970" level="INFO">Typing password into text field '//*[@id="subcontent81"]/div/form/div[1]/div[1]/input'.</msg>
<status status="PASS" starttime="20180731 19:22:09.969" endtime="20180731 19:22:10.025"></status>
</kw>
<kw name="Input Password" library="SeleniumLibrary">
<doc>Types the given password into text field identified by ``locator``.</doc>
<arguments>
<arg>//*[@id="subcontent81"]/div/form/div[2]/div[1]/input</arg>
<arg>${Old_Password}</arg>
</arguments>
<msg timestamp="20180731 19:22:10.026" level="INFO">Typing password into text field '//*[@id="subcontent81"]/div/form/div[2]/div[1]/input'.</msg>
<status status="PASS" starttime="20180731 19:22:10.025" endtime="20180731 19:22:10.069"></status>
</kw>
<kw name="Input Password" library="SeleniumLibrary">
<doc>Types the given password into text field identified by ``locator``.</doc>
<arguments>
<arg>//*[@id="subcontent81"]/div/form/div[3]/div[1]/input</arg>
<arg>${Old_Password}</arg>
</arguments>
<msg timestamp="20180731 19:22:10.070" level="INFO">Typing password into text field '//*[@id="subcontent81"]/div/form/div[3]/div[1]/input'.</msg>
<status status="PASS" starttime="20180731 19:22:10.070" endtime="20180731 19:22:10.111"></status>
</kw>
<kw name="Click Button" library="SeleniumLibrary">
<doc>Clicks button identified by ``locator``.</doc>
<arguments>
<arg>//*[@id="subcontent81"]/div/form/div[4]/button</arg>
</arguments>
<msg timestamp="20180731 19:22:10.112" level="INFO">Clicking button '//*[@id="subcontent81"]/div/form/div[4]/button'.</msg>
<status status="PASS" starttime="20180731 19:22:10.112" endtime="20180731 19:22:10.308"></status>
</kw>
<kw name="Sleep" library="BuiltIn">
<doc>Pauses the test executed for the given time.</doc>
<arguments>
<arg>3s</arg>
</arguments>
<msg timestamp="20180731 19:22:13.310" level="INFO">Slept 3 seconds</msg>
<status status="PASS" starttime="20180731 19:22:10.308" endtime="20180731 19:22:13.310"></status>
</kw>
<kw name="Alert Should Be Present" library="SeleniumLibrary">
<doc>Verifies that an alert is present and, by default, accepts it.</doc>
<arguments>
<arg>PASSWORD CHANGED SUCESSFULLY.</arg>
</arguments>
<status status="PASS" starttime="20180731 19:22:13.311" endtime="20180731 19:22:13.328"></status>
</kw>
<status status="PASS" starttime="20180731 19:22:09.968" endtime="20180731 19:22:13.329"></status>
</kw>
<kw name="End Test" library="common" type="teardown">
<kw name="Close Browser" library="SeleniumLibrary">
<doc>Closes the current browser.</doc>
<status status="PASS" starttime="20180731 19:22:13.333" endtime="20180731 19:22:15.609"></status>
</kw>
<status status="PASS" starttime="20180731 19:22:13.332" endtime="20180731 19:22:15.609"></status>
</kw>
<status status="PASS" starttime="20180731 19:21:36.350" endtime="20180731 19:22:15.609" critical="yes"></status>
</test>
<test id="s1-t18" name="Signout">
<kw name="Begin Test" library="common" type="setup">
<kw name="Open Browser" library="SeleniumLibrary">
<doc>Opens a new browser instance to the given ``url``.</doc>
<arguments>
<arg>${Url}</arg>
<arg>${Browser}</arg>
</arguments>
<msg timestamp="20180731 19:22:15.609" level="INFO">Opening browser 'gc' to base url 'http://localhost/mlf/'.</msg>
<status status="PASS" starttime="20180731 19:22:15.609" endtime="20180731 19:22:20.766"></status>
</kw>
<kw name="Sleep" library="BuiltIn">
<doc>Pauses the test executed for the given time.</doc>
<arguments>
<arg>3s</arg>
</arguments>
<msg timestamp="20180731 19:22:23.771" level="INFO">Slept 3 seconds</msg>
<status status="PASS" starttime="20180731 19:22:20.767" endtime="20180731 19:22:23.771"></status>
</kw>
<kw name="Wait Until Page Contains Element" library="SeleniumLibrary">
<doc>Waits until element ``locator`` appears on current page.</doc>
<arguments>
<arg>//*[@id="homebody"]/div[2]/div/form/div[3]/button</arg>
</arguments>
<status status="PASS" starttime="20180731 19:22:23.771" endtime="20180731 19:22:23.802"></status>
</kw>
<kw name="Maximize Browser Window" library="SeleniumLibrary">
<doc>Maximizes current browser window.</doc>
<status status="PASS" starttime="20180731 19:22:23.802" endtime="20180731 19:22:24.938"></status>
</kw>
<status status="PASS" starttime="20180731 19:22:15.609" endtime="20180731 19:22:24.938"></status>
</kw>
<kw name="valid username and password" library="login">
<kw name="Input Text" library="SeleniumLibrary">
<doc>Types the given ``text`` into text field identified by ``locator``.</doc>
<arguments>
<arg>xpath=//*[@id="homebody"]/div[2]/div/form/div[1]/div/input</arg>
<arg>mlfadmin</arg>
</arguments>
<msg timestamp="20180731 19:22:24.938" level="INFO">Typing text 'mlfadmin' into text field 'xpath=//*[@id="homebody"]/div[2]/div/form/div[1]/div/input'.</msg>
<status status="PASS" starttime="20180731 19:22:24.938" endtime="20180731 19:22:25.037"></status>
</kw>
<kw name="Input Text" library="SeleniumLibrary">
<doc>Types the given ``text`` into text field identified by ``locator``.</doc>
<arguments>
<arg>xpath=//*[@id="homebody"]/div[2]/div/form/div[2]/div/input</arg>
<arg>mlf@123</arg>
</arguments>
<msg timestamp="20180731 19:22:25.038" level="INFO">Typing text 'mlf@123' into text field 'xpath=//*[@id="homebody"]/div[2]/div/form/div[2]/div/input'.</msg>
<status status="PASS" starttime="20180731 19:22:25.038" endtime="20180731 19:22:25.119"></status>
</kw>
<kw name="Click Element" library="SeleniumLibrary">
<doc>Click element identified by ``locator``.</doc>
<arguments>
<arg>xpath=//*[@id="homebody"]/div[2]/div/form/div[3]/button</arg>
</arguments>
<msg timestamp="20180731 19:22:25.119" level="INFO">Clicking element 'xpath=//*[@id="homebody"]/div[2]/div/form/div[3]/button'.</msg>
<status status="PASS" starttime="20180731 19:22:25.119" endtime="20180731 19:22:27.297"></status>
</kw>
<kw name="Sleep" library="BuiltIn">
<doc>Pauses the test executed for the given time.</doc>
<arguments>
<arg>9s</arg>
</arguments>
<msg timestamp="20180731 19:22:36.304" level="INFO">Slept 9 seconds</msg>
<status status="PASS" starttime="20180731 19:22:27.297" endtime="20180731 19:22:36.304"></status>
</kw>
<kw name="Wait Until Page Contains" library="SeleniumLibrary">
<doc>Waits until ``text`` appears on current page.</doc>
<arguments>
<arg>Hello, mlfadmin</arg>
</arguments>
<status status="PASS" starttime="20180731 19:22:36.304" endtime="20180731 19:22:36.320"></status>
</kw>
<status status="PASS" starttime="20180731 19:22:24.938" endtime="20180731 19:22:36.320"></status>
</kw>
<kw name="Click Signout" library="signout">
<kw name="Click Link" library="SeleniumLibrary">
<doc>Clicks a link identified by ``locator``.</doc>
<arguments>
<arg>xpath=//*[@id="link20"]</arg>
</arguments>
<msg timestamp="20180731 19:22:36.320" level="INFO">Clicking link 'xpath=//*[@id="link20"]'.</msg>
<status status="PASS" starttime="20180731 19:22:36.320" endtime="20180731 19:22:36.387"></status>
</kw>
<kw name="Wait Until Page Contains Element" library="SeleniumLibrary">
<doc>Waits until element ``locator`` appears on current page.</doc>
<arguments>
<arg>//*[@id="homebody"]/div[2]/div/form/div[3]/button</arg>
</arguments>
<status status="PASS" starttime="20180731 19:22:36.388" endtime="20180731 19:22:36.627"></status>
</kw>
<kw name="Go Back" library="SeleniumLibrary">
<doc>Simulates the user clicking the back button on their browser.</doc>
<status status="PASS" starttime="20180731 19:22:36.627" endtime="20180731 19:22:36.709"></status>
</kw>
<kw name="Wait Until Page Contains Element" library="SeleniumLibrary">
<doc>Waits until element ``locator`` appears on current page.</doc>
<arguments>
<arg>//*[@id="homebody"]/div[2]/div/form/div[3]/button</arg>
</arguments>
<status status="PASS" starttime="20180731 19:22:36.709" endtime="20180731 19:22:36.720"></status>
</kw>
<kw name="Go Back" library="SeleniumLibrary">
<doc>Simulates the user clicking the back button on their browser.</doc>
<status status="PASS" starttime="20180731 19:22:36.720" endtime="20180731 19:22:36.782"></status>
</kw>
<kw name="Wait Until Page Contains Element" library="SeleniumLibrary">
<doc>Waits until element ``locator`` appears on current page.</doc>
<arguments>
<arg>//*[@id="homebody"]/div[2]/div/form/div[3]/button</arg>
</arguments>
<status status="PASS" starttime="20180731 19:22:36.783" endtime="20180731 19:22:36.791"></status>
</kw>
<kw name="Go Back" library="SeleniumLibrary">
<doc>Simulates the user clicking the back button on their browser.</doc>
<status status="PASS" starttime="20180731 19:22:36.791" endtime="20180731 19:22:36.870"></status>
</kw>
<status status="PASS" starttime="20180731 19:22:36.320" endtime="20180731 19:22:36.870"></status>
</kw>
<kw name="End Test" library="common" type="teardown">
<kw name="Close Browser" library="SeleniumLibrary">
<doc>Closes the current browser.</doc>
<status status="PASS" starttime="20180731 19:22:36.871" endtime="20180731 19:22:39.111"></status>
</kw>
<status status="PASS" starttime="20180731 19:22:36.870" endtime="20180731 19:22:39.111"></status>
</kw>
<status status="PASS" starttime="20180731 19:22:15.609" endtime="20180731 19:22:39.111" critical="yes"></status>
</test>
<status status="PASS" starttime="20180731 19:04:21.912" endtime="20180731 19:22:39.111"></status>
</suite>
<statistics>
<total>
<stat pass="18" fail="0">Critical Tests</stat>
<stat pass="18" fail="0">All Tests</stat>
</total>
<tag>
</tag>
<suite>
<stat pass="18" fail="0" id="s1" name="Mlf">Mlf</stat>
</suite>
</statistics>
<errors>
</errors>
</robot>
