<?xml version="1.0" encoding="UTF-8"?>
<robot generator="Robot 3.0.4 (Python 3.7.0 on win32)" generated="20180730 19:03:05.212">
<suite id="s1" name="Mlf" source="C:\Users\N~M~S\PyCharm Projects\mlf\Tests\mlf.robot">
<test id="s1-t1" name="Login Page">
<kw name="Begin Test" library="common" type="setup">
<kw name="Open Browser" library="SeleniumLibrary">
<doc>Opens a new browser instance to the given ``url``.</doc>
<arguments>
<arg>${Url}</arg>
<arg>${Browser}</arg>
</arguments>
<msg timestamp="20180730 19:03:05.371" level="INFO">Opening browser 'gc' to base url 'http://localhost/mlf/'.</msg>
<status status="PASS" starttime="20180730 19:03:05.371" endtime="20180730 19:03:08.866"></status>
</kw>
<kw name="Sleep" library="BuiltIn">
<doc>Pauses the test executed for the given time.</doc>
<arguments>
<arg>3s</arg>
</arguments>
<msg timestamp="20180730 19:03:11.873" level="INFO">Slept 3 seconds</msg>
<status status="PASS" starttime="20180730 19:03:08.866" endtime="20180730 19:03:11.873"></status>
</kw>
<kw name="Wait Until Page Contains Element" library="SeleniumLibrary">
<doc>Waits until element ``locator`` appears on current page.</doc>
<arguments>
<arg>//*[@id="homebody"]/div[2]/div/form/div[3]/button</arg>
</arguments>
<status status="PASS" starttime="20180730 19:03:11.873" endtime="20180730 19:03:11.873"></status>
</kw>
<kw name="Maximize Browser Window" library="SeleniumLibrary">
<doc>Maximizes current browser window.</doc>
<status status="PASS" starttime="20180730 19:03:11.873" endtime="20180730 19:03:13.041"></status>
</kw>
<status status="PASS" starttime="20180730 19:03:05.371" endtime="20180730 19:03:13.041"></status>
</kw>
<kw name="empty username and valid password" library="login">
<kw name="Input Text" library="SeleniumLibrary">
<doc>Types the given ``text`` into text field identified by ``locator``.</doc>
<arguments>
<arg>xpath=//*[@id="homebody"]/div[2]/div/form/div[2]/div/input</arg>
<arg>mlf@123</arg>
</arguments>
<msg timestamp="20180730 19:03:13.042" level="INFO">Typing text 'mlf@123' into text field 'xpath=//*[@id="homebody"]/div[2]/div/form/div[2]/div/input'.</msg>
<status status="PASS" starttime="20180730 19:03:13.042" endtime="20180730 19:03:13.134"></status>
</kw>
<kw name="Click Element" library="SeleniumLibrary">
<doc>Click element identified by ``locator``.</doc>
<arguments>
<arg>xpath=//*[@id="homebody"]/div[2]/div/form/div[3]/button</arg>
</arguments>
<msg timestamp="20180730 19:03:13.135" level="INFO">Clicking element 'xpath=//*[@id="homebody"]/div[2]/div/form/div[3]/button'.</msg>
<status status="PASS" starttime="20180730 19:03:13.134" endtime="20180730 19:03:13.330"></status>
</kw>
<kw name="Wait Until Page Contains Element" library="SeleniumLibrary">
<doc>Waits until element ``locator`` appears on current page.</doc>
<arguments>
<arg>//*[@id="homebody"]/div[2]/div/form/div[3]/button</arg>
</arguments>
<status status="PASS" starttime="20180730 19:03:13.331" endtime="20180730 19:03:13.339"></status>
</kw>
<status status="PASS" starttime="20180730 19:03:13.042" endtime="20180730 19:03:13.340"></status>
</kw>
<kw name="valid username and empty password" library="login">
<kw name="Input Text" library="SeleniumLibrary">
<doc>Types the given ``text`` into text field identified by ``locator``.</doc>
<arguments>
<arg>xpath=//*[@id="homebody"]/div[2]/div/form/div[1]/div/input</arg>
<arg>mlfadmin</arg>
</arguments>
<msg timestamp="20180730 19:03:13.340" level="INFO">Typing text 'mlfadmin' into text field 'xpath=//*[@id="homebody"]/div[2]/div/form/div[1]/div/input'.</msg>
<status status="PASS" starttime="20180730 19:03:13.340" endtime="20180730 19:03:13.433"></status>
</kw>
<kw name="Click Element" library="SeleniumLibrary">
<doc>Click element identified by ``locator``.</doc>
<arguments>
<arg>xpath=//*[@id="homebody"]/div[2]/div/form/div[3]/button</arg>
</arguments>
<msg timestamp="20180730 19:03:13.433" level="INFO">Clicking element 'xpath=//*[@id="homebody"]/div[2]/div/form/div[3]/button'.</msg>
<status status="PASS" starttime="20180730 19:03:13.433" endtime="20180730 19:03:13.557"></status>
</kw>
<kw name="Wait Until Page Contains Element" library="SeleniumLibrary">
<doc>Waits until element ``locator`` appears on current page.</doc>
<arguments>
<arg>//*[@id="homebody"]/div[2]/div/form/div[3]/button</arg>
</arguments>
<status status="PASS" starttime="20180730 19:03:13.557" endtime="20180730 19:03:13.567"></status>
</kw>
<status status="PASS" starttime="20180730 19:03:13.340" endtime="20180730 19:03:13.567"></status>
</kw>
<kw name="invalid username and invalid password" library="login">
<kw name="Input Text" library="SeleniumLibrary">
<doc>Types the given ``text`` into text field identified by ``locator``.</doc>
<arguments>
<arg>xpath=//*[@id="homebody"]/div[2]/div/form/div[1]/div/input</arg>
<arg>mlfadminSdsdh</arg>
</arguments>
<msg timestamp="20180730 19:03:13.569" level="INFO">Typing text 'mlfadminSdsdh' into text field 'xpath=//*[@id="homebody"]/div[2]/div/form/div[1]/div/input'.</msg>
<status status="PASS" starttime="20180730 19:03:13.568" endtime="20180730 19:03:13.659"></status>
</kw>
<kw name="Input Text" library="SeleniumLibrary">
<doc>Types the given ``text`` into text field identified by ``locator``.</doc>
<arguments>
<arg>xpath=//*[@id="homebody"]/div[2]/div/form/div[2]/div/input</arg>
<arg>mlf@123sdhFS</arg>
</arguments>
<msg timestamp="20180730 19:03:13.660" level="INFO">Typing text 'mlf@123sdhFS' into text field 'xpath=//*[@id="homebody"]/div[2]/div/form/div[2]/div/input'.</msg>
<status status="PASS" starttime="20180730 19:03:13.659" endtime="20180730 19:03:13.723"></status>
</kw>
<kw name="Click Element" library="SeleniumLibrary">
<doc>Click element identified by ``locator``.</doc>
<arguments>
<arg>xpath=//*[@id="homebody"]/div[2]/div/form/div[3]/button</arg>
</arguments>
<msg timestamp="20180730 19:03:13.723" level="INFO">Clicking element 'xpath=//*[@id="homebody"]/div[2]/div/form/div[3]/button'.</msg>
<status status="PASS" starttime="20180730 19:03:13.723" endtime="20180730 19:03:13.886"></status>
</kw>
<kw name="Wait Until Page Contains Element" library="SeleniumLibrary">
<doc>Waits until element ``locator`` appears on current page.</doc>
<arguments>
<arg>//*[@id="homebody"]/div[2]/div/form/div[3]/button</arg>
</arguments>
<status status="PASS" starttime="20180730 19:03:13.887" endtime="20180730 19:03:13.894"></status>
</kw>
<status status="PASS" starttime="20180730 19:03:13.568" endtime="20180730 19:03:13.894"></status>
</kw>
<kw name="empty username and empty password" library="login">
<kw name="Click Element" library="SeleniumLibrary">
<doc>Click element identified by ``locator``.</doc>
<arguments>
<arg>xpath=//*[@id="homebody"]/div[2]/div/form/div[3]/button</arg>
</arguments>
<msg timestamp="20180730 19:03:13.896" level="INFO">Clicking element 'xpath=//*[@id="homebody"]/div[2]/div/form/div[3]/button'.</msg>
<status status="PASS" starttime="20180730 19:03:13.896" endtime="20180730 19:03:13.998"></status>
</kw>
<kw name="Wait Until Page Contains Element" library="SeleniumLibrary">
<doc>Waits until element ``locator`` appears on current page.</doc>
<arguments>
<arg>//*[@id="homebody"]/div[2]/div/form/div[3]/button</arg>
</arguments>
<status status="PASS" starttime="20180730 19:03:13.998" endtime="20180730 19:03:14.005"></status>
</kw>
<status status="PASS" starttime="20180730 19:03:13.895" endtime="20180730 19:03:14.005"></status>
</kw>
<kw name="invalid username and valid password" library="login">
<kw name="Input Text" library="SeleniumLibrary">
<doc>Types the given ``text`` into text field identified by ``locator``.</doc>
<arguments>
<arg>xpath=//*[@id="homebody"]/div[2]/div/form/div[1]/div/input</arg>
<arg>mlfadminsjhagd</arg>
</arguments>
<msg timestamp="20180730 19:03:14.006" level="INFO">Typing text 'mlfadminsjhagd' into text field 'xpath=//*[@id="homebody"]/div[2]/div/form/div[1]/div/input'.</msg>
<status status="PASS" starttime="20180730 19:03:14.006" endtime="20180730 19:03:14.085"></status>
</kw>
<kw name="Input Text" library="SeleniumLibrary">
<doc>Types the given ``text`` into text field identified by ``locator``.</doc>
<arguments>
<arg>xpath=//*[@id="homebody"]/div[2]/div/form/div[2]/div/input</arg>
<arg>mlf@123</arg>
</arguments>
<msg timestamp="20180730 19:03:14.085" level="INFO">Typing text 'mlf@123' into text field 'xpath=//*[@id="homebody"]/div[2]/div/form/div[2]/div/input'.</msg>
<status status="PASS" starttime="20180730 19:03:14.085" endtime="20180730 19:03:14.138"></status>
</kw>
<kw name="Click Element" library="SeleniumLibrary">
<doc>Click element identified by ``locator``.</doc>
<arguments>
<arg>xpath=//*[@id="homebody"]/div[2]/div/form/div[3]/button</arg>
</arguments>
<msg timestamp="20180730 19:03:14.139" level="INFO">Clicking element 'xpath=//*[@id="homebody"]/div[2]/div/form/div[3]/button'.</msg>
<status status="PASS" starttime="20180730 19:03:14.138" endtime="20180730 19:03:14.267"></status>
</kw>
<kw name="Wait Until Page Contains Element" library="SeleniumLibrary">
<doc>Waits until element ``locator`` appears on current page.</doc>
<arguments>
<arg>//*[@id="homebody"]/div[2]/div/form/div[3]/button</arg>
</arguments>
<status status="PASS" starttime="20180730 19:03:14.267" endtime="20180730 19:03:14.277"></status>
</kw>
<status status="PASS" starttime="20180730 19:03:14.006" endtime="20180730 19:03:14.277"></status>
</kw>
<kw name="valid username and invalid password" library="login">
<kw name="Input Text" library="SeleniumLibrary">
<doc>Types the given ``text`` into text field identified by ``locator``.</doc>
<arguments>
<arg>xpath=//*[@id="homebody"]/div[2]/div/form/div[1]/div/input</arg>
<arg>mlfadmin</arg>
</arguments>
<msg timestamp="20180730 19:03:14.278" level="INFO">Typing text 'mlfadmin' into text field 'xpath=//*[@id="homebody"]/div[2]/div/form/div[1]/div/input'.</msg>
<status status="PASS" starttime="20180730 19:03:14.278" endtime="20180730 19:03:14.350"></status>
</kw>
<kw name="Input Text" library="SeleniumLibrary">
<doc>Types the given ``text`` into text field identified by ``locator``.</doc>
<arguments>
<arg>xpath=//*[@id="homebody"]/div[2]/div/form/div[2]/div/input</arg>
<arg>123456</arg>
</arguments>
<msg timestamp="20180730 19:03:14.351" level="INFO">Typing text '123456' into text field 'xpath=//*[@id="homebody"]/div[2]/div/form/div[2]/div/input'.</msg>
<status status="PASS" starttime="20180730 19:03:14.350" endtime="20180730 19:03:14.405"></status>
</kw>
<kw name="Click Element" library="SeleniumLibrary">
<doc>Click element identified by ``locator``.</doc>
<arguments>
<arg>xpath=//*[@id="homebody"]/div[2]/div/form/div[3]/button</arg>
</arguments>
<msg timestamp="20180730 19:03:14.405" level="INFO">Clicking element 'xpath=//*[@id="homebody"]/div[2]/div/form/div[3]/button'.</msg>
<status status="PASS" starttime="20180730 19:03:14.405" endtime="20180730 19:03:14.520"></status>
</kw>
<kw name="Sleep" library="BuiltIn">
<doc>Pauses the test executed for the given time.</doc>
<arguments>
<arg>2s</arg>
</arguments>
<msg timestamp="20180730 19:03:16.521" level="INFO">Slept 2 seconds</msg>
<status status="PASS" starttime="20180730 19:03:14.520" endtime="20180730 19:03:16.522"></status>
</kw>
<kw name="Wait Until Page Contains Element" library="SeleniumLibrary">
<doc>Waits until element ``locator`` appears on current page.</doc>
<arguments>
<arg>//*[@id="homebody"]/div[2]/div/form/div[3]/button</arg>
</arguments>
<status status="PASS" starttime="20180730 19:03:16.523" endtime="20180730 19:03:16.538"></status>
</kw>
<status status="PASS" starttime="20180730 19:03:14.278" endtime="20180730 19:03:16.540"></status>
</kw>
<kw name="valid username and password" library="login">
<kw name="Input Text" library="SeleniumLibrary">
<doc>Types the given ``text`` into text field identified by ``locator``.</doc>
<arguments>
<arg>xpath=//*[@id="homebody"]/div[2]/div/form/div[1]/div/input</arg>
<arg>mlfadmin</arg>
</arguments>
<msg timestamp="20180730 19:03:16.542" level="INFO">Typing text 'mlfadmin' into text field 'xpath=//*[@id="homebody"]/div[2]/div/form/div[1]/div/input'.</msg>
<status status="PASS" starttime="20180730 19:03:16.541" endtime="20180730 19:03:16.692"></status>
</kw>
<kw name="Input Text" library="SeleniumLibrary">
<doc>Types the given ``text`` into text field identified by ``locator``.</doc>
<arguments>
<arg>xpath=//*[@id="homebody"]/div[2]/div/form/div[2]/div/input</arg>
<arg>mlf@123</arg>
</arguments>
<msg timestamp="20180730 19:03:16.693" level="INFO">Typing text 'mlf@123' into text field 'xpath=//*[@id="homebody"]/div[2]/div/form/div[2]/div/input'.</msg>
<status status="PASS" starttime="20180730 19:03:16.692" endtime="20180730 19:03:16.748"></status>
</kw>
<kw name="Click Element" library="SeleniumLibrary">
<doc>Click element identified by ``locator``.</doc>
<arguments>
<arg>xpath=//*[@id="homebody"]/div[2]/div/form/div[3]/button</arg>
</arguments>
<msg timestamp="20180730 19:03:16.748" level="INFO">Clicking element 'xpath=//*[@id="homebody"]/div[2]/div/form/div[3]/button'.</msg>
<status status="PASS" starttime="20180730 19:03:16.748" endtime="20180730 19:03:18.010"></status>
</kw>
<kw name="Sleep" library="BuiltIn">
<doc>Pauses the test executed for the given time.</doc>
<arguments>
<arg>9s</arg>
</arguments>
<msg timestamp="20180730 19:03:27.021" level="INFO">Slept 9 seconds</msg>
<status status="PASS" starttime="20180730 19:03:18.010" endtime="20180730 19:03:27.021"></status>
</kw>
<kw name="Wait Until Page Contains" library="SeleniumLibrary">
<doc>Waits until ``text`` appears on current page.</doc>
<arguments>
<arg>Hello, mlfadmin</arg>
</arguments>
<status status="PASS" starttime="20180730 19:03:27.021" endtime="20180730 19:03:27.036"></status>
</kw>
<status status="PASS" starttime="20180730 19:03:16.541" endtime="20180730 19:03:27.036"></status>
</kw>
<kw name="End Test" library="common" type="teardown">
<kw name="Close Browser" library="SeleniumLibrary">
<doc>Closes the current browser.</doc>
<status status="PASS" starttime="20180730 19:03:27.036" endtime="20180730 19:03:29.245"></status>
</kw>
<status status="PASS" starttime="20180730 19:03:27.036" endtime="20180730 19:03:29.245"></status>
</kw>
<status status="PASS" starttime="20180730 19:03:05.371" endtime="20180730 19:03:29.245" critical="yes"></status>
</test>
<test id="s1-t2" name="Users Page">
<kw name="Begin Test" library="common" type="setup">
<kw name="Open Browser" library="SeleniumLibrary">
<doc>Opens a new browser instance to the given ``url``.</doc>
<arguments>
<arg>${Url}</arg>
<arg>${Browser}</arg>
</arguments>
<msg timestamp="20180730 19:03:29.245" level="INFO">Opening browser 'gc' to base url 'http://localhost/mlf/'.</msg>
<status status="PASS" starttime="20180730 19:03:29.245" endtime="20180730 19:03:32.723"></status>
</kw>
<kw name="Sleep" library="BuiltIn">
<doc>Pauses the test executed for the given time.</doc>
<arguments>
<arg>3s</arg>
</arguments>
<msg timestamp="20180730 19:03:35.724" level="INFO">Slept 3 seconds</msg>
<status status="PASS" starttime="20180730 19:03:32.723" endtime="20180730 19:03:35.724"></status>
</kw>
<kw name="Wait Until Page Contains Element" library="SeleniumLibrary">
<doc>Waits until element ``locator`` appears on current page.</doc>
<arguments>
<arg>//*[@id="homebody"]/div[2]/div/form/div[3]/button</arg>
</arguments>
<status status="PASS" starttime="20180730 19:03:35.724" endtime="20180730 19:03:35.736"></status>
</kw>
<kw name="Maximize Browser Window" library="SeleniumLibrary">
<doc>Maximizes current browser window.</doc>
<status status="PASS" starttime="20180730 19:03:35.736" endtime="20180730 19:03:36.854"></status>
</kw>
<status status="PASS" starttime="20180730 19:03:29.245" endtime="20180730 19:03:36.855"></status>
</kw>
<kw name="valid username and password" library="login">
<kw name="Input Text" library="SeleniumLibrary">
<doc>Types the given ``text`` into text field identified by ``locator``.</doc>
<arguments>
<arg>xpath=//*[@id="homebody"]/div[2]/div/form/div[1]/div/input</arg>
<arg>mlfadmin</arg>
</arguments>
<msg timestamp="20180730 19:03:36.856" level="INFO">Typing text 'mlfadmin' into text field 'xpath=//*[@id="homebody"]/div[2]/div/form/div[1]/div/input'.</msg>
<status status="PASS" starttime="20180730 19:03:36.856" endtime="20180730 19:03:36.953"></status>
</kw>
<kw name="Input Text" library="SeleniumLibrary">
<doc>Types the given ``text`` into text field identified by ``locator``.</doc>
<arguments>
<arg>xpath=//*[@id="homebody"]/div[2]/div/form/div[2]/div/input</arg>
<arg>mlf@123</arg>
</arguments>
<msg timestamp="20180730 19:03:36.954" level="INFO">Typing text 'mlf@123' into text field 'xpath=//*[@id="homebody"]/div[2]/div/form/div[2]/div/input'.</msg>
<status status="PASS" starttime="20180730 19:03:36.954" endtime="20180730 19:03:37.047"></status>
</kw>
<kw name="Click Element" library="SeleniumLibrary">
<doc>Click element identified by ``locator``.</doc>
<arguments>
<arg>xpath=//*[@id="homebody"]/div[2]/div/form/div[3]/button</arg>
</arguments>
<msg timestamp="20180730 19:03:37.047" level="INFO">Clicking element 'xpath=//*[@id="homebody"]/div[2]/div/form/div[3]/button'.</msg>
<status status="PASS" starttime="20180730 19:03:37.047" endtime="20180730 19:03:39.133"></status>
</kw>
<kw name="Sleep" library="BuiltIn">
<doc>Pauses the test executed for the given time.</doc>
<arguments>
<arg>9s</arg>
</arguments>
<msg timestamp="20180730 19:03:48.140" level="INFO">Slept 9 seconds</msg>
<status status="PASS" starttime="20180730 19:03:39.133" endtime="20180730 19:03:48.140"></status>
</kw>
<kw name="Wait Until Page Contains" library="SeleniumLibrary">
<doc>Waits until ``text`` appears on current page.</doc>
<arguments>
<arg>Hello, mlfadmin</arg>
</arguments>
<status status="PASS" starttime="20180730 19:03:48.140" endtime="20180730 19:03:48.155"></status>
</kw>
<status status="PASS" starttime="20180730 19:03:36.855" endtime="20180730 19:03:48.155"></status>
</kw>
<kw name="Click Users" library="users">
<kw name="Click Element" library="SeleniumLibrary">
<doc>Click element identified by ``locator``.</doc>
<arguments>
<arg>xpath=//*[@id="link1"]</arg>
</arguments>
<msg timestamp="20180730 19:03:48.155" level="INFO">Clicking element 'xpath=//*[@id="link1"]'.</msg>
<status status="PASS" starttime="20180730 19:03:48.155" endtime="20180730 19:03:48.207"></status>
</kw>
<kw name="Sleep" library="BuiltIn">
<doc>Pauses the test executed for the given time.</doc>
<arguments>
<arg>2s</arg>
</arguments>
<msg timestamp="20180730 19:03:50.217" level="INFO">Slept 2 seconds</msg>
<status status="PASS" starttime="20180730 19:03:48.207" endtime="20180730 19:03:50.218"></status>
</kw>
<kw name="Wait Until Page Contains Element" library="SeleniumLibrary">
<doc>Waits until element ``locator`` appears on current page.</doc>
<arguments>
<arg>//*[@id="subcontent"]/div/form</arg>
</arguments>
<status status="PASS" starttime="20180730 19:03:50.218" endtime="20180730 19:03:50.222"></status>
</kw>
<status status="PASS" starttime="20180730 19:03:48.155" endtime="20180730 19:03:50.222"></status>
</kw>
<kw name="Submit Empty Fields" library="users">
<kw name="Click Element" library="SeleniumLibrary">
<doc>Click element identified by ``locator``.</doc>
<arguments>
<arg>xpath=//*[@id="subcontent"]/div/form/div[7]/button[1]</arg>
</arguments>
<msg timestamp="20180730 19:03:50.222" level="INFO">Clicking element 'xpath=//*[@id="subcontent"]/div/form/div[7]/button[1]'.</msg>
<status status="PASS" starttime="20180730 19:03:50.222" endtime="20180730 19:03:50.293"></status>
</kw>
<kw name="Sleep" library="BuiltIn">
<doc>Pauses the test executed for the given time.</doc>
<arguments>
<arg>2s</arg>
</arguments>
<msg timestamp="20180730 19:03:52.295" level="INFO">Slept 2 seconds</msg>
<status status="PASS" starttime="20180730 19:03:50.293" endtime="20180730 19:03:52.295"></status>
</kw>
<kw name="Alert Should Be Present" library="SeleniumLibrary">
<doc>Verifies that an alert is present and, by default, accepts it.</doc>
<arguments>
<arg>MAKE SURE ALL FIELDS ARE FILLED.</arg>
</arguments>
<status status="PASS" starttime="20180730 19:03:52.296" endtime="20180730 19:03:52.304"></status>
</kw>
<status status="PASS" starttime="20180730 19:03:50.222" endtime="20180730 19:03:52.305"></status>
</kw>
<kw name="Invalid Username Entry" library="users">
<kw name="Click Element" library="SeleniumLibrary">
<doc>Click element identified by ``locator``.</doc>
<arguments>
<arg>//*[@id="subcontent"]/div/form/div[1]/div[1]/div[1]/label/span</arg>
</arguments>
<msg timestamp="20180730 19:03:52.310" level="INFO">Clicking element '//*[@id="subcontent"]/div/form/div[1]/div[1]/div[1]/label/span'.</msg>
<status status="PASS" starttime="20180730 19:03:52.309" endtime="20180730 19:03:52.390"></status>
</kw>
<kw name="Input Text" library="SeleniumLibrary">
<doc>Types the given ``text`` into text field identified by ``locator``.</doc>
<arguments>
<arg>//*[@id="subcontent"]/div/form/div[1]/div[1]/input</arg>
<arg>0123456789</arg>
</arguments>
<msg timestamp="20180730 19:03:52.390" level="INFO">Typing text '0123456789' into text field '//*[@id="subcontent"]/div/form/div[1]/div[1]/input'.</msg>
<status status="PASS" starttime="20180730 19:03:52.390" endtime="20180730 19:03:52.479"></status>
</kw>
<kw name="Click Button" library="SeleniumLibrary">
<doc>Clicks button identified by ``locator``.</doc>
<arguments>
<arg>//*[@id="subcontent"]/div/form/div[7]/button[1]</arg>
</arguments>
<msg timestamp="20180730 19:03:52.479" level="INFO">Clicking button '//*[@id="subcontent"]/div/form/div[7]/button[1]'.</msg>
<status status="PASS" starttime="20180730 19:03:52.479" endtime="20180730 19:03:52.522"></status>
</kw>
<kw name="Sleep" library="BuiltIn">
<doc>Pauses the test executed for the given time.</doc>
<arguments>
<arg>3s</arg>
</arguments>
<msg timestamp="20180730 19:03:55.524" level="INFO">Slept 3 seconds</msg>
<status status="PASS" starttime="20180730 19:03:52.522" endtime="20180730 19:03:55.524"></status>
</kw>
<kw name="Alert Should Be Present" library="SeleniumLibrary">
<doc>Verifies that an alert is present and, by default, accepts it.</doc>
<arguments>
<arg>INCORRECT INPUT.</arg>
</arguments>
<status status="PASS" starttime="20180730 19:03:55.525" endtime="20180730 19:03:55.534"></status>
</kw>
<kw name="Click Element" library="SeleniumLibrary">
<doc>Click element identified by ``locator``.</doc>
<arguments>
<arg>//*[@id="subcontent"]/div/form/div[1]/div[1]/div[2]/label/span</arg>
</arguments>
<msg timestamp="20180730 19:03:55.535" level="INFO">Clicking element '//*[@id="subcontent"]/div/form/div[1]/div[1]/div[2]/label/span'.</msg>
<status status="PASS" starttime="20180730 19:03:55.534" endtime="20180730 19:03:55.604"></status>
</kw>
<kw name="Input Text" library="SeleniumLibrary">
<doc>Types the given ``text`` into text field identified by ``locator``.</doc>
<arguments>
<arg>//*[@id="subcontent"]/div/form/div[1]/div[1]/input</arg>
<arg>012345678901</arg>
</arguments>
<msg timestamp="20180730 19:03:55.604" level="INFO">Typing text '012345678901' into text field '//*[@id="subcontent"]/div/form/div[1]/div[1]/input'.</msg>
<status status="PASS" starttime="20180730 19:03:55.604" endtime="20180730 19:03:55.669"></status>
</kw>
<kw name="Click Button" library="SeleniumLibrary">
<doc>Clicks button identified by ``locator``.</doc>
<arguments>
<arg>//*[@id="subcontent"]/div/form/div[7]/button[1]</arg>
</arguments>
<msg timestamp="20180730 19:03:55.669" level="INFO">Clicking button '//*[@id="subcontent"]/div/form/div[7]/button[1]'.</msg>
<status status="PASS" starttime="20180730 19:03:55.669" endtime="20180730 19:03:55.730"></status>
</kw>
<kw name="Sleep" library="BuiltIn">
<doc>Pauses the test executed for the given time.</doc>
<arguments>
<arg>3s</arg>
</arguments>
<msg timestamp="20180730 19:03:58.731" level="INFO">Slept 3 seconds</msg>
<status status="PASS" starttime="20180730 19:03:55.730" endtime="20180730 19:03:58.731"></status>
</kw>
<kw name="Alert Should Be Present" library="SeleniumLibrary">
<doc>Verifies that an alert is present and, by default, accepts it.</doc>
<arguments>
<arg>INCORRECT INPUT.</arg>
</arguments>
<status status="PASS" starttime="20180730 19:03:58.731" endtime="20180730 19:03:58.734"></status>
</kw>
<status status="PASS" starttime="20180730 19:03:52.308" endtime="20180730 19:03:58.734"></status>
</kw>
<kw name="invalid len username" library="users">
<kw name="Click Element" library="SeleniumLibrary">
<doc>Click element identified by ``locator``.</doc>
<arguments>
<arg>//*[@id="subcontent"]/div/form/div[1]/div[1]/div[1]/label/span</arg>
</arguments>
<msg timestamp="20180730 19:03:58.736" level="INFO">Clicking element '//*[@id="subcontent"]/div/form/div[1]/div[1]/div[1]/label/span'.</msg>
<status status="PASS" starttime="20180730 19:03:58.736" endtime="20180730 19:03:58.784"></status>
</kw>
<kw name="Input Text" library="SeleniumLibrary">
<doc>Types the given ``text`` into text field identified by ``locator``.</doc>
<arguments>
<arg>//*[@id="subcontent"]/div/form/div[1]/div[1]/input</arg>
<arg>01234567890</arg>
</arguments>
<msg timestamp="20180730 19:03:58.784" level="INFO">Typing text '01234567890' into text field '//*[@id="subcontent"]/div/form/div[1]/div[1]/input'.</msg>
<status status="PASS" starttime="20180730 19:03:58.784" endtime="20180730 19:03:58.845"></status>
</kw>
<kw name="Click Button" library="SeleniumLibrary">
<doc>Clicks button identified by ``locator``.</doc>
<arguments>
<arg>//*[@id="subcontent"]/div/form/div[7]/button[1]</arg>
</arguments>
<msg timestamp="20180730 19:03:58.845" level="INFO">Clicking button '//*[@id="subcontent"]/div/form/div[7]/button[1]'.</msg>
<status status="PASS" starttime="20180730 19:03:58.845" endtime="20180730 19:03:58.904"></status>
</kw>
<kw name="Sleep" library="BuiltIn">
<doc>Pauses the test executed for the given time.</doc>
<arguments>
<arg>3s</arg>
</arguments>
<msg timestamp="20180730 19:04:01.906" level="INFO">Slept 3 seconds</msg>
<status status="PASS" starttime="20180730 19:03:58.904" endtime="20180730 19:04:01.906"></status>
</kw>
<kw name="Alert Should Be Present" library="SeleniumLibrary">
<doc>Verifies that an alert is present and, by default, accepts it.</doc>
<arguments>
<arg>INCORRECT INPUT.</arg>
</arguments>
<status status="PASS" starttime="20180730 19:04:01.907" endtime="20180730 19:04:01.916"></status>
</kw>
<kw name="Click Element" library="SeleniumLibrary">
<doc>Click element identified by ``locator``.</doc>
<arguments>
<arg>//*[@id="subcontent"]/div/form/div[1]/div[1]/div[1]/label/span</arg>
</arguments>
<msg timestamp="20180730 19:04:01.917" level="INFO">Clicking element '//*[@id="subcontent"]/div/form/div[1]/div[1]/div[1]/label/span'.</msg>
<status status="PASS" starttime="20180730 19:04:01.916" endtime="20180730 19:04:01.962"></status>
</kw>
<kw name="Input Text" library="SeleniumLibrary">
<doc>Types the given ``text`` into text field identified by ``locator``.</doc>
<arguments>
<arg>//*[@id="subcontent"]/div/form/div[1]/div[1]/input</arg>
<arg>0123456789012</arg>
</arguments>
<msg timestamp="20180730 19:04:01.962" level="INFO">Typing text '0123456789012' into text field '//*[@id="subcontent"]/div/form/div[1]/div[1]/input'.</msg>
<status status="PASS" starttime="20180730 19:04:01.962" endtime="20180730 19:04:02.028"></status>
</kw>
<kw name="Click Button" library="SeleniumLibrary">
<doc>Clicks button identified by ``locator``.</doc>
<arguments>
<arg>//*[@id="subcontent"]/div/form/div[7]/button[1]</arg>
</arguments>
<msg timestamp="20180730 19:04:02.028" level="INFO">Clicking button '//*[@id="subcontent"]/div/form/div[7]/button[1]'.</msg>
<status status="PASS" starttime="20180730 19:04:02.028" endtime="20180730 19:04:02.075"></status>
</kw>
<kw name="Sleep" library="BuiltIn">
<doc>Pauses the test executed for the given time.</doc>
<arguments>
<arg>2s</arg>
</arguments>
<msg timestamp="20180730 19:04:04.078" level="INFO">Slept 2 seconds</msg>
<status status="PASS" starttime="20180730 19:04:02.076" endtime="20180730 19:04:04.078"></status>
</kw>
<kw name="Alert Should Be Present" library="SeleniumLibrary">
<doc>Verifies that an alert is present and, by default, accepts it.</doc>
<arguments>
<arg>INCORRECT INPUT.</arg>
</arguments>
<status status="PASS" starttime="20180730 19:04:04.078" endtime="20180730 19:04:04.081"></status>
</kw>
<kw name="Click Element" library="SeleniumLibrary">
<doc>Click element identified by ``locator``.</doc>
<arguments>
<arg>//*[@id="subcontent"]/div/form/div[1]/div[1]/div[2]/label/span</arg>
</arguments>
<msg timestamp="20180730 19:04:04.081" level="INFO">Clicking element '//*[@id="subcontent"]/div/form/div[1]/div[1]/div[2]/label/span'.</msg>
<status status="PASS" starttime="20180730 19:04:04.081" endtime="20180730 19:04:04.127"></status>
</kw>
<kw name="Input Text" library="SeleniumLibrary">
<doc>Types the given ``text`` into text field identified by ``locator``.</doc>
<arguments>
<arg>//*[@id="subcontent"]/div/form/div[1]/div[1]/input</arg>
<arg>012345678</arg>
</arguments>
<msg timestamp="20180730 19:04:04.127" level="INFO">Typing text '012345678' into text field '//*[@id="subcontent"]/div/form/div[1]/div[1]/input'.</msg>
<status status="PASS" starttime="20180730 19:04:04.127" endtime="20180730 19:04:04.185"></status>
</kw>
<kw name="Click Button" library="SeleniumLibrary">
<doc>Clicks button identified by ``locator``.</doc>
<arguments>
<arg>//*[@id="subcontent"]/div/form/div[7]/button[1]</arg>
</arguments>
<msg timestamp="20180730 19:04:04.185" level="INFO">Clicking button '//*[@id="subcontent"]/div/form/div[7]/button[1]'.</msg>
<status status="PASS" starttime="20180730 19:04:04.185" endtime="20180730 19:04:04.230"></status>
</kw>
<kw name="Sleep" library="BuiltIn">
<doc>Pauses the test executed for the given time.</doc>
<arguments>
<arg>3s</arg>
</arguments>
<msg timestamp="20180730 19:04:07.233" level="INFO">Slept 3 seconds</msg>
<status status="PASS" starttime="20180730 19:04:04.231" endtime="20180730 19:04:07.233"></status>
</kw>
<kw name="Alert Should Be Present" library="SeleniumLibrary">
<doc>Verifies that an alert is present and, by default, accepts it.</doc>
<arguments>
<arg>INCORRECT INPUT.</arg>
</arguments>
<status status="PASS" starttime="20180730 19:04:07.233" endtime="20180730 19:04:07.241"></status>
</kw>
<kw name="Click Element" library="SeleniumLibrary">
<doc>Click element identified by ``locator``.</doc>
<arguments>
<arg>//*[@id="subcontent"]/div/form/div[1]/div[1]/div[2]/label/span</arg>
</arguments>
<msg timestamp="20180730 19:04:07.242" level="INFO">Clicking element '//*[@id="subcontent"]/div/form/div[1]/div[1]/div[2]/label/span'.</msg>
<status status="PASS" starttime="20180730 19:04:07.242" endtime="20180730 19:04:07.288"></status>
</kw>
<kw name="Input Text" library="SeleniumLibrary">
<doc>Types the given ``text`` into text field identified by ``locator``.</doc>
<arguments>
<arg>//*[@id="subcontent"]/div/form/div[1]/div[1]/input</arg>
<arg>01234567890</arg>
</arguments>
<msg timestamp="20180730 19:04:07.289" level="INFO">Typing text '01234567890' into text field '//*[@id="subcontent"]/div/form/div[1]/div[1]/input'.</msg>
<status status="PASS" starttime="20180730 19:04:07.289" endtime="20180730 19:04:07.355"></status>
</kw>
<kw name="Click Button" library="SeleniumLibrary">
<doc>Clicks button identified by ``locator``.</doc>
<arguments>
<arg>//*[@id="subcontent"]/div/form/div[7]/button[1]</arg>
</arguments>
<msg timestamp="20180730 19:04:07.355" level="INFO">Clicking button '//*[@id="subcontent"]/div/form/div[7]/button[1]'.</msg>
<status status="PASS" starttime="20180730 19:04:07.355" endtime="20180730 19:04:07.426"></status>
</kw>
<kw name="Sleep" library="BuiltIn">
<doc>Pauses the test executed for the given time.</doc>
<arguments>
<arg>3s</arg>
</arguments>
<msg timestamp="20180730 19:04:10.428" level="INFO">Slept 3 seconds</msg>
<status status="PASS" starttime="20180730 19:04:07.426" endtime="20180730 19:04:10.428"></status>
</kw>
<kw name="Alert Should Be Present" library="SeleniumLibrary">
<doc>Verifies that an alert is present and, by default, accepts it.</doc>
<arguments>
<arg>INCORRECT INPUT.</arg>
</arguments>
<status status="PASS" starttime="20180730 19:04:10.428" endtime="20180730 19:04:10.433"></status>
</kw>
<status status="PASS" starttime="20180730 19:03:58.735" endtime="20180730 19:04:10.434"></status>
</kw>
<kw name="Valid Username Entry" library="users">
<kw name="Click Element" library="SeleniumLibrary">
<doc>Click element identified by ``locator``.</doc>
<arguments>
<arg>//*[@id="subcontent"]/div/form/div[1]/div[1]/div[1]/label/span</arg>
</arguments>
<msg timestamp="20180730 19:04:10.436" level="INFO">Clicking element '//*[@id="subcontent"]/div/form/div[1]/div[1]/div[1]/label/span'.</msg>
<status status="PASS" starttime="20180730 19:04:10.436" endtime="20180730 19:04:10.473"></status>
</kw>
<kw name="Input Text" library="SeleniumLibrary">
<doc>Types the given ``text`` into text field identified by ``locator``.</doc>
<arguments>
<arg>//*[@id="subcontent"]/div/form/div[1]/div[1]/input</arg>
<arg>012345678901</arg>
</arguments>
<msg timestamp="20180730 19:04:10.473" level="INFO">Typing text '012345678901' into text field '//*[@id="subcontent"]/div/form/div[1]/div[1]/input'.</msg>
<status status="PASS" starttime="20180730 19:04:10.473" endtime="20180730 19:04:10.541"></status>
</kw>
<kw name="Click Button" library="SeleniumLibrary">
<doc>Clicks button identified by ``locator``.</doc>
<arguments>
<arg>//*[@id="subcontent"]/div/form/div[7]/button[1]</arg>
</arguments>
<msg timestamp="20180730 19:04:10.541" level="INFO">Clicking button '//*[@id="subcontent"]/div/form/div[7]/button[1]'.</msg>
<status status="PASS" starttime="20180730 19:04:10.541" endtime="20180730 19:04:10.591"></status>
</kw>
<kw name="Sleep" library="BuiltIn">
<doc>Pauses the test executed for the given time.</doc>
<arguments>
<arg>3s</arg>
</arguments>
<msg timestamp="20180730 19:04:13.593" level="INFO">Slept 3 seconds</msg>
<status status="PASS" starttime="20180730 19:04:10.592" endtime="20180730 19:04:13.593"></status>
</kw>
<kw name="Alert Should Be Present" library="SeleniumLibrary">
<doc>Verifies that an alert is present and, by default, accepts it.</doc>
<arguments>
<arg>MAKE SURE ALL FIELDS ARE FILLED.</arg>
</arguments>
<status status="PASS" starttime="20180730 19:04:13.593" endtime="20180730 19:04:13.596"></status>
</kw>
<kw name="Click Element" library="SeleniumLibrary">
<doc>Click element identified by ``locator``.</doc>
<arguments>
<arg>//*[@id="subcontent"]/div/form/div[1]/div[1]/div[2]/label/span</arg>
</arguments>
<msg timestamp="20180730 19:04:13.596" level="INFO">Clicking element '//*[@id="subcontent"]/div/form/div[1]/div[1]/div[2]/label/span'.</msg>
<status status="PASS" starttime="20180730 19:04:13.596" endtime="20180730 19:04:13.648"></status>
</kw>
<kw name="Input Text" library="SeleniumLibrary">
<doc>Types the given ``text`` into text field identified by ``locator``.</doc>
<arguments>
<arg>//*[@id="subcontent"]/div/form/div[1]/div[1]/input</arg>
<arg>0123456789</arg>
</arguments>
<msg timestamp="20180730 19:04:13.648" level="INFO">Typing text '0123456789' into text field '//*[@id="subcontent"]/div/form/div[1]/div[1]/input'.</msg>
<status status="PASS" starttime="20180730 19:04:13.648" endtime="20180730 19:04:13.714"></status>
</kw>
<kw name="Click Button" library="SeleniumLibrary">
<doc>Clicks button identified by ``locator``.</doc>
<arguments>
<arg>//*[@id="subcontent"]/div/form/div[7]/button[1]</arg>
</arguments>
<msg timestamp="20180730 19:04:13.715" level="INFO">Clicking button '//*[@id="subcontent"]/div/form/div[7]/button[1]'.</msg>
<status status="PASS" starttime="20180730 19:04:13.714" endtime="20180730 19:04:13.768"></status>
</kw>
<kw name="Sleep" library="BuiltIn">
<doc>Pauses the test executed for the given time.</doc>
<arguments>
<arg>3s</arg>
</arguments>
<msg timestamp="20180730 19:04:16.770" level="INFO">Slept 3 seconds</msg>
<status status="PASS" starttime="20180730 19:04:13.769" endtime="20180730 19:04:16.770"></status>
</kw>
<kw name="Alert Should Be Present" library="SeleniumLibrary">
<doc>Verifies that an alert is present and, by default, accepts it.</doc>
<arguments>
<arg>MAKE SURE ALL FIELDS ARE FILLED.</arg>
</arguments>
<status status="PASS" starttime="20180730 19:04:16.770" endtime="20180730 19:04:16.773"></status>
</kw>
<status status="PASS" starttime="20180730 19:04:10.436" endtime="20180730 19:04:16.773"></status>
</kw>
<kw name="name entry" library="users">
<kw name="Click Element" library="SeleniumLibrary">
<doc>Click element identified by ``locator``.</doc>
<arguments>
<arg>xpath=//*[@id="subcontent"]/div/form/div[7]/button[1]</arg>
</arguments>
<msg timestamp="20180730 19:04:16.775" level="INFO">Clicking element 'xpath=//*[@id="subcontent"]/div/form/div[7]/button[1]'.</msg>
<status status="PASS" starttime="20180730 19:04:16.775" endtime="20180730 19:04:16.820"></status>
</kw>
<kw name="Sleep" library="BuiltIn">
<doc>Pauses the test executed for the given time.</doc>
<arguments>
<arg>3s</arg>
</arguments>
<msg timestamp="20180730 19:04:19.821" level="INFO">Slept 3 seconds</msg>
<status status="PASS" starttime="20180730 19:04:16.821" endtime="20180730 19:04:19.821"></status>
</kw>
<kw name="Alert Should Be Present" library="SeleniumLibrary">
<doc>Verifies that an alert is present and, by default, accepts it.</doc>
<arguments>
<arg>MAKE SURE ALL FIELDS ARE FILLED.</arg>
</arguments>
<status status="PASS" starttime="20180730 19:04:19.822" endtime="20180730 19:04:19.830"></status>
</kw>
<kw name="Input Text" library="SeleniumLibrary">
<doc>Types the given ``text`` into text field identified by ``locator``.</doc>
<arguments>
<arg>//*[@id="subcontent"]/div/form/div[2]/div[1]/input</arg>
<arg>f35d4f6ds65</arg>
</arguments>
<msg timestamp="20180730 19:04:19.831" level="INFO">Typing text 'f35d4f6ds65' into text field '//*[@id="subcontent"]/div/form/div[2]/div[1]/input'.</msg>
<status status="PASS" starttime="20180730 19:04:19.831" endtime="20180730 19:04:19.936"></status>
</kw>
<kw name="Click Element" library="SeleniumLibrary">
<doc>Click element identified by ``locator``.</doc>
<arguments>
<arg>//*[@id="subcontent"]/div/form/div[7]/button[1]</arg>
</arguments>
<msg timestamp="20180730 19:04:19.937" level="INFO">Clicking element '//*[@id="subcontent"]/div/form/div[7]/button[1]'.</msg>
<status status="PASS" starttime="20180730 19:04:19.936" endtime="20180730 19:04:19.976"></status>
</kw>
<kw name="Sleep" library="BuiltIn">
<doc>Pauses the test executed for the given time.</doc>
<arguments>
<arg>3s</arg>
</arguments>
<msg timestamp="20180730 19:04:22.978" level="INFO">Slept 3 seconds</msg>
<status status="PASS" starttime="20180730 19:04:19.977" endtime="20180730 19:04:22.978"></status>
</kw>
<kw name="Alert Should Be Present" library="SeleniumLibrary">
<doc>Verifies that an alert is present and, by default, accepts it.</doc>
<arguments>
<arg>INCORRECT INPUT.</arg>
</arguments>
<status status="PASS" starttime="20180730 19:04:22.979" endtime="20180730 19:04:22.987"></status>
</kw>
<kw name="Input Text" library="SeleniumLibrary">
<doc>Types the given ``text`` into text field identified by ``locator``.</doc>
<arguments>
<arg>//*[@id="subcontent"]/div/form/div[2]/div[2]/input</arg>
<arg>g645dfg564d</arg>
</arguments>
<msg timestamp="20180730 19:04:22.989" level="INFO">Typing text 'g645dfg564d' into text field '//*[@id="subcontent"]/div/form/div[2]/div[2]/input'.</msg>
<status status="PASS" starttime="20180730 19:04:22.988" endtime="20180730 19:04:23.090"></status>
</kw>
<kw name="Click Element" library="SeleniumLibrary">
<doc>Click element identified by ``locator``.</doc>
<arguments>
<arg>xpath=//*[@id="subcontent"]/div/form/div[7]/button[1]</arg>
</arguments>
<msg timestamp="20180730 19:04:23.091" level="INFO">Clicking element 'xpath=//*[@id="subcontent"]/div/form/div[7]/button[1]'.</msg>
<status status="PASS" starttime="20180730 19:04:23.091" endtime="20180730 19:04:23.132"></status>
</kw>
<kw name="Sleep" library="BuiltIn">
<doc>Pauses the test executed for the given time.</doc>
<arguments>
<arg>3s</arg>
</arguments>
<msg timestamp="20180730 19:04:26.135" level="INFO">Slept 3 seconds</msg>
<status status="PASS" starttime="20180730 19:04:23.132" endtime="20180730 19:04:26.135"></status>
</kw>
<kw name="Alert Should Be Present" library="SeleniumLibrary">
<doc>Verifies that an alert is present and, by default, accepts it.</doc>
<arguments>
<arg>INCORRECT INPUT.</arg>
</arguments>
<status status="PASS" starttime="20180730 19:04:26.135" endtime="20180730 19:04:26.144"></status>
</kw>
<kw name="Input Text" library="SeleniumLibrary">
<doc>Types the given ``text`` into text field identified by ``locator``.</doc>
<arguments>
<arg>//*[@id="subcontent"]/div/form/div[2]/div[2]/input</arg>
<arg>Last</arg>
</arguments>
<msg timestamp="20180730 19:04:26.145" level="INFO">Typing text 'Last' into text field '//*[@id="subcontent"]/div/form/div[2]/div[2]/input'.</msg>
<status status="PASS" starttime="20180730 19:04:26.145" endtime="20180730 19:04:26.217"></status>
</kw>
<kw name="Input Text" library="SeleniumLibrary">
<doc>Types the given ``text`` into text field identified by ``locator``.</doc>
<arguments>
<arg>//*[@id="subcontent"]/div/form/div[2]/div[1]/input</arg>
<arg>First</arg>
</arguments>
<msg timestamp="20180730 19:04:26.218" level="INFO">Typing text 'First' into text field '//*[@id="subcontent"]/div/form/div[2]/div[1]/input'.</msg>
<status status="PASS" starttime="20180730 19:04:26.218" endtime="20180730 19:04:26.273"></status>
</kw>
<kw name="Click Element" library="SeleniumLibrary">
<doc>Click element identified by ``locator``.</doc>
<arguments>
<arg>xpath=//*[@id="subcontent"]/div/form/div[7]/button[1]</arg>
</arguments>
<msg timestamp="20180730 19:04:26.274" level="INFO">Clicking element 'xpath=//*[@id="subcontent"]/div/form/div[7]/button[1]'.</msg>
<status status="PASS" starttime="20180730 19:04:26.273" endtime="20180730 19:04:26.308"></status>
</kw>
<kw name="Sleep" library="BuiltIn">
<doc>Pauses the test executed for the given time.</doc>
<arguments>
<arg>3s</arg>
</arguments>
<msg timestamp="20180730 19:04:29.310" level="INFO">Slept 3 seconds</msg>
<status status="PASS" starttime="20180730 19:04:26.309" endtime="20180730 19:04:29.310"></status>
</kw>
<kw name="Alert Should Be Present" library="SeleniumLibrary">
<doc>Verifies that an alert is present and, by default, accepts it.</doc>
<arguments>
<arg>MAKE SURE ALL FIELDS ARE FILLED.</arg>
</arguments>
<status status="PASS" starttime="20180730 19:04:29.310" endtime="20180730 19:04:29.313"></status>
</kw>
<status status="PASS" starttime="20180730 19:04:16.774" endtime="20180730 19:04:29.313"></status>
</kw>
<kw name="invalid contact num" library="users">
<kw name="Click Element" library="SeleniumLibrary">
<doc>Click element identified by ``locator``.</doc>
<arguments>
<arg>xpath=//*[@id="subcontent"]/div/form/div[7]/button[1]</arg>
</arguments>
<msg timestamp="20180730 19:04:29.315" level="INFO">Clicking element 'xpath=//*[@id="subcontent"]/div/form/div[7]/button[1]'.</msg>
<status status="PASS" starttime="20180730 19:04:29.315" endtime="20180730 19:04:29.361"></status>
</kw>
<kw name="Sleep" library="BuiltIn">
<doc>Pauses the test executed for the given time.</doc>
<arguments>
<arg>3s</arg>
</arguments>
<msg timestamp="20180730 19:04:32.363" level="INFO">Slept 3 seconds</msg>
<status status="PASS" starttime="20180730 19:04:29.362" endtime="20180730 19:04:32.363"></status>
</kw>
<kw name="Alert Should Be Present" library="SeleniumLibrary">
<doc>Verifies that an alert is present and, by default, accepts it.</doc>
<arguments>
<arg>MAKE SURE ALL FIELDS ARE FILLED.</arg>
</arguments>
<status status="PASS" starttime="20180730 19:04:32.364" endtime="20180730 19:04:32.367"></status>
</kw>
<kw name="Input Text" library="SeleniumLibrary">
<doc>Types the given ``text`` into text field identified by ``locator``.</doc>
<arguments>
<arg>//*[@id="subcontent"]/div/form/div[3]/div[1]/input</arg>
<arg>15646868</arg>
</arguments>
<msg timestamp="20180730 19:04:32.368" level="INFO">Typing text '15646868' into text field '//*[@id="subcontent"]/div/form/div[3]/div[1]/input'.</msg>
<status status="PASS" starttime="20180730 19:04:32.368" endtime="20180730 19:04:32.451"></status>
</kw>
<kw name="Click Element" library="SeleniumLibrary">
<doc>Click element identified by ``locator``.</doc>
<arguments>
<arg>xpath=//*[@id="subcontent"]/div/form/div[7]/button[1]</arg>
</arguments>
<msg timestamp="20180730 19:04:32.452" level="INFO">Clicking element 'xpath=//*[@id="subcontent"]/div/form/div[7]/button[1]'.</msg>
<status status="PASS" starttime="20180730 19:04:32.452" endtime="20180730 19:04:32.483"></status>
</kw>
<kw name="Sleep" library="BuiltIn">
<doc>Pauses the test executed for the given time.</doc>
<arguments>
<arg>3s</arg>
</arguments>
<msg timestamp="20180730 19:04:35.486" level="INFO">Slept 3 seconds</msg>
<status status="PASS" starttime="20180730 19:04:32.483" endtime="20180730 19:04:35.486"></status>
</kw>
<kw name="Alert Should Be Present" library="SeleniumLibrary">
<doc>Verifies that an alert is present and, by default, accepts it.</doc>
<arguments>
<arg>INCORRECT INPUT.</arg>
</arguments>
<status status="PASS" starttime="20180730 19:04:35.487" endtime="20180730 19:04:35.495"></status>
</kw>
<kw name="Input Text" library="SeleniumLibrary">
<doc>Types the given ``text`` into text field identified by ``locator``.</doc>
<arguments>
<arg>//*[@id="subcontent"]/div/form/div[3]/div[1]/input</arg>
<arg>ggfdhdfgh</arg>
</arguments>
<msg timestamp="20180730 19:04:35.496" level="INFO">Typing text 'ggfdhdfgh' into text field '//*[@id="subcontent"]/div/form/div[3]/div[1]/input'.</msg>
<status status="PASS" starttime="20180730 19:04:35.496" endtime="20180730 19:04:35.578"></status>
</kw>
<kw name="Click Element" library="SeleniumLibrary">
<doc>Click element identified by ``locator``.</doc>
<arguments>
<arg>xpath=//*[@id="subcontent"]/div/form/div[7]/button[1]</arg>
</arguments>
<msg timestamp="20180730 19:04:35.579" level="INFO">Clicking element 'xpath=//*[@id="subcontent"]/div/form/div[7]/button[1]'.</msg>
<status status="PASS" starttime="20180730 19:04:35.578" endtime="20180730 19:04:35.609"></status>
</kw>
<kw name="Sleep" library="BuiltIn">
<doc>Pauses the test executed for the given time.</doc>
<arguments>
<arg>3s</arg>
</arguments>
<msg timestamp="20180730 19:04:38.611" level="INFO">Slept 3 seconds</msg>
<status status="PASS" starttime="20180730 19:04:35.609" endtime="20180730 19:04:38.611"></status>
</kw>
<kw name="Alert Should Be Present" library="SeleniumLibrary">
<doc>Verifies that an alert is present and, by default, accepts it.</doc>
<arguments>
<arg>INCORRECT INPUT.</arg>
</arguments>
<status status="PASS" starttime="20180730 19:04:38.611" endtime="20180730 19:04:38.619"></status>
</kw>
<kw name="Input Text" library="SeleniumLibrary">
<doc>Types the given ``text`` into text field identified by ``locator``.</doc>
<arguments>
<arg>//*[@id="subcontent"]/div/form/div[3]/div[1]/input</arg>
<arg>12345678901</arg>
</arguments>
<msg timestamp="20180730 19:04:38.621" level="INFO">Typing text '12345678901' into text field '//*[@id="subcontent"]/div/form/div[3]/div[1]/input'.</msg>
<status status="PASS" starttime="20180730 19:04:38.620" endtime="20180730 19:04:38.711"></status>
</kw>
<kw name="Click Element" library="SeleniumLibrary">
<doc>Click element identified by ``locator``.</doc>
<arguments>
<arg>xpath=//*[@id="subcontent"]/div/form/div[7]/button[1]</arg>
</arguments>
<msg timestamp="20180730 19:04:38.712" level="INFO">Clicking element 'xpath=//*[@id="subcontent"]/div/form/div[7]/button[1]'.</msg>
<status status="PASS" starttime="20180730 19:04:38.711" endtime="20180730 19:04:38.743"></status>
</kw>
<kw name="Sleep" library="BuiltIn">
<doc>Pauses the test executed for the given time.</doc>
<arguments>
<arg>3s</arg>
</arguments>
<msg timestamp="20180730 19:04:41.744" level="INFO">Slept 3 seconds</msg>
<status status="PASS" starttime="20180730 19:04:38.743" endtime="20180730 19:04:41.744"></status>
</kw>
<kw name="Alert Should Be Present" library="SeleniumLibrary">
<doc>Verifies that an alert is present and, by default, accepts it.</doc>
<arguments>
<arg>INCORRECT INPUT.</arg>
</arguments>
<status status="PASS" starttime="20180730 19:04:41.745" endtime="20180730 19:04:41.754"></status>
</kw>
<status status="PASS" starttime="20180730 19:04:29.314" endtime="20180730 19:04:41.754"></status>
</kw>
<kw name="invalid alternte contact num" library="users">
<kw name="Click Element" library="SeleniumLibrary">
<doc>Click element identified by ``locator``.</doc>
<arguments>
<arg>xpath=//*[@id="subcontent"]/div/form/div[7]/button[1]</arg>
</arguments>
<msg timestamp="20180730 19:04:41.761" level="INFO">Clicking element 'xpath=//*[@id="subcontent"]/div/form/div[7]/button[1]'.</msg>
<status status="PASS" starttime="20180730 19:04:41.760" endtime="20180730 19:04:41.803"></status>
</kw>
<kw name="Sleep" library="BuiltIn">
<doc>Pauses the test executed for the given time.</doc>
<arguments>
<arg>3s</arg>
</arguments>
<msg timestamp="20180730 19:04:44.805" level="INFO">Slept 3 seconds</msg>
<status status="PASS" starttime="20180730 19:04:41.803" endtime="20180730 19:04:44.805"></status>
</kw>
<kw name="Alert Should Be Present" library="SeleniumLibrary">
<doc>Verifies that an alert is present and, by default, accepts it.</doc>
<arguments>
<arg>INCORRECT INPUT.</arg>
</arguments>
<status status="PASS" starttime="20180730 19:04:44.805" endtime="20180730 19:04:44.809"></status>
</kw>
<kw name="Input Text" library="SeleniumLibrary">
<doc>Types the given ``text`` into text field identified by ``locator``.</doc>
<arguments>
<arg>//*[@id="subcontent"]/div/form/div[3]/div[2]/input</arg>
<arg>15646868</arg>
</arguments>
<msg timestamp="20180730 19:04:44.810" level="INFO">Typing text '15646868' into text field '//*[@id="subcontent"]/div/form/div[3]/div[2]/input'.</msg>
<status status="PASS" starttime="20180730 19:04:44.810" endtime="20180730 19:04:44.892"></status>
</kw>
<kw name="Click Element" library="SeleniumLibrary">
<doc>Click element identified by ``locator``.</doc>
<arguments>
<arg>xpath=//*[@id="subcontent"]/div/form/div[7]/button[1]</arg>
</arguments>
<msg timestamp="20180730 19:04:44.892" level="INFO">Clicking element 'xpath=//*[@id="subcontent"]/div/form/div[7]/button[1]'.</msg>
<status status="PASS" starttime="20180730 19:04:44.892" endtime="20180730 19:04:44.940"></status>
</kw>
<kw name="Sleep" library="BuiltIn">
<doc>Pauses the test executed for the given time.</doc>
<arguments>
<arg>3s</arg>
</arguments>
<msg timestamp="20180730 19:04:47.941" level="INFO">Slept 3 seconds</msg>
<status status="PASS" starttime="20180730 19:04:44.940" endtime="20180730 19:04:47.941"></status>
</kw>
<kw name="Alert Should Be Present" library="SeleniumLibrary">
<doc>Verifies that an alert is present and, by default, accepts it.</doc>
<arguments>
<arg>INCORRECT INPUT.</arg>
</arguments>
<status status="PASS" starttime="20180730 19:04:47.942" endtime="20180730 19:04:47.950"></status>
</kw>
<kw name="Input Text" library="SeleniumLibrary">
<doc>Types the given ``text`` into text field identified by ``locator``.</doc>
<arguments>
<arg>//*[@id="subcontent"]/div/form/div[3]/div[2]/input</arg>
<arg>ggfdhdfgh</arg>
</arguments>
<msg timestamp="20180730 19:04:47.951" level="INFO">Typing text 'ggfdhdfgh' into text field '//*[@id="subcontent"]/div/form/div[3]/div[2]/input'.</msg>
<status status="PASS" starttime="20180730 19:04:47.950" endtime="20180730 19:04:48.027"></status>
</kw>
<kw name="Click Element" library="SeleniumLibrary">
<doc>Click element identified by ``locator``.</doc>
<arguments>
<arg>xpath=//*[@id="subcontent"]/div/form/div[7]/button[1]</arg>
</arguments>
<msg timestamp="20180730 19:04:48.027" level="INFO">Clicking element 'xpath=//*[@id="subcontent"]/div/form/div[7]/button[1]'.</msg>
<status status="PASS" starttime="20180730 19:04:48.027" endtime="20180730 19:04:48.062"></status>
</kw>
<kw name="Sleep" library="BuiltIn">
<doc>Pauses the test executed for the given time.</doc>
<arguments>
<arg>3s</arg>
</arguments>
<msg timestamp="20180730 19:04:51.063" level="INFO">Slept 3 seconds</msg>
<status status="PASS" starttime="20180730 19:04:48.062" endtime="20180730 19:04:51.063"></status>
</kw>
<kw name="Alert Should Be Present" library="SeleniumLibrary">
<doc>Verifies that an alert is present and, by default, accepts it.</doc>
<arguments>
<arg>INCORRECT INPUT.</arg>
</arguments>
<status status="PASS" starttime="20180730 19:04:51.064" endtime="20180730 19:04:51.072"></status>
</kw>
<kw name="Input Text" library="SeleniumLibrary">
<doc>Types the given ``text`` into text field identified by ``locator``.</doc>
<arguments>
<arg>//*[@id="subcontent"]/div/form/div[3]/div[2]/input</arg>
<arg>12345678901</arg>
</arguments>
<msg timestamp="20180730 19:04:51.074" level="INFO">Typing text '12345678901' into text field '//*[@id="subcontent"]/div/form/div[3]/div[2]/input'.</msg>
<status status="PASS" starttime="20180730 19:04:51.073" endtime="20180730 19:04:51.136"></status>
</kw>
<kw name="Click Element" library="SeleniumLibrary">
<doc>Click element identified by ``locator``.</doc>
<arguments>
<arg>xpath=//*[@id="subcontent"]/div/form/div[7]/button[1]</arg>
</arguments>
<msg timestamp="20180730 19:04:51.136" level="INFO">Clicking element 'xpath=//*[@id="subcontent"]/div/form/div[7]/button[1]'.</msg>
<status status="PASS" starttime="20180730 19:04:51.136" endtime="20180730 19:04:51.184"></status>
</kw>
<kw name="Sleep" library="BuiltIn">
<doc>Pauses the test executed for the given time.</doc>
<arguments>
<arg>3s</arg>
</arguments>
<msg timestamp="20180730 19:04:54.186" level="INFO">Slept 3 seconds</msg>
<status status="PASS" starttime="20180730 19:04:51.185" endtime="20180730 19:04:54.186"></status>
</kw>
<kw name="Alert Should Be Present" library="SeleniumLibrary">
<doc>Verifies that an alert is present and, by default, accepts it.</doc>
<arguments>
<arg>INCORRECT INPUT.</arg>
</arguments>
<status status="PASS" starttime="20180730 19:04:54.186" endtime="20180730 19:04:54.188"></status>
</kw>
<status status="PASS" starttime="20180730 19:04:41.759" endtime="20180730 19:04:54.188"></status>
</kw>
<kw name="valid contact nums" library="users">
<kw name="Input Text" library="SeleniumLibrary">
<doc>Types the given ``text`` into text field identified by ``locator``.</doc>
<arguments>
<arg>//*[@id="subcontent"]/div/form/div[3]/div[1]/input</arg>
<arg>1234567890</arg>
</arguments>
<msg timestamp="20180730 19:04:54.190" level="INFO">Typing text '1234567890' into text field '//*[@id="subcontent"]/div/form/div[3]/div[1]/input'.</msg>
<status status="PASS" starttime="20180730 19:04:54.190" endtime="20180730 19:04:54.252"></status>
</kw>
<kw name="Input Text" library="SeleniumLibrary">
<doc>Types the given ``text`` into text field identified by ``locator``.</doc>
<arguments>
<arg>//*[@id="subcontent"]/div/form/div[3]/div[2]/input</arg>
<arg>1234567891</arg>
</arguments>
<msg timestamp="20180730 19:04:54.253" level="INFO">Typing text '1234567891' into text field '//*[@id="subcontent"]/div/form/div[3]/div[2]/input'.</msg>
<status status="PASS" starttime="20180730 19:04:54.252" endtime="20180730 19:04:54.313"></status>
</kw>
<kw name="Click Element" library="SeleniumLibrary">
<doc>Click element identified by ``locator``.</doc>
<arguments>
<arg>xpath=//*[@id="subcontent"]/div/form/div[7]/button[1]</arg>
</arguments>
<msg timestamp="20180730 19:04:54.313" level="INFO">Clicking element 'xpath=//*[@id="subcontent"]/div/form/div[7]/button[1]'.</msg>
<status status="PASS" starttime="20180730 19:04:54.313" endtime="20180730 19:04:54.359"></status>
</kw>
<kw name="Sleep" library="BuiltIn">
<doc>Pauses the test executed for the given time.</doc>
<arguments>
<arg>3s</arg>
</arguments>
<msg timestamp="20180730 19:04:57.362" level="INFO">Slept 3 seconds</msg>
<status status="PASS" starttime="20180730 19:04:54.359" endtime="20180730 19:04:57.362"></status>
</kw>
<kw name="Alert Should Be Present" library="SeleniumLibrary">
<doc>Verifies that an alert is present and, by default, accepts it.</doc>
<arguments>
<arg>MAKE SURE ALL FIELDS ARE FILLED.</arg>
</arguments>
<status status="PASS" starttime="20180730 19:04:57.362" endtime="20180730 19:04:57.365"></status>
</kw>
<status status="PASS" starttime="20180730 19:04:54.189" endtime="20180730 19:04:57.365"></status>
</kw>
<kw name="enter address and submit" library="users">
<kw name="Input Text" library="SeleniumLibrary">
<doc>Types the given ``text`` into text field identified by ``locator``.</doc>
<arguments>
<arg>//*[@id="subcontent"]/div/form/div[4]/div[1]/input</arg>
<arg>2-13-7/1</arg>
</arguments>
<msg timestamp="20180730 19:04:57.368" level="INFO">Typing text '2-13-7/1' into text field '//*[@id="subcontent"]/div/form/div[4]/div[1]/input'.</msg>
<status status="PASS" starttime="20180730 19:04:57.367" endtime="20180730 19:04:57.451"></status>
</kw>
<kw name="Click Element" library="SeleniumLibrary">
<doc>Click element identified by ``locator``.</doc>
<arguments>
<arg>xpath=//*[@id="subcontent"]/div/form/div[7]/button[1]</arg>
</arguments>
<msg timestamp="20180730 19:04:57.451" level="INFO">Clicking element 'xpath=//*[@id="subcontent"]/div/form/div[7]/button[1]'.</msg>
<status status="PASS" starttime="20180730 19:04:57.451" endtime="20180730 19:04:57.496"></status>
</kw>
<kw name="Sleep" library="BuiltIn">
<doc>Pauses the test executed for the given time.</doc>
<arguments>
<arg>3s</arg>
</arguments>
<msg timestamp="20180730 19:05:00.498" level="INFO">Slept 3 seconds</msg>
<status status="PASS" starttime="20180730 19:04:57.497" endtime="20180730 19:05:00.498"></status>
</kw>
<kw name="Alert Should Be Present" library="SeleniumLibrary">
<doc>Verifies that an alert is present and, by default, accepts it.</doc>
<arguments>
<arg>MAKE SURE ALL FIELDS ARE FILLED.</arg>
</arguments>
<status status="PASS" starttime="20180730 19:05:00.499" endtime="20180730 19:05:00.507"></status>
</kw>
<kw name="Input Text" library="SeleniumLibrary">
<doc>Types the given ``text`` into text field identified by ``locator``.</doc>
<arguments>
<arg>//*[@id="subcontent"]/div/form/div[4]/div[2]/input</arg>
<arg>abcd</arg>
</arguments>
<msg timestamp="20180730 19:05:00.508" level="INFO">Typing text 'abcd' into text field '//*[@id="subcontent"]/div/form/div[4]/div[2]/input'.</msg>
<status status="PASS" starttime="20180730 19:05:00.507" endtime="20180730 19:05:00.599"></status>
</kw>
<kw name="Input Text" library="SeleniumLibrary">
<doc>Types the given ``text`` into text field identified by ``locator``.</doc>
<arguments>
<arg>//*[@id="subcontent"]/div/form/div[4]/div[3]/input</arg>
<arg>efgh</arg>
</arguments>
<msg timestamp="20180730 19:05:00.599" level="INFO">Typing text 'efgh' into text field '//*[@id="subcontent"]/div/form/div[4]/div[3]/input'.</msg>
<status status="PASS" starttime="20180730 19:05:00.599" endtime="20180730 19:05:00.679"></status>
</kw>
<kw name="Input Text" library="SeleniumLibrary">
<doc>Types the given ``text`` into text field identified by ``locator``.</doc>
<arguments>
<arg>//*[@id="subcontent"]/div/form/div[5]/div[1]/input</arg>
<arg>ijkl</arg>
</arguments>
<msg timestamp="20180730 19:05:00.680" level="INFO">Typing text 'ijkl' into text field '//*[@id="subcontent"]/div/form/div[5]/div[1]/input'.</msg>
<status status="PASS" starttime="20180730 19:05:00.680" endtime="20180730 19:05:00.741"></status>
</kw>
<kw name="Click Element" library="SeleniumLibrary">
<doc>Click element identified by ``locator``.</doc>
<arguments>
<arg>xpath=//*[@id="subcontent"]/div/form/div[7]/button[1]</arg>
</arguments>
<msg timestamp="20180730 19:05:00.741" level="INFO">Clicking element 'xpath=//*[@id="subcontent"]/div/form/div[7]/button[1]'.</msg>
<status status="PASS" starttime="20180730 19:05:00.741" endtime="20180730 19:05:00.795"></status>
</kw>
<kw name="Sleep" library="BuiltIn">
<doc>Pauses the test executed for the given time.</doc>
<arguments>
<arg>3s</arg>
</arguments>
<msg timestamp="20180730 19:05:03.798" level="INFO">Slept 3 seconds</msg>
<status status="PASS" starttime="20180730 19:05:00.795" endtime="20180730 19:05:03.798"></status>
</kw>
<kw name="Alert Should Be Present" library="SeleniumLibrary">
<doc>Verifies that an alert is present and, by default, accepts it.</doc>
<arguments>
<arg>MAKE SURE ALL FIELDS ARE FILLED.</arg>
</arguments>
<status status="PASS" starttime="20180730 19:05:03.798" endtime="20180730 19:05:03.801"></status>
</kw>
<kw name="Input Text" library="SeleniumLibrary">
<doc>Types the given ``text`` into text field identified by ``locator``.</doc>
<arguments>
<arg>//*[@id="subcontent"]/div/form/div[5]/div[3]/input</arg>
<arg>534101</arg>
</arguments>
<msg timestamp="20180730 19:05:03.802" level="INFO">Typing text '534101' into text field '//*[@id="subcontent"]/div/form/div[5]/div[3]/input'.</msg>
<status status="PASS" starttime="20180730 19:05:03.801" endtime="20180730 19:05:03.874"></status>
</kw>
<kw name="Click Element" library="SeleniumLibrary">
<doc>Click element identified by ``locator``.</doc>
<arguments>
<arg>xpath=//*[@id="subcontent"]/div/form/div[7]/button[1]</arg>
</arguments>
<msg timestamp="20180730 19:05:03.874" level="INFO">Clicking element 'xpath=//*[@id="subcontent"]/div/form/div[7]/button[1]'.</msg>
<status status="PASS" starttime="20180730 19:05:03.874" endtime="20180730 19:05:04.033"></status>
</kw>
<kw name="Sleep" library="BuiltIn">
<doc>Pauses the test executed for the given time.</doc>
<arguments>
<arg>3s</arg>
</arguments>
<msg timestamp="20180730 19:05:07.035" level="INFO">Slept 3 seconds</msg>
<status status="PASS" starttime="20180730 19:05:04.034" endtime="20180730 19:05:07.035"></status>
</kw>
<kw name="Handle Alert" library="SeleniumLibrary">
<doc>Handles the current alert and returns its message.</doc>
<status status="PASS" starttime="20180730 19:05:07.036" endtime="20180730 19:05:07.054"></status>
</kw>
<status status="PASS" starttime="20180730 19:04:57.367" endtime="20180730 19:05:07.055"></status>
</kw>
<kw name="click edit" library="users">
<kw name="Click Element" library="SeleniumLibrary">
<doc>Click element identified by ``locator``.</doc>
<arguments>
<arg>//*[@id="content"]/div/div/div[1]/nav/ul/li[2]/a</arg>
</arguments>
<msg timestamp="20180730 19:05:07.057" level="INFO">Clicking element '//*[@id="content"]/div/div/div[1]/nav/ul/li[2]/a'.</msg>
<status status="PASS" starttime="20180730 19:05:07.057" endtime="20180730 19:05:07.118"></status>
</kw>
<kw name="Sleep" library="BuiltIn">
<doc>Pauses the test executed for the given time.</doc>
<arguments>
<arg>3s</arg>
</arguments>
<msg timestamp="20180730 19:05:10.122" level="INFO">Slept 3 seconds</msg>
<status status="PASS" starttime="20180730 19:05:07.118" endtime="20180730 19:05:10.122"></status>
</kw>
<kw name="Wait Until Page Contains Element" library="SeleniumLibrary">
<doc>Waits until element ``locator`` appears on current page.</doc>
<arguments>
<arg>name=edit_user</arg>
</arguments>
<status status="PASS" starttime="20180730 19:05:10.122" endtime="20180730 19:05:10.137"></status>
</kw>
<status status="PASS" starttime="20180730 19:05:07.056" endtime="20180730 19:05:10.137"></status>
</kw>
<kw name="edit existing user" library="users">
<kw name="Input Text" library="SeleniumLibrary">
<doc>Types the given ``text`` into text field identified by ``locator``.</doc>
<arguments>
<arg>name=username</arg>
<arg>0123456789</arg>
</arguments>
<msg timestamp="20180730 19:05:10.137" level="INFO">Typing text '0123456789' into text field 'name=username'.</msg>
<status status="PASS" starttime="20180730 19:05:10.137" endtime="20180730 19:05:10.225"></status>
</kw>
<kw name="Set Focus To Element" library="SeleniumLibrary">
<doc>Sets focus to element identified by ``locator``.</doc>
<arguments>
<arg>name=fname</arg>
</arguments>
<status status="PASS" starttime="20180730 19:05:10.225" endtime="20180730 19:05:10.242"></status>
</kw>
<kw name="Sleep" library="BuiltIn">
<doc>Pauses the test executed for the given time.</doc>
<arguments>
<arg>3s</arg>
</arguments>
<msg timestamp="20180730 19:05:13.254" level="INFO">Slept 3 seconds</msg>
<status status="PASS" starttime="20180730 19:05:10.243" endtime="20180730 19:05:13.254"></status>
</kw>
<kw name="Wait Until Page Contains" library="SeleniumLibrary">
<doc>Waits until ``text`` appears on current page.</doc>
<arguments>
<arg>First</arg>
</arguments>
<status status="PASS" starttime="20180730 19:05:13.254" endtime="20180730 19:05:13.269"></status>
</kw>
<kw name="Wait Until Page Contains" library="SeleniumLibrary">
<doc>Waits until ``text`` appears on current page.</doc>
<arguments>
<arg>Last</arg>
</arguments>
<status status="PASS" starttime="20180730 19:05:13.269" endtime="20180730 19:05:13.285"></status>
</kw>
<kw name="Wait Until Page Contains" library="SeleniumLibrary">
<doc>Waits until ``text`` appears on current page.</doc>
<arguments>
<arg>1234567890</arg>
</arguments>
<status status="PASS" starttime="20180730 19:05:13.285" endtime="20180730 19:05:13.285"></status>
</kw>
<kw name="Wait Until Page Contains" library="SeleniumLibrary">
<doc>Waits until ``text`` appears on current page.</doc>
<arguments>
<arg>2-13-7/1</arg>
</arguments>
<status status="PASS" starttime="20180730 19:05:13.285" endtime="20180730 19:05:13.300"></status>
</kw>
<kw name="Wait Until Page Contains" library="SeleniumLibrary">
<doc>Waits until ``text`` appears on current page.</doc>
<arguments>
<arg>abcd</arg>
</arguments>
<status status="PASS" starttime="20180730 19:05:13.300" endtime="20180730 19:05:13.316"></status>
</kw>
<kw name="Wait Until Page Contains" library="SeleniumLibrary">
<doc>Waits until ``text`` appears on current page.</doc>
<arguments>
<arg>efgh</arg>
</arguments>
<status status="PASS" starttime="20180730 19:05:13.316" endtime="20180730 19:05:13.316"></status>
</kw>
<kw name="Wait Until Page Contains" library="SeleniumLibrary">
<doc>Waits until ``text`` appears on current page.</doc>
<arguments>
<arg>ijkl</arg>
</arguments>
<status status="PASS" starttime="20180730 19:05:13.316" endtime="20180730 19:05:13.332"></status>
</kw>
<kw name="Wait Until Page Contains" library="SeleniumLibrary">
<doc>Waits until ``text`` appears on current page.</doc>
<arguments>
<arg>West Godavari</arg>
</arguments>
<status status="PASS" starttime="20180730 19:05:13.332" endtime="20180730 19:05:13.347"></status>
</kw>
<kw name="Wait Until Page Contains" library="SeleniumLibrary">
<doc>Waits until ``text`` appears on current page.</doc>
<arguments>
<arg>534101</arg>
</arguments>
<status status="PASS" starttime="20180730 19:05:13.347" endtime="20180730 19:05:13.347"></status>
</kw>
<status status="PASS" starttime="20180730 19:05:10.137" endtime="20180730 19:05:13.347"></status>
</kw>
<kw name="click view" library="users">
<kw name="Click Element" library="SeleniumLibrary">
<doc>Click element identified by ``locator``.</doc>
<arguments>
<arg>//*[@id="content"]/div/div/div[1]/nav/ul/li[4]/a</arg>
</arguments>
<msg timestamp="20180730 19:05:13.347" level="INFO">Clicking element '//*[@id="content"]/div/div/div[1]/nav/ul/li[4]/a'.</msg>
<status status="PASS" starttime="20180730 19:05:13.347" endtime="20180730 19:05:13.413"></status>
</kw>
<kw name="Sleep" library="BuiltIn">
<doc>Pauses the test executed for the given time.</doc>
<arguments>
<arg>3s</arg>
</arguments>
<msg timestamp="20180730 19:05:16.427" level="INFO">Slept 3 seconds</msg>
<status status="PASS" starttime="20180730 19:05:13.414" endtime="20180730 19:05:16.427"></status>
</kw>
<kw name="Wait Until Page Contains Element" library="SeleniumLibrary">
<doc>Waits until element ``locator`` appears on current page.</doc>
<arguments>
<arg>name=view_user</arg>
</arguments>
<status status="PASS" starttime="20180730 19:05:16.427" endtime="20180730 19:05:16.427"></status>
</kw>
<status status="PASS" starttime="20180730 19:05:13.347" endtime="20180730 19:05:16.427"></status>
</kw>
<kw name="view existing user" library="users">
<kw name="Input Text" library="SeleniumLibrary">
<doc>Types the given ``text`` into text field identified by ``locator``.</doc>
<arguments>
<arg>name=username</arg>
<arg>0123456789</arg>
</arguments>
<msg timestamp="20180730 19:05:16.427" level="INFO">Typing text '0123456789' into text field 'name=username'.</msg>
<status status="PASS" starttime="20180730 19:05:16.427" endtime="20180730 19:05:16.514"></status>
</kw>
<kw name="Set Focus To Element" library="SeleniumLibrary">
<doc>Sets focus to element identified by ``locator``.</doc>
<arguments>
<arg>name=user_names</arg>
</arguments>
<status status="PASS" starttime="20180730 19:05:16.515" endtime="20180730 19:05:16.534"></status>
</kw>
<kw name="Sleep" library="BuiltIn">
<doc>Pauses the test executed for the given time.</doc>
<arguments>
<arg>3s</arg>
</arguments>
<msg timestamp="20180730 19:05:19.543" level="INFO">Slept 3 seconds</msg>
<status status="PASS" starttime="20180730 19:05:16.534" endtime="20180730 19:05:19.543"></status>
</kw>
<kw name="Wait Until Page Contains" library="SeleniumLibrary">
<doc>Waits until ``text`` appears on current page.</doc>
<arguments>
<arg>First</arg>
</arguments>
<status status="PASS" starttime="20180730 19:05:19.543" endtime="20180730 19:05:19.543"></status>
</kw>
<kw name="Wait Until Page Contains" library="SeleniumLibrary">
<doc>Waits until ``text`` appears on current page.</doc>
<arguments>
<arg>Last</arg>
</arguments>
<status status="PASS" starttime="20180730 19:05:19.543" endtime="20180730 19:05:19.543"></status>
</kw>
<kw name="Wait Until Page Contains" library="SeleniumLibrary">
<doc>Waits until ``text`` appears on current page.</doc>
<arguments>
<arg>1234567890</arg>
</arguments>
<status status="PASS" starttime="20180730 19:05:19.543" endtime="20180730 19:05:19.559"></status>
</kw>
<kw name="Wait Until Page Contains" library="SeleniumLibrary">
<doc>Waits until ``text`` appears on current page.</doc>
<arguments>
<arg>2-13-7/1</arg>
</arguments>
<status status="PASS" starttime="20180730 19:05:19.559" endtime="20180730 19:05:19.559"></status>
</kw>
<kw name="Wait Until Page Contains" library="SeleniumLibrary">
<doc>Waits until ``text`` appears on current page.</doc>
<arguments>
<arg>abcd</arg>
</arguments>
<status status="PASS" starttime="20180730 19:05:19.559" endtime="20180730 19:05:19.574"></status>
</kw>
<kw name="Wait Until Page Contains" library="SeleniumLibrary">
<doc>Waits until ``text`` appears on current page.</doc>
<arguments>
<arg>efgh</arg>
</arguments>
<status status="PASS" starttime="20180730 19:05:19.574" endtime="20180730 19:05:19.574"></status>
</kw>
<kw name="Wait Until Page Contains" library="SeleniumLibrary">
<doc>Waits until ``text`` appears on current page.</doc>
<arguments>
<arg>ijkl</arg>
</arguments>
<status status="PASS" starttime="20180730 19:05:19.574" endtime="20180730 19:05:19.574"></status>
</kw>
<kw name="Wait Until Page Contains" library="SeleniumLibrary">
<doc>Waits until ``text`` appears on current page.</doc>
<arguments>
<arg>West Godavari</arg>
</arguments>
<status status="PASS" starttime="20180730 19:05:19.574" endtime="20180730 19:05:19.590"></status>
</kw>
<kw name="Wait Until Page Contains" library="SeleniumLibrary">
<doc>Waits until ``text`` appears on current page.</doc>
<arguments>
<arg>534101</arg>
</arguments>
<status status="PASS" starttime="20180730 19:05:19.590" endtime="20180730 19:05:19.590"></status>
</kw>
<status status="PASS" starttime="20180730 19:05:16.427" endtime="20180730 19:05:19.590"></status>
</kw>
<kw name="End Test" library="common" type="teardown">
<kw name="Close Browser" library="SeleniumLibrary">
<doc>Closes the current browser.</doc>
<status status="PASS" starttime="20180730 19:05:19.590" endtime="20180730 19:05:21.795"></status>
</kw>
<status status="PASS" starttime="20180730 19:05:19.590" endtime="20180730 19:05:21.796"></status>
</kw>
<status status="PASS" starttime="20180730 19:03:29.245" endtime="20180730 19:05:21.797" critical="yes"></status>
</test>
<test id="s1-t3" name="Article Finance 1">
<kw name="Begin Test" library="common" type="setup">
<kw name="Open Browser" library="SeleniumLibrary">
<doc>Opens a new browser instance to the given ``url``.</doc>
<arguments>
<arg>${Url}</arg>
<arg>${Browser}</arg>
</arguments>
<msg timestamp="20180730 19:05:21.802" level="INFO">Opening browser 'gc' to base url 'http://localhost/mlf/'.</msg>
<status status="PASS" starttime="20180730 19:05:21.801" endtime="20180730 19:05:25.013"></status>
</kw>
<kw name="Sleep" library="BuiltIn">
<doc>Pauses the test executed for the given time.</doc>
<arguments>
<arg>3s</arg>
</arguments>
<msg timestamp="20180730 19:05:28.029" level="INFO">Slept 3 seconds</msg>
<status status="PASS" starttime="20180730 19:05:25.013" endtime="20180730 19:05:28.029"></status>
</kw>
<kw name="Wait Until Page Contains Element" library="SeleniumLibrary">
<doc>Waits until element ``locator`` appears on current page.</doc>
<arguments>
<arg>//*[@id="homebody"]/div[2]/div/form/div[3]/button</arg>
</arguments>
<status status="PASS" starttime="20180730 19:05:28.029" endtime="20180730 19:05:28.029"></status>
</kw>
<kw name="Maximize Browser Window" library="SeleniumLibrary">
<doc>Maximizes current browser window.</doc>
<status status="PASS" starttime="20180730 19:05:28.029" endtime="20180730 19:05:29.172"></status>
</kw>
<status status="PASS" starttime="20180730 19:05:21.801" endtime="20180730 19:05:29.172"></status>
</kw>
<kw name="valid username and password" library="login">
<kw name="Input Text" library="SeleniumLibrary">
<doc>Types the given ``text`` into text field identified by ``locator``.</doc>
<arguments>
<arg>xpath=//*[@id="homebody"]/div[2]/div/form/div[1]/div/input</arg>
<arg>mlfadmin</arg>
</arguments>
<msg timestamp="20180730 19:05:29.173" level="INFO">Typing text 'mlfadmin' into text field 'xpath=//*[@id="homebody"]/div[2]/div/form/div[1]/div/input'.</msg>
<status status="PASS" starttime="20180730 19:05:29.173" endtime="20180730 19:05:29.286"></status>
</kw>
<kw name="Input Text" library="SeleniumLibrary">
<doc>Types the given ``text`` into text field identified by ``locator``.</doc>
<arguments>
<arg>xpath=//*[@id="homebody"]/div[2]/div/form/div[2]/div/input</arg>
<arg>mlf@123</arg>
</arguments>
<msg timestamp="20180730 19:05:29.287" level="INFO">Typing text 'mlf@123' into text field 'xpath=//*[@id="homebody"]/div[2]/div/form/div[2]/div/input'.</msg>
<status status="PASS" starttime="20180730 19:05:29.286" endtime="20180730 19:05:29.365"></status>
</kw>
<kw name="Click Element" library="SeleniumLibrary">
<doc>Click element identified by ``locator``.</doc>
<arguments>
<arg>xpath=//*[@id="homebody"]/div[2]/div/form/div[3]/button</arg>
</arguments>
<msg timestamp="20180730 19:05:29.366" level="INFO">Clicking element 'xpath=//*[@id="homebody"]/div[2]/div/form/div[3]/button'.</msg>
<status status="PASS" starttime="20180730 19:05:29.366" endtime="20180730 19:05:30.861"></status>
</kw>
<kw name="Sleep" library="BuiltIn">
<doc>Pauses the test executed for the given time.</doc>
<arguments>
<arg>9s</arg>
</arguments>
<msg timestamp="20180730 19:05:39.869" level="INFO">Slept 9 seconds</msg>
<status status="PASS" starttime="20180730 19:05:30.861" endtime="20180730 19:05:39.869"></status>
</kw>
<kw name="Wait Until Page Contains" library="SeleniumLibrary">
<doc>Waits until ``text`` appears on current page.</doc>
<arguments>
<arg>Hello, mlfadmin</arg>
</arguments>
<status status="PASS" starttime="20180730 19:05:39.869" endtime="20180730 19:05:39.869"></status>
</kw>
<status status="PASS" starttime="20180730 19:05:29.173" endtime="20180730 19:05:39.869"></status>
</kw>
<kw name="Clicking Af" library="articalfin">
<kw name="Click Element" library="SeleniumLibrary">
<doc>Click element identified by ``locator``.</doc>
<arguments>
<arg>xpath=//*[@id="link2"]</arg>
</arguments>
<msg timestamp="20180730 19:05:39.869" level="INFO">Clicking element 'xpath=//*[@id="link2"]'.</msg>
<status status="PASS" starttime="20180730 19:05:39.869" endtime="20180730 19:05:39.929"></status>
</kw>
<kw name="Wait Until Page Contains Element" library="SeleniumLibrary">
<doc>Waits until element ``locator`` appears on current page.</doc>
<arguments>
<arg>name=article_finance</arg>
</arguments>
<status status="PASS" starttime="20180730 19:05:39.930" endtime="20180730 19:05:40.195"></status>
</kw>
<kw name="Sleep" library="BuiltIn">
<doc>Pauses the test executed for the given time.</doc>
<arguments>
<arg>5s</arg>
</arguments>
<msg timestamp="20180730 19:05:45.206" level="INFO">Slept 5 seconds</msg>
<status status="PASS" starttime="20180730 19:05:40.195" endtime="20180730 19:05:45.206"></status>
</kw>
<kw name="Focus" library="SeleniumLibrary">
<doc>Deprecated. Use `Set Focus To Element` instead.</doc>
<arguments>
<arg>xpath=//*[@id="inputFirstName"]</arg>
</arguments>
<status status="PASS" starttime="20180730 19:05:45.206" endtime="20180730 19:05:45.224"></status>
</kw>
<status status="PASS" starttime="20180730 19:05:39.869" endtime="20180730 19:05:45.224"></status>
</kw>
<kw name="Giving Wrong Coustemerid in Af" library="articalfin">
<kw name="Input Text" library="SeleniumLibrary">
<doc>Types the given ``text`` into text field identified by ``locator``.</doc>
<arguments>
<arg>xpath=//*[@id="inputFirstName"]</arg>
<arg>831asdsf823</arg>
</arguments>
<msg timestamp="20180730 19:05:45.225" level="INFO">Typing text '831asdsf823' into text field 'xpath=//*[@id="inputFirstName"]'.</msg>
<status status="PASS" starttime="20180730 19:05:45.225" endtime="20180730 19:05:45.318"></status>
</kw>
<kw name="Focus" library="SeleniumLibrary">
<doc>Deprecated. Use `Set Focus To Element` instead.</doc>
<arguments>
<arg>name=ref_no</arg>
</arguments>
<status status="PASS" starttime="20180730 19:05:45.318" endtime="20180730 19:05:45.338"></status>
</kw>
<kw name="Click Button" library="SeleniumLibrary">
<doc>Clicks button identified by ``locator``.</doc>
<arguments>
<arg>xpath=//*[@id="subcontent21"]/div/form/div[11]/button</arg>
</arguments>
<msg timestamp="20180730 19:05:45.338" level="INFO">Clicking button 'xpath=//*[@id="subcontent21"]/div/form/div[11]/button'.</msg>
<status status="PASS" starttime="20180730 19:05:45.338" endtime="20180730 19:05:45.427"></status>
</kw>
<kw name="Sleep" library="BuiltIn">
<doc>Pauses the test executed for the given time.</doc>
<arguments>
<arg>3s</arg>
</arguments>
<msg timestamp="20180730 19:05:48.429" level="INFO">Slept 3 seconds</msg>
<status status="PASS" starttime="20180730 19:05:45.428" endtime="20180730 19:05:48.429"></status>
</kw>
<kw name="Alert Should Be Present" library="SeleniumLibrary">
<doc>Verifies that an alert is present and, by default, accepts it.</doc>
<arguments>
<arg>INVALID CUSTOMER ID</arg>
</arguments>
<status status="PASS" starttime="20180730 19:05:48.429" endtime="20180730 19:05:48.433"></status>
</kw>
<status status="PASS" starttime="20180730 19:05:45.225" endtime="20180730 19:05:48.433"></status>
</kw>
<kw name="Giving Right Coustemerid in Af" library="articalfin">
<kw name="Input Text" library="SeleniumLibrary">
<doc>Types the given ``text`` into text field identified by ``locator``.</doc>
<arguments>
<arg>name=username</arg>
<arg>0123456789</arg>
</arguments>
<msg timestamp="20180730 19:05:48.435" level="INFO">Typing text '0123456789' into text field 'name=username'.</msg>
<status status="PASS" starttime="20180730 19:05:48.434" endtime="20180730 19:05:48.513"></status>
</kw>
<kw name="Focus" library="SeleniumLibrary">
<doc>Deprecated. Use `Set Focus To Element` instead.</doc>
<arguments>
<arg>name=ref_no</arg>
</arguments>
<status status="PASS" starttime="20180730 19:05:48.513" endtime="20180730 19:05:48.528"></status>
</kw>
<kw name="Sleep" library="BuiltIn">
<doc>Pauses the test executed for the given time.</doc>
<arguments>
<arg>3s</arg>
</arguments>
<msg timestamp="20180730 19:05:51.537" level="INFO">Slept 3 seconds</msg>
<status status="PASS" starttime="20180730 19:05:48.528" endtime="20180730 19:05:51.537"></status>
</kw>
[...]
<status status="PASS" starttime="20180730 19:15:33.020" endtime="20180730 19:15:33.107"></status>
</kw>
<kw name="Click Button" library="SeleniumLibrary">
<doc>Clicks button identified by ``locator``.</doc>
<arguments>
<arg>xpath=//*[@id="subcontent"]/div[2]/div/form/div[8]/button</arg>
</arguments>
<msg timestamp="20180730 19:15:33.108" level="INFO">Clicking button 'xpath=//*[@id="subcontent"]/div[2]/div/form/div[8]/button'.</msg>
<status status="PASS" starttime="20180730 19:15:33.108" endtime="20180730 19:15:33.157"></status>
</kw>
<kw name="Sleep" library="BuiltIn">
<doc>Pauses the test executed for the given time.</doc>
<arguments>
<arg>5s</arg>
</arguments>
<msg timestamp="20180730 19:15:38.157" level="INFO">Slept 5 seconds</msg>
<status status="PASS" starttime="20180730 19:15:33.157" endtime="20180730 19:15:38.157"></status>
</kw>
<kw name="Current Frame Contains" library="SeleniumLibrary">
<doc>Deprecated. Use `Current Frame Should Contain` instead.</doc>
<arguments>
<arg>Customer ID</arg>
</arguments>
<msg timestamp="20180730 19:15:38.171" level="INFO">Current frame contains text 'Customer ID'.</msg>
<status status="PASS" starttime="20180730 19:15:38.157" endtime="20180730 19:15:38.171"></status>
</kw>
<status status="PASS" starttime="20180730 19:15:29.919" endtime="20180730 19:15:38.171"></status>
</kw>
<kw name="Giving The DAte In The Accessories Wrong" library="access">
<kw name="Input Text" library="SeleniumLibrary">
<doc>Types the given ``text`` into text field identified by ``locator``.</doc>
<arguments>
<arg>name=username</arg>
<arg>0123456789</arg>
</arguments>
<msg timestamp="20180730 19:15:38.172" level="INFO">Typing text '0123456789' into text field 'name=username'.</msg>
<status status="PASS" starttime="20180730 19:15:38.172" endtime="20180730 19:15:38.233"></status>
</kw>
<kw name="Focus" library="SeleniumLibrary">
<doc>Deprecated. Use `Set Focus To Element` instead.</doc>
<arguments>
<arg>xpath=//*[@id="subcontent"]/div[2]/div/form/div[6]/div[2]/input</arg>
</arguments>
<status status="PASS" starttime="20180730 19:15:38.233" endtime="20180730 19:15:38.249"></status>
</kw>
<kw name="Sleep" library="BuiltIn">
<doc>Pauses the test executed for the given time.</doc>
<arguments>
<arg>2s</arg>
</arguments>
<msg timestamp="20180730 19:15:40.250" level="INFO">Slept 2 seconds</msg>
<status status="PASS" starttime="20180730 19:15:38.249" endtime="20180730 19:15:40.250"></status>
</kw>
<kw name="Select From List By Value" library="SeleniumLibrary">
<doc>Selects options from selection list ``locator`` by ``values``.</doc>
<arguments>
<arg>xpath=//*[@id="serial"]</arg>
<arg>201800001</arg>
</arguments>
<msg timestamp="20180730 19:15:40.250" level="INFO">Selecting options from selection list 'xpath=//*[@id="serial"]' by value 201800001.</msg>
<status status="PASS" starttime="20180730 19:15:40.250" endtime="20180730 19:15:40.276"></status>
</kw>
<kw name="Input Text" library="SeleniumLibrary">
<doc>Types the given ``text`` into text field identified by ``locator``.</doc>
<arguments>
<arg>name=date</arg>
<arg>2019-05-w</arg>
</arguments>
<msg timestamp="20180730 19:15:40.276" level="INFO">Typing text '2019-05-w' into text field 'name=date'.</msg>
<status status="PASS" starttime="20180730 19:15:40.276" endtime="20180730 19:15:40.353"></status>
</kw>
<kw name="Click Button" library="SeleniumLibrary">
<doc>Clicks button identified by ``locator``.</doc>
<arguments>
<arg>xpath=//*[@id="subcontent"]/div[2]/div/form/div[8]/button</arg>
</arguments>
<msg timestamp="20180730 19:15:40.354" level="INFO">Clicking button 'xpath=//*[@id="subcontent"]/div[2]/div/form/div[8]/button'.</msg>
<status status="PASS" starttime="20180730 19:15:40.353" endtime="20180730 19:15:40.403"></status>
</kw>
<kw name="Sleep" library="BuiltIn">
<doc>Pauses the test executed for the given time.</doc>
<arguments>
<arg>5s</arg>
</arguments>
<msg timestamp="20180730 19:15:45.406" level="INFO">Slept 5 seconds</msg>
<status status="PASS" starttime="20180730 19:15:40.404" endtime="20180730 19:15:45.406"></status>
</kw>
<kw name="Current Frame Contains" library="SeleniumLibrary">
<doc>Deprecated. Use `Current Frame Should Contain` instead.</doc>
<arguments>
<arg>Customer ID</arg>
</arguments>
<msg timestamp="20180730 19:15:45.414" level="INFO">Current frame contains text 'Customer ID'.</msg>
<status status="PASS" starttime="20180730 19:15:45.406" endtime="20180730 19:15:45.414"></status>
</kw>
<status status="PASS" starttime="20180730 19:15:38.172" endtime="20180730 19:15:45.415"></status>
</kw>
<kw name="Giving The DAte In The Accessories" library="access">
<kw name="Input Text" library="SeleniumLibrary">
<doc>Types the given ``text`` into text field identified by ``locator``.</doc>
<arguments>
<arg>name=username</arg>
<arg>0123456789</arg>
</arguments>
<msg timestamp="20180730 19:15:45.415" level="INFO">Typing text '0123456789' into text field 'name=username'.</msg>
<status status="PASS" starttime="20180730 19:15:45.415" endtime="20180730 19:15:45.471"></status>
</kw>
<kw name="Focus" library="SeleniumLibrary">
<doc>Deprecated. Use `Set Focus To Element` instead.</doc>
<arguments>
<arg>xpath=//*[@id="subcontent"]/div[2]/div/form/div[6]/div[2]/input</arg>
</arguments>
<status status="PASS" starttime="20180730 19:15:45.471" endtime="20180730 19:15:45.489"></status>
</kw>
<kw name="Sleep" library="BuiltIn">
<doc>Pauses the test executed for the given time.</doc>
<arguments>
<arg>2s</arg>
</arguments>
<msg timestamp="20180730 19:15:47.491" level="INFO">Slept 2 seconds</msg>
<status status="PASS" starttime="20180730 19:15:45.490" endtime="20180730 19:15:47.491"></status>
</kw>
<kw name="Select From List By Value" library="SeleniumLibrary">
<doc>Selects options from selection list ``locator`` by ``values``.</doc>
<arguments>
<arg>xpath=//*[@id="serial"]</arg>
<arg>201800001</arg>
</arguments>
<msg timestamp="20180730 19:15:47.492" level="INFO">Selecting options from selection list 'xpath=//*[@id="serial"]' by value 201800001.</msg>
<status status="PASS" starttime="20180730 19:15:47.492" endtime="20180730 19:15:47.535"></status>
</kw>
<kw name="Input Text" library="SeleniumLibrary">
<doc>Types the given ``text`` into text field identified by ``locator``.</doc>
<arguments>
<arg>xpath=//*[@id="subcontent"]/div[2]/div/form/div[6]/div[2]/input</arg>
<arg>2019-05-12</arg>
</arguments>
<msg timestamp="20180730 19:15:47.535" level="INFO">Typing text '2019-05-12' into text field 'xpath=//*[@id="subcontent"]/div[2]/div/form/div[6]/div[2]/input'.</msg>
<status status="PASS" starttime="20180730 19:15:47.535" endtime="20180730 19:15:47.611"></status>
</kw>
<kw name="Click Button" library="SeleniumLibrary">
<doc>Clicks button identified by ``locator``.</doc>
<arguments>
<arg>xpath=//*[@id="subcontent"]/div[2]/div/form/div[8]/button</arg>
</arguments>
<msg timestamp="20180730 19:15:47.611" level="INFO">Clicking button 'xpath=//*[@id="subcontent"]/div[2]/div/form/div[8]/button'.</msg>
<status status="PASS" starttime="20180730 19:15:47.611" endtime="20180730 19:15:47.667"></status>
</kw>
<kw name="Sleep" library="BuiltIn">
<doc>Pauses the test executed for the given time.</doc>
<arguments>
<arg>9s</arg>
</arguments>
<msg timestamp="20180730 19:15:56.668" level="INFO">Slept 9 seconds</msg>
<status status="PASS" starttime="20180730 19:15:47.667" endtime="20180730 19:15:56.668"></status>
</kw>
<kw name="Current Frame Contains" library="SeleniumLibrary">
<doc>Deprecated. Use `Current Frame Should Contain` instead.</doc>
<arguments>
<arg>Customer ID</arg>
</arguments>
<msg timestamp="20180730 19:15:56.675" level="INFO">Current frame contains text 'Customer ID'.</msg>
<status status="PASS" starttime="20180730 19:15:56.668" endtime="20180730 19:15:56.675"></status>
</kw>
<status status="PASS" starttime="20180730 19:15:45.415" endtime="20180730 19:15:56.675"></status>
</kw>
<kw name="Giving THe Total Amount In THe Accessories Wrong" library="access">
<kw name="Input Text" library="SeleniumLibrary">
<doc>Types the given ``text`` into text field identified by ``locator``.</doc>
<arguments>
<arg>name=username</arg>
<arg>0123456789</arg>
</arguments>
<msg timestamp="20180730 19:15:56.677" level="INFO">Typing text '0123456789' into text field 'name=username'.</msg>
<status status="PASS" starttime="20180730 19:15:56.677" endtime="20180730 19:15:56.746"></status>
</kw>
<kw name="Focus" library="SeleniumLibrary">
<doc>Deprecated. Use `Set Focus To Element` instead.</doc>
<arguments>
<arg>xpath=//*[@id="subcontent"]/div[2]/div/form/div[6]/div[2]/input</arg>
</arguments>
<status status="PASS" starttime="20180730 19:15:56.746" endtime="20180730 19:15:56.762"></status>
</kw>
<kw name="Sleep" library="BuiltIn">
<doc>Pauses the test executed for the given time.</doc>
<arguments>
<arg>2s</arg>
</arguments>
<msg timestamp="20180730 19:15:58.764" level="INFO">Slept 2 seconds</msg>
<status status="PASS" starttime="20180730 19:15:56.762" endtime="20180730 19:15:58.765"></status>
</kw>
<kw name="Select From List By Value" library="SeleniumLibrary">
<doc>Selects options from selection list ``locator`` by ``values``.</doc>
<arguments>
<arg>xpath=//*[@id="serial"]</arg>
<arg>201800001</arg>
</arguments>
<msg timestamp="20180730 19:15:58.765" level="INFO">Selecting options from selection list 'xpath=//*[@id="serial"]' by value 201800001.</msg>
<status status="PASS" starttime="20180730 19:15:58.765" endtime="20180730 19:15:58.790"></status>
</kw>
<kw name="Input Text" library="SeleniumLibrary">
<doc>Types the given ``text`` into text field identified by ``locator``.</doc>
<arguments>
<arg>name=date</arg>
<arg>2019-05-12</arg>
</arguments>
<msg timestamp="20180730 19:15:58.790" level="INFO">Typing text '2019-05-12' into text field 'name=date'.</msg>
<status status="PASS" starttime="20180730 19:15:58.790" endtime="20180730 19:15:58.843"></status>
</kw>
<kw name="Input Text" library="SeleniumLibrary">
<doc>Types the given ``text`` into text field identified by ``locator``.</doc>
<arguments>
<arg>name=cost</arg>
<arg>6752</arg>
</arguments>
<msg timestamp="20180730 19:15:58.843" level="INFO">Typing text '6752' into text field 'name=cost'.</msg>
<status status="PASS" starttime="20180730 19:15:58.843" endtime="20180730 19:15:58.891"></status>
</kw>
<kw name="Sleep" library="BuiltIn">
<doc>Pauses the test executed for the given time.</doc>
<arguments>
<arg>9s</arg>
</arguments>
<msg timestamp="20180730 19:16:07.893" level="INFO">Slept 9 seconds</msg>
<status status="PASS" starttime="20180730 19:15:58.891" endtime="20180730 19:16:07.893"></status>
</kw>
<kw name="Click Button" library="SeleniumLibrary">
<doc>Clicks button identified by ``locator``.</doc>
<arguments>
<arg>xpath=//*[@id="subcontent"]/div[2]/div/form/div[8]/button</arg>
</arguments>
<msg timestamp="20180730 19:16:07.893" level="INFO">Clicking button 'xpath=//*[@id="subcontent"]/div[2]/div/form/div[8]/button'.</msg>
<status status="PASS" starttime="20180730 19:16:07.893" endtime="20180730 19:16:08.083"></status>
</kw>
<kw name="Alert Should Be Present" library="SeleniumLibrary">
<doc>Verifies that an alert is present and, by default, accepts it.</doc>
<arguments>
<arg>SUCESSFULLY SOLD THE PRODUCT</arg>
</arguments>
<status status="PASS" starttime="20180730 19:16:08.084" endtime="20180730 19:16:08.611"></status>
</kw>
<status status="PASS" starttime="20180730 19:15:56.676" endtime="20180730 19:16:08.612"></status>
</kw>
<kw name="Giving THe Total Amount In THe Accessories" library="access">
<kw name="Click Element" library="SeleniumLibrary">
<doc>Click element identified by ``locator``.</doc>
<arguments>
<arg>xpath=//*[@id="subcontent"]/div[2]/div/form/div[1]/div[1]/div[2]/label/span</arg>
</arguments>
<msg timestamp="20180730 19:16:08.615" level="INFO">Clicking element 'xpath=//*[@id="subcontent"]/div[2]/div/form/div[1]/div[1]/div[2]/label/span'.</msg>
<status status="PASS" starttime="20180730 19:16:08.614" endtime="20180730 19:16:08.691"></status>
</kw>
<kw name="Focus" library="SeleniumLibrary">
<doc>Deprecated. Use `Set Focus To Element` instead.</doc>
<arguments>
<arg>xpath=//*[@id="inputFirstName"]</arg>
</arguments>
<status status="PASS" starttime="20180730 19:16:08.691" endtime="20180730 19:16:08.705"></status>
</kw>
<kw name="Input Text" library="SeleniumLibrary">
<doc>Types the given ``text`` into text field identified by ``locator``.</doc>
<arguments>
<arg>name=username</arg>
<arg>0123456789</arg>
</arguments>
<msg timestamp="20180730 19:16:08.706" level="INFO">Typing text '0123456789' into text field 'name=username'.</msg>
<status status="PASS" starttime="20180730 19:16:08.705" endtime="20180730 19:16:08.788"></status>
</kw>
<kw name="Focus" library="SeleniumLibrary">
<doc>Deprecated. Use `Set Focus To Element` instead.</doc>
<arguments>
<arg>xpath=//*[@id="subcontent"]/div[2]/div/form/div[6]/div[2]/input</arg>
</arguments>
<status status="PASS" starttime="20180730 19:16:08.788" endtime="20180730 19:16:08.798"></status>
</kw>
<kw name="Sleep" library="BuiltIn">
<doc>Pauses the test executed for the given time.</doc>
<arguments>
<arg>2s</arg>
</arguments>
<msg timestamp="20180730 19:16:10.799" level="INFO">Slept 2 seconds</msg>
<status status="PASS" starttime="20180730 19:16:08.799" endtime="20180730 19:16:10.799"></status>
</kw>
<kw name="Focus" library="SeleniumLibrary">
<doc>Deprecated. Use `Set Focus To Element` instead.</doc>
<arguments>
<arg>xpath=//*[@id="inputFirstName"]</arg>
</arguments>
<status status="PASS" starttime="20180730 19:16:10.799" endtime="20180730 19:16:10.826"></status>
</kw>
<kw name="Select From List By Value" library="SeleniumLibrary">
<doc>Selects options from selection list ``locator`` by ``values``.</doc>
<arguments>
<arg>xpath=//*[@id="serial"]</arg>
<arg>201800002</arg>
</arguments>
<msg timestamp="20180730 19:16:10.827" level="INFO">Selecting options from selection list 'xpath=//*[@id="serial"]' by value 201800002.</msg>
<status status="PASS" starttime="20180730 19:16:10.826" endtime="20180730 19:16:10.896"></status>
</kw>
<kw name="Sleep" library="BuiltIn">
<doc>Pauses the test executed for the given time.</doc>
<arguments>
<arg>1s</arg>
</arguments>
<msg timestamp="20180730 19:16:11.898" level="INFO">Slept 1 second</msg>
<status status="PASS" starttime="20180730 19:16:10.896" endtime="20180730 19:16:11.898"></status>
</kw>
<kw name="Focus" library="SeleniumLibrary">
<doc>Deprecated. Use `Set Focus To Element` instead.</doc>
<arguments>
<arg>xpath=//*[@id="inputFirstName"]</arg>
</arguments>
<status status="PASS" starttime="20180730 19:16:11.898" endtime="20180730 19:16:11.930"></status>
</kw>
<kw name="Input Text" library="SeleniumLibrary">
<doc>Types the given ``text`` into text field identified by ``locator``.</doc>
<arguments>
<arg>name=date</arg>
<arg>2019-05-12</arg>
</arguments>
<msg timestamp="20180730 19:16:11.930" level="INFO">Typing text '2019-05-12' into text field 'name=date'.</msg>
<status status="PASS" starttime="20180730 19:16:11.930" endtime="20180730 19:16:12.016"></status>
</kw>
<kw name="Input Text" library="SeleniumLibrary">
<doc>Types the given ``text`` into text field identified by ``locator``.</doc>
<arguments>
<arg>name=cost</arg>
<arg>6752</arg>
</arguments>
<msg timestamp="20180730 19:16:12.017" level="INFO">Typing text '6752' into text field 'name=cost'.</msg>
<status status="PASS" starttime="20180730 19:16:12.017" endtime="20180730 19:16:12.074"></status>
</kw>
<kw name="Sleep" library="BuiltIn">
<doc>Pauses the test executed for the given time.</doc>
<arguments>
<arg>9s</arg>
</arguments>
<msg timestamp="20180730 19:16:21.085" level="INFO">Slept 9 seconds</msg>
<status status="PASS" starttime="20180730 19:16:12.074" endtime="20180730 19:16:21.086"></status>
</kw>
<kw name="Click Button" library="SeleniumLibrary">
<doc>Clicks button identified by ``locator``.</doc>
<arguments>
<arg>xpath=//*[@id="subcontent"]/div[2]/div/form/div[8]/button</arg>
</arguments>
<msg timestamp="20180730 19:16:21.088" level="INFO">Clicking button 'xpath=//*[@id="subcontent"]/div[2]/div/form/div[8]/button'.</msg>
<status status="PASS" starttime="20180730 19:16:21.087" endtime="20180730 19:16:21.295"></status>
</kw>
<kw name="Alert Should Be Present" library="SeleniumLibrary">
<doc>Verifies that an alert is present and, by default, accepts it.</doc>
<arguments>
<arg>SUCESSFULLY SOLD THE PRODUCT</arg>
</arguments>
<status status="PASS" starttime="20180730 19:16:21.295" endtime="20180730 19:16:21.804"></status>
</kw>
<status status="PASS" starttime="20180730 19:16:08.613" endtime="20180730 19:16:21.804"></status>
</kw>
<kw name="End Test" library="common" type="teardown">
<kw name="Close Browser" library="SeleniumLibrary">
<doc>Closes the current browser.</doc>
<status status="PASS" starttime="20180730 19:16:21.805" endtime="20180730 19:16:23.949"></status>
</kw>
<status status="PASS" starttime="20180730 19:16:21.804" endtime="20180730 19:16:23.949"></status>
</kw>
<status status="PASS" starttime="20180730 19:14:14.656" endtime="20180730 19:16:23.949" critical="yes"></status>
</test>
<test id="s1-t15" name="Transaction with Artical">
<kw name="Begin Test" library="common" type="setup">
<kw name="Open Browser" library="SeleniumLibrary">
<doc>Opens a new browser instance to the given ``url``.</doc>
<arguments>
<arg>${Url}</arg>
<arg>${Browser}</arg>
</arguments>
<msg timestamp="20180730 19:16:23.949" level="INFO">Opening browser 'gc' to base url 'http://localhost/mlf/'.</msg>
<status status="PASS" starttime="20180730 19:16:23.949" endtime="20180730 19:16:27.181"></status>
</kw>
<kw name="Sleep" library="BuiltIn">
<doc>Pauses the test executed for the given time.</doc>
<arguments>
<arg>3s</arg>
</arguments>
<msg timestamp="20180730 19:16:30.189" level="INFO">Slept 3 seconds</msg>
<status status="PASS" starttime="20180730 19:16:27.181" endtime="20180730 19:16:30.189"></status>
</kw>
<kw name="Wait Until Page Contains Element" library="SeleniumLibrary">
<doc>Waits until element ``locator`` appears on current page.</doc>
<arguments>
<arg>//*[@id="homebody"]/div[2]/div/form/div[3]/button</arg>
</arguments>
<status status="PASS" starttime="20180730 19:16:30.189" endtime="20180730 19:16:30.221"></status>
</kw>
<kw name="Maximize Browser Window" library="SeleniumLibrary">
<doc>Maximizes current browser window.</doc>
<status status="PASS" starttime="20180730 19:16:30.221" endtime="20180730 19:16:31.358"></status>
</kw>
<status status="PASS" starttime="20180730 19:16:23.949" endtime="20180730 19:16:31.358"></status>
</kw>
<kw name="valid username and password" library="login">
<kw name="Input Text" library="SeleniumLibrary">
<doc>Types the given ``text`` into text field identified by ``locator``.</doc>
<arguments>
<arg>xpath=//*[@id="homebody"]/div[2]/div/form/div[1]/div/input</arg>
<arg>mlfadmin</arg>
</arguments>
<msg timestamp="20180730 19:16:31.358" level="INFO">Typing text 'mlfadmin' into text field 'xpath=//*[@id="homebody"]/div[2]/div/form/div[1]/div/input'.</msg>
<status status="PASS" starttime="20180730 19:16:31.358" endtime="20180730 19:16:31.467"></status>
</kw>
<kw name="Input Text" library="SeleniumLibrary">
<doc>Types the given ``text`` into text field identified by ``locator``.</doc>
<arguments>
<arg>xpath=//*[@id="homebody"]/div[2]/div/form/div[2]/div/input</arg>
<arg>mlf@123</arg>
</arguments>
<msg timestamp="20180730 19:16:31.468" level="INFO">Typing text 'mlf@123' into text field 'xpath=//*[@id="homebody"]/div[2]/div/form/div[2]/div/input'.</msg>
<status status="PASS" starttime="20180730 19:16:31.468" endtime="20180730 19:16:31.562"></status>
</kw>
<kw name="Click Element" library="SeleniumLibrary">
<doc>Click element identified by ``locator``.</doc>
<arguments>
<arg>xpath=//*[@id="homebody"]/div[2]/div/form/div[3]/button</arg>
</arguments>
<msg timestamp="20180730 19:16:31.562" level="INFO">Clicking element 'xpath=//*[@id="homebody"]/div[2]/div/form/div[3]/button'.